{"/home/runner/work/alf.io/alf.io/frontend/projects/public/src/app/language.guard.ts": {"path":"/home/runner/work/alf.io/alf.io/frontend/projects/public/src/app/language.guard.ts","statementMap":{"0":{"start":{"line":18,"column":7},"end":{"line":93,"column":null}},"1":{"start":{"line":20,"column":16},"end":{"line":20,"column":40}},"2":{"start":{"line":21,"column":16},"end":{"line":21,"column":62}},"3":{"start":{"line":22,"column":16},"end":{"line":22,"column":43}},"4":{"start":{"line":29,"column":31},"end":{"line":29,"column":55}},"5":{"start":{"line":30,"column":26},"end":{"line":30,"column":65}},"6":{"start":{"line":32,"column":42},"end":{"line":32,"column":56}},"7":{"start":{"line":34,"column":12},"end":{"line":34,"column":60}},"8":{"start":{"line":36,"column":12},"end":{"line":38,"column":34}},"9":{"start":{"line":40,"column":8},"end":{"line":53,"column":null}},"10":{"start":{"line":42,"column":29},"end":{"line":45,"column":null}},"11":{"start":{"line":47,"column":16},"end":{"line":51,"column":null}},"12":{"start":{"line":60,"column":8},"end":{"line":63,"column":null}},"13":{"start":{"line":62,"column":29},"end":{"line":62,"column":68}},"14":{"start":{"line":62,"column":59},"end":{"line":62,"column":67}},"15":{"start":{"line":63,"column":38},"end":{"line":63,"column":54}},"16":{"start":{"line":67,"column":8},"end":{"line":69,"column":null}},"17":{"start":{"line":69,"column":37},"end":{"line":69,"column":67}},"18":{"start":{"line":69,"column":58},"end":{"line":69,"column":66}},"19":{"start":{"line":78,"column":8},"end":{"line":91,"column":null}},"20":{"start":{"line":79,"column":12},"end":{"line":79,"column":null}},"21":{"start":{"line":80,"column":15},"end":{"line":91,"column":null}},"22":{"start":{"line":81,"column":12},"end":{"line":81,"column":null}},"23":{"start":{"line":82,"column":15},"end":{"line":91,"column":null}},"24":{"start":{"line":85,"column":12},"end":{"line":85,"column":null}},"25":{"start":{"line":86,"column":15},"end":{"line":91,"column":null}},"26":{"start":{"line":88,"column":12},"end":{"line":88,"column":null}},"27":{"start":{"line":90,"column":12},"end":{"line":90,"column":null}},"28":{"start":{"line":92,"column":8},"end":{"line":92,"column":null}},"29":{"start":{"line":18,"column":13},"end":{"line":94,"column":null}}},"fnMap":{"0":{"name":"constructor","decl":{"start":{"line":19,"column":4},"end":{"line":19,"column":null}},"loc":{"start":{"line":22,"column":43},"end":{"line":23,"column":null}},"line":22},"1":{"name":"canActivate","decl":{"start":{"line":25,"column":4},"end":{"line":25,"column":15}},"loc":{"start":{"line":27,"column":34},"end":{"line":54,"column":null}},"line":27},"2":{"name":"(anonymous_2)","decl":{"start":{"line":41,"column":22},"end":{"line":41,"column":23}},"loc":{"start":{"line":41,"column":45},"end":{"line":52,"column":13}},"line":41},"3":{"name":"getForContext","decl":{"start":{"line":56,"column":12},"end":{"line":56,"column":25}},"loc":{"start":{"line":58,"column":32},"end":{"line":64,"column":null}},"line":58},"4":{"name":"(anonymous_4)","decl":{"start":{"line":62,"column":22},"end":{"line":62,"column":23}},"loc":{"start":{"line":62,"column":29},"end":{"line":62,"column":68}},"line":62},"5":{"name":"(anonymous_5)","decl":{"start":{"line":62,"column":52},"end":{"line":62,"column":53}},"loc":{"start":{"line":62,"column":59},"end":{"line":62,"column":67}},"line":62},"6":{"name":"(anonymous_6)","decl":{"start":{"line":63,"column":29},"end":{"line":63,"column":30}},"loc":{"start":{"line":63,"column":38},"end":{"line":63,"column":54}},"line":63},"7":{"name":"getForApp","decl":{"start":{"line":66,"column":12},"end":{"line":66,"column":21}},"loc":{"start":{"line":66,"column":21},"end":{"line":70,"column":null}},"line":66},"8":{"name":"(anonymous_8)","decl":{"start":{"line":69,"column":22},"end":{"line":69,"column":23}},"loc":{"start":{"line":69,"column":37},"end":{"line":69,"column":67}},"line":69},"9":{"name":"(anonymous_9)","decl":{"start":{"line":69,"column":51},"end":{"line":69,"column":52}},"loc":{"start":{"line":69,"column":58},"end":{"line":69,"column":66}},"line":69},"10":{"name":"extractLang","decl":{"start":{"line":72,"column":12},"end":{"line":72,"column":23}},"loc":{"start":{"line":75,"column":24},"end":{"line":93,"column":null}},"line":75}},"branchMap":{"0":{"loc":{"start":{"line":36,"column":12},"end":{"line":38,"column":34}},"type":"cond-expr","locations":[{"start":{"line":37,"column":18},"end":{"line":37,"column":null}},{"start":{"line":38,"column":18},"end":{"line":38,"column":34}}],"line":36},"1":{"loc":{"start":{"line":36,"column":12},"end":{"line":36,"column":null}},"type":"binary-expr","locations":[{"start":{"line":36,"column":12},"end":{"line":36,"column":16}},{"start":{"line":36,"column":20},"end":{"line":36,"column":null}}],"line":36},"2":{"loc":{"start":{"line":78,"column":8},"end":{"line":91,"column":null}},"type":"if","locations":[{"start":{"line":78,"column":8},"end":{"line":91,"column":null}},{"start":{"line":80,"column":15},"end":{"line":91,"column":null}}],"line":78},"3":{"loc":{"start":{"line":78,"column":12},"end":{"line":78,"column":65}},"type":"binary-expr","locations":[{"start":{"line":78,"column":12},"end":{"line":78,"column":20}},{"start":{"line":78,"column":24},"end":{"line":78,"column":65}}],"line":78},"4":{"loc":{"start":{"line":80,"column":15},"end":{"line":91,"column":null}},"type":"if","locations":[{"start":{"line":80,"column":15},"end":{"line":91,"column":null}},{"start":{"line":82,"column":15},"end":{"line":91,"column":null}}],"line":80},"5":{"loc":{"start":{"line":82,"column":15},"end":{"line":91,"column":null}},"type":"if","locations":[{"start":{"line":82,"column":15},"end":{"line":91,"column":null}},{"start":{"line":86,"column":15},"end":{"line":91,"column":null}}],"line":82},"6":{"loc":{"start":{"line":86,"column":15},"end":{"line":91,"column":null}},"type":"if","locations":[{"start":{"line":86,"column":15},"end":{"line":91,"column":null}},{"start":{"line":89,"column":15},"end":{"line":91,"column":null}}],"line":86}},"s":{"0":1,"1":9,"2":9,"3":9,"4":9,"5":9,"6":9,"7":9,"8":9,"9":9,"10":9,"11":9,"12":8,"13":7,"14":14,"15":1,"16":2,"17":2,"18":2,"19":9,"20":1,"21":8,"22":2,"23":6,"24":4,"25":2,"26":2,"27":0,"28":9,"29":1},"f":{"0":9,"1":9,"2":9,"3":8,"4":7,"5":14,"6":1,"7":2,"8":2,"9":2,"10":9},"b":{"0":[8,1],"1":[9,8],"2":[1,8],"3":[9,1],"4":[2,6],"5":[4,2],"6":[2,0]},"meta":{"lastBranch":7,"lastFunction":11,"lastStatement":30,"seen":{"s:18:7:93:Infinity":0,"f:19:4:19:Infinity":0,"s:20:16:20:40":1,"s:21:16:21:62":2,"s:22:16:22:43":3,"f:25:4:25:15":1,"s:29:31:29:55":4,"s:30:26:30:65":5,"s:32:42:32:56":6,"s:34:12:34:60":7,"s:36:12:38:34":8,"b:37:18:37:Infinity:38:18:38:34":0,"b:36:12:36:16:36:20:36:Infinity":1,"s:40:8:53:Infinity":9,"f:41:22:41:23":2,"s:42:29:45:Infinity":10,"s:47:16:51:Infinity":11,"f:56:12:56:25":3,"s:60:8:63:Infinity":12,"f:62:22:62:23":4,"s:62:29:62:68":13,"f:62:52:62:53":5,"s:62:59:62:67":14,"f:63:29:63:30":6,"s:63:38:63:54":15,"f:66:12:66:21":7,"s:67:8:69:Infinity":16,"f:69:22:69:23":8,"s:69:37:69:67":17,"f:69:51:69:52":9,"s:69:58:69:66":18,"f:72:12:72:23":10,"b:78:8:91:Infinity:80:15:91:Infinity":2,"s:78:8:91:Infinity":19,"b:78:12:78:20:78:24:78:65":3,"s:79:12:79:Infinity":20,"b:80:15:91:Infinity:82:15:91:Infinity":4,"s:80:15:91:Infinity":21,"s:81:12:81:Infinity":22,"b:82:15:91:Infinity:86:15:91:Infinity":5,"s:82:15:91:Infinity":23,"s:85:12:85:Infinity":24,"b:86:15:91:Infinity:89:15:91:Infinity":6,"s:86:15:91:Infinity":25,"s:88:12:88:Infinity":26,"s:90:12:90:Infinity":27,"s:92:8:92:Infinity":28,"s:18:13:94:Infinity":29}}}
,"/home/runner/work/alf.io/alf.io/frontend/projects/public/src/app/model/embedding-configuration.ts": {"path":"/home/runner/work/alf.io/alf.io/frontend/projects/public/src/app/model/embedding-configuration.ts","statementMap":{"0":{"start":{"line":5,"column":15},"end":{"line":5,"column":40}},"1":{"start":{"line":6,"column":15},"end":{"line":6,"column":25}},"2":{"start":{"line":7,"column":15},"end":{"line":7,"column":29}}},"fnMap":{"0":{"name":"constructor","decl":{"start":{"line":4,"column":4},"end":{"line":4,"column":null}},"loc":{"start":{"line":7,"column":29},"end":{"line":8,"column":null}},"line":7}},"branchMap":{},"s":{"0":9,"1":9,"2":9},"f":{"0":9},"b":{},"meta":{"lastBranch":0,"lastFunction":1,"lastStatement":3,"seen":{"f:4:4:4:Infinity":0,"s:5:15:5:40":0,"s:6:15:6:25":1,"s:7:15:7:29":2}}}
,"/home/runner/work/alf.io/alf.io/frontend/projects/public/src/app/model/event.ts": {"path":"/home/runner/work/alf.io/alf.io/frontend/projects/public/src/app/model/event.ts","statementMap":{"0":{"start":{"line":73,"column":4},"end":{"line":75,"column":null}},"1":{"start":{"line":156,"column":4},"end":{"line":209,"column":null}}},"fnMap":{"0":{"name":"constructor","decl":{"start":{"line":15,"column":0},"end":{"line":15,"column":6}},"loc":{"start":{"line":15,"column":0},"end":{"line":76,"column":null}},"line":15}},"branchMap":{},"s":{"0":2,"1":3},"f":{"0":2},"b":{},"meta":{"lastBranch":0,"lastFunction":1,"lastStatement":2,"seen":{"f:15:0:15:6":0,"s:73:4:75:Infinity":0,"s:156:4:209:Infinity":1}}}
,"/home/runner/work/alf.io/alf.io/frontend/projects/public/src/app/model/search-params.ts": {"path":"/home/runner/work/alf.io/alf.io/frontend/projects/public/src/app/model/search-params.ts","statementMap":{"0":{"start":{"line":6,"column":16},"end":{"line":6,"column":36}},"1":{"start":{"line":7,"column":16},"end":{"line":7,"column":33}},"2":{"start":{"line":8,"column":15},"end":{"line":8,"column":36}},"3":{"start":{"line":9,"column":16},"end":{"line":9,"column":35}},"4":{"start":{"line":16,"column":8},"end":{"line":21,"column":null}},"5":{"start":{"line":25,"column":8},"end":{"line":28,"column":null}},"6":{"start":{"line":32,"column":8},"end":{"line":34,"column":null}},"7":{"start":{"line":38,"column":8},"end":{"line":38,"column":null}},"8":{"start":{"line":44,"column":73},"end":{"line":44,"column":75}},"9":{"start":{"line":45,"column":8},"end":{"line":47,"column":null}},"10":{"start":{"line":46,"column":12},"end":{"line":46,"column":null}},"11":{"start":{"line":48,"column":8},"end":{"line":50,"column":null}},"12":{"start":{"line":49,"column":12},"end":{"line":49,"column":null}},"13":{"start":{"line":51,"column":8},"end":{"line":53,"column":null}},"14":{"start":{"line":52,"column":12},"end":{"line":52,"column":null}},"15":{"start":{"line":54,"column":8},"end":{"line":56,"column":null}},"16":{"start":{"line":55,"column":12},"end":{"line":55,"column":null}},"17":{"start":{"line":57,"column":8},"end":{"line":57,"column":null}}},"fnMap":{"0":{"name":"constructor","decl":{"start":{"line":5,"column":4},"end":{"line":5,"column":null}},"loc":{"start":{"line":9,"column":35},"end":{"line":10,"column":null}},"line":9},"1":{"name":"fromQueryAndPathParams","decl":{"start":{"line":12,"column":18},"end":{"line":12,"column":40}},"loc":{"start":{"line":14,"column":26},"end":{"line":22,"column":null}},"line":14},"2":{"name":"transformParams","decl":{"start":{"line":24,"column":18},"end":{"line":24,"column":33}},"loc":{"start":{"line":24,"column":68},"end":{"line":29,"column":null}},"line":24},"3":{"name":"toHttpParams","decl":{"start":{"line":31,"column":11},"end":{"line":31,"column":23}},"loc":{"start":{"line":31,"column":23},"end":{"line":35,"column":null}},"line":31},"4":{"name":"toParams","decl":{"start":{"line":37,"column":11},"end":{"line":37,"column":19}},"loc":{"start":{"line":37,"column":19},"end":{"line":39,"column":null}},"line":37},"5":{"name":"extractParams","decl":{"start":{"line":41,"column":12},"end":{"line":41,"column":25}},"loc":{"start":{"line":41,"column":25},"end":{"line":58,"column":null}},"line":41}},"branchMap":{"0":{"loc":{"start":{"line":45,"column":8},"end":{"line":47,"column":null}},"type":"if","locations":[{"start":{"line":45,"column":8},"end":{"line":47,"column":null}},{"start":{},"end":{}}],"line":45},"1":{"loc":{"start":{"line":48,"column":8},"end":{"line":50,"column":null}},"type":"if","locations":[{"start":{"line":48,"column":8},"end":{"line":50,"column":null}},{"start":{},"end":{}}],"line":48},"2":{"loc":{"start":{"line":51,"column":8},"end":{"line":53,"column":null}},"type":"if","locations":[{"start":{"line":51,"column":8},"end":{"line":53,"column":null}},{"start":{},"end":{}}],"line":51},"3":{"loc":{"start":{"line":54,"column":8},"end":{"line":56,"column":null}},"type":"if","locations":[{"start":{"line":54,"column":8},"end":{"line":56,"column":null}},{"start":{},"end":{}}],"line":54}},"s":{"0":36,"1":36,"2":36,"3":36,"4":12,"5":9,"6":3,"7":11,"8":14,"9":14,"10":3,"11":14,"12":3,"13":14,"14":4,"15":14,"16":6,"17":14},"f":{"0":36,"1":5,"2":5,"3":3,"4":11,"5":14},"b":{"0":[3,11],"1":[3,11],"2":[4,10],"3":[6,8]},"meta":{"lastBranch":4,"lastFunction":6,"lastStatement":18,"seen":{"f:5:4:5:Infinity":0,"s:6:16:6:36":0,"s:7:16:7:33":1,"s:8:15:8:36":2,"s:9:16:9:35":3,"f:12:18:12:40":1,"s:16:8:21:Infinity":4,"f:24:18:24:33":2,"s:25:8:28:Infinity":5,"f:31:11:31:23":3,"s:32:8:34:Infinity":6,"f:37:11:37:19":4,"s:38:8:38:Infinity":7,"f:41:12:41:25":5,"s:44:73:44:75":8,"b:45:8:47:Infinity:undefined:undefined:undefined:undefined":0,"s:45:8:47:Infinity":9,"s:46:12:46:Infinity":10,"b:48:8:50:Infinity:undefined:undefined:undefined:undefined":1,"s:48:8:50:Infinity":11,"s:49:12:49:Infinity":12,"b:51:8:53:Infinity:undefined:undefined:undefined:undefined":2,"s:51:8:53:Infinity":13,"s:52:12:52:Infinity":14,"b:54:8:56:Infinity:undefined:undefined:undefined:undefined":3,"s:54:8:56:Infinity":15,"s:55:12:55:Infinity":16,"s:57:8:57:Infinity":17}}}
,"/home/runner/work/alf.io/alf.io/frontend/projects/public/src/app/model/user.ts": {"path":"/home/runner/work/alf.io/alf.io/frontend/projects/public/src/app/model/user.ts","statementMap":{"0":{"start":{"line":31,"column":31},"end":{"line":31,"column":33}}},"fnMap":{},"branchMap":{},"s":{"0":2},"f":{},"b":{},"meta":{"lastBranch":0,"lastFunction":0,"lastStatement":1,"seen":{"s:31:31:31:33":0}}}
,"/home/runner/work/alf.io/alf.io/frontend/projects/public/src/app/model/validated-response.ts": {"path":"/home/runner/work/alf.io/alf.io/frontend/projects/public/src/app/model/validated-response.ts","statementMap":{},"fnMap":{},"branchMap":{},"s":{},"f":{},"b":{},"meta":{"lastBranch":0,"lastFunction":0,"lastStatement":0,"seen":{}}}
,"/home/runner/work/alf.io/alf.io/frontend/projects/public/src/app/payment/payment-provider.ts": {"path":"/home/runner/work/alf.io/alf.io/frontend/projects/public/src/app/payment/payment-provider.ts","statementMap":{"0":{"start":{"line":11,"column":15},"end":{"line":11,"column":31}},"1":{"start":{"line":12,"column":15},"end":{"line":12,"column":35}},"2":{"start":{"line":13,"column":15},"end":{"line":13,"column":32}},"3":{"start":{"line":14,"column":15},"end":{"line":14,"column":36}},"4":{"start":{"line":20,"column":15},"end":{"line":20,"column":31}},"5":{"start":{"line":21,"column":15},"end":{"line":21,"column":37}},"6":{"start":{"line":27,"column":8},"end":{"line":27,"column":null}},"7":{"start":{"line":31,"column":8},"end":{"line":31,"column":null}},"8":{"start":{"line":35,"column":8},"end":{"line":35,"column":null}}},"fnMap":{"0":{"name":"constructor","decl":{"start":{"line":10,"column":4},"end":{"line":10,"column":null}},"loc":{"start":{"line":14,"column":41},"end":{"line":15,"column":null}},"line":14},"1":{"name":"constructor","decl":{"start":{"line":19,"column":4},"end":{"line":19,"column":null}},"loc":{"start":{"line":21,"column":37},"end":{"line":22,"column":null}},"line":21},"2":{"name":"pay","decl":{"start":{"line":26,"column":4},"end":{"line":26,"column":7}},"loc":{"start":{"line":26,"column":7},"end":{"line":28,"column":null}},"line":26},"3":{"name":"paymentMethodDeferred","decl":{"start":{"line":30,"column":8},"end":{"line":30,"column":29}},"loc":{"start":{"line":30,"column":29},"end":{"line":32,"column":null}},"line":30},"4":{"name":"statusNotifications","decl":{"start":{"line":34,"column":4},"end":{"line":34,"column":23}},"loc":{"start":{"line":34,"column":23},"end":{"line":36,"column":null}},"line":34}},"branchMap":{"0":{"loc":{"start":{"line":13,"column":15},"end":{"line":13,"column":36}},"type":"default-arg","locations":[{"start":{"line":13,"column":32},"end":{"line":13,"column":36}}],"line":13},"1":{"loc":{"start":{"line":14,"column":15},"end":{"line":14,"column":41}},"type":"default-arg","locations":[{"start":{"line":14,"column":36},"end":{"line":14,"column":41}}],"line":14}},"s":{"0":6,"1":6,"2":6,"3":6,"4":3,"5":3,"6":1,"7":5,"8":1},"f":{"0":6,"1":3,"2":1,"3":5,"4":1},"b":{"0":[6],"1":[6]},"meta":{"lastBranch":2,"lastFunction":5,"lastStatement":9,"seen":{"f:10:4:10:Infinity":0,"b:13:32:13:36":0,"b:14:36:14:41":1,"s:11:15:11:31":0,"s:12:15:12:35":1,"s:13:15:13:32":2,"s:14:15:14:36":3,"f:19:4:19:Infinity":1,"s:20:15:20:31":4,"s:21:15:21:37":5,"f:26:4:26:7":2,"s:27:8:27:Infinity":6,"f:30:8:30:29":3,"s:31:8:31:Infinity":7,"f:34:4:34:23":4,"s:35:8:35:Infinity":8}}}
,"/home/runner/work/alf.io/alf.io/frontend/projects/public/src/app/payment/test-data.ts": {"path":"/home/runner/work/alf.io/alf.io/frontend/projects/public/src/app/payment/test-data.ts","statementMap":{"0":{"start":{"line":6,"column":52},"end":{"line":57,"column":null}},"1":{"start":{"line":59,"column":52},"end":{"line":85,"column":null}},"2":{"start":{"line":87,"column":32},"end":{"line":106,"column":null}},"3":{"start":{"line":112,"column":35},"end":{"line":116,"column":2}},"4":{"start":{"line":112,"column":57},"end":{"line":116,"column":2}},"5":{"start":{"line":113,"column":22},"end":{"line":115,"column":6}},"6":{"start":{"line":125,"column":65},"end":{"line":140,"column":null}}},"fnMap":{"0":{"name":"(anonymous_0)","decl":{"start":{"line":112,"column":35},"end":{"line":112,"column":53}},"loc":{"start":{"line":112,"column":57},"end":{"line":116,"column":2}},"line":112},"1":{"name":"(anonymous_1)","decl":{"start":{"line":113,"column":15},"end":{"line":113,"column":18}},"loc":{"start":{"line":113,"column":22},"end":{"line":115,"column":6}},"line":113}},"branchMap":{},"s":{"0":2,"1":2,"2":2,"3":2,"4":0,"5":0,"6":2},"f":{"0":0,"1":0},"b":{},"meta":{"lastBranch":0,"lastFunction":2,"lastStatement":7,"seen":{"s:6:52:57:Infinity":0,"s:59:52:85:Infinity":1,"s:87:32:106:Infinity":2,"s:112:35:116:2":3,"f:112:35:112:53":0,"s:112:57:116:2":4,"f:113:15:113:18":1,"s:113:22:115:6":5,"s:125:65:140:Infinity":6}}}
,"/home/runner/work/alf.io/alf.io/frontend/projects/public/src/app/payment/custom-offline-payment-proxy/custom-offline-payment-provider.ts": {"path":"/home/runner/work/alf.io/alf.io/frontend/projects/public/src/app/payment/custom-offline-payment-proxy/custom-offline-payment-provider.ts","statementMap":{"0":{"start":{"line":5,"column":8},"end":{"line":5,"column":null}}},"fnMap":{"0":{"name":"paymentMethodDeferred","decl":{"start":{"line":4,"column":17},"end":{"line":4,"column":38}},"loc":{"start":{"line":4,"column":38},"end":{"line":6,"column":null}},"line":4}},"branchMap":{},"s":{"0":0},"f":{"0":0},"b":{},"meta":{"lastBranch":0,"lastFunction":1,"lastStatement":1,"seen":{"f:4:17:4:38":0,"s:5:8:5:Infinity":0}}}
,"/home/runner/work/alf.io/alf.io/frontend/projects/public/src/app/payment/custom-offline-payment-proxy/custom-offline-payment-proxy.component.ts": {"path":"/home/runner/work/alf.io/alf.io/frontend/projects/public/src/app/payment/custom-offline-payment-proxy/custom-offline-payment-proxy.component.ts","statementMap":{"0":{"start":{"line":23,"column":7},"end":{"line":39,"column":null}},"1":{"start":{"line":43,"column":24},"end":{"line":43,"column":48}},"2":{"start":{"line":40,"column":4},"end":{"line":41,"column":null}},"3":{"start":{"line":46,"column":8},"end":{"line":51,"column":null}},"4":{"start":{"line":50,"column":12},"end":{"line":50,"column":null}},"5":{"start":{"line":55,"column":8},"end":{"line":57,"column":null}},"6":{"start":{"line":56,"column":12},"end":{"line":56,"column":null}},"7":{"start":{"line":59,"column":8},"end":{"line":63,"column":null}},"8":{"start":{"line":61,"column":24},"end":{"line":61,"column":58}},"9":{"start":{"line":67,"column":28},"end":{"line":67,"column":61}},"10":{"start":{"line":68,"column":28},"end":{"line":69,"column":null}},"11":{"start":{"line":69,"column":20},"end":{"line":69,"column":54}},"12":{"start":{"line":71,"column":8},"end":{"line":73,"column":null}},"13":{"start":{"line":72,"column":12},"end":{"line":72,"column":null}},"14":{"start":{"line":75,"column":23},"end":{"line":75,"column":35}},"15":{"start":{"line":78,"column":12},"end":{"line":79,"column":54}},"16":{"start":{"line":80,"column":8},"end":{"line":83,"column":null}},"17":{"start":{"line":81,"column":12},"end":{"line":82,"column":null}},"18":{"start":{"line":85,"column":8},"end":{"line":85,"column":null}},"19":{"start":{"line":23,"column":13},"end":{"line":87,"column":null}}},"fnMap":{"0":{"name":"constructor","decl":{"start":{"line":43,"column":4},"end":{"line":43,"column":24}},"loc":{"start":{"line":43,"column":48},"end":{"line":43,"column":null}},"line":43},"1":{"name":"ngOnChanges","decl":{"start":{"line":45,"column":4},"end":{"line":45,"column":15}},"loc":{"start":{"line":45,"column":38},"end":{"line":52,"column":null}},"line":45},"2":{"name":"matchProxyAndMethod","decl":{"start":{"line":54,"column":15},"end":{"line":54,"column":34}},"loc":{"start":{"line":54,"column":34},"end":{"line":64,"column":null}},"line":54},"3":{"name":"(anonymous_3)","decl":{"start":{"line":61,"column":16},"end":{"line":61,"column":17}},"loc":{"start":{"line":61,"column":24},"end":{"line":61,"column":58}},"line":61},"4":{"name":"selectedPaymentMethodDescription","decl":{"start":{"line":66,"column":8},"end":{"line":66,"column":40}},"loc":{"start":{"line":66,"column":40},"end":{"line":86,"column":null}},"line":66},"5":{"name":"(anonymous_5)","decl":{"start":{"line":69,"column":12},"end":{"line":69,"column":13}},"loc":{"start":{"line":69,"column":20},"end":{"line":69,"column":54}},"line":69}},"branchMap":{"0":{"loc":{"start":{"line":46,"column":8},"end":{"line":51,"column":null}},"type":"if","locations":[{"start":{"line":46,"column":8},"end":{"line":51,"column":null}},{"start":{},"end":{}}],"line":46},"1":{"loc":{"start":{"line":47,"column":12},"end":{"line":48,"column":62}},"type":"binary-expr","locations":[{"start":{"line":47,"column":12},"end":{"line":47,"column":36}},{"start":{"line":48,"column":13},"end":{"line":48,"column":30}},{"start":{"line":48,"column":34},"end":{"line":48,"column":61}}],"line":47},"2":{"loc":{"start":{"line":55,"column":8},"end":{"line":57,"column":null}},"type":"if","locations":[{"start":{"line":55,"column":8},"end":{"line":57,"column":null}},{"start":{},"end":{}}],"line":55},"3":{"loc":{"start":{"line":55,"column":12},"end":{"line":55,"column":50}},"type":"binary-expr","locations":[{"start":{"line":55,"column":12},"end":{"line":55,"column":24}},{"start":{"line":55,"column":28},"end":{"line":55,"column":50}}],"line":55},"4":{"loc":{"start":{"line":60,"column":12},"end":{"line":62,"column":48}},"type":"binary-expr","locations":[{"start":{"line":60,"column":12},"end":{"line":61,"column":null}},{"start":{"line":62,"column":17},"end":{"line":62,"column":48}}],"line":60},"5":{"loc":{"start":{"line":71,"column":8},"end":{"line":73,"column":null}},"type":"if","locations":[{"start":{"line":71,"column":8},"end":{"line":73,"column":null}},{"start":{},"end":{}}],"line":71},"6":{"loc":{"start":{"line":78,"column":12},"end":{"line":79,"column":54}},"type":"binary-expr","locations":[{"start":{"line":78,"column":12},"end":{"line":78,"column":58}},{"start":{"line":79,"column":12},"end":{"line":79,"column":54}}],"line":78},"7":{"loc":{"start":{"line":80,"column":8},"end":{"line":83,"column":null}},"type":"if","locations":[{"start":{"line":80,"column":8},"end":{"line":83,"column":null}},{"start":{},"end":{}}],"line":80}},"s":{"0":1,"1":14,"2":14,"3":3,"4":2,"5":9,"6":2,"7":7,"8":8,"9":5,"10":5,"11":5,"12":5,"13":2,"14":3,"15":3,"16":5,"17":2,"18":3,"19":1},"f":{"0":14,"1":3,"2":9,"3":8,"4":5,"5":5},"b":{"0":[2,1],"1":[3,2,1],"2":[2,7],"3":[9,8],"4":[7,4],"5":[2,3],"6":[3,0],"7":[2,3]},"meta":{"lastBranch":8,"lastFunction":6,"lastStatement":20,"seen":{"s:23:7:39:Infinity":0,"f:43:4:43:24":0,"s:43:24:43:48":1,"s:40:4:41:Infinity":2,"f:45:4:45:15":1,"b:46:8:51:Infinity:undefined:undefined:undefined:undefined":0,"s:46:8:51:Infinity":3,"b:47:12:47:36:48:13:48:30:48:34:48:61":1,"s:50:12:50:Infinity":4,"f:54:15:54:34":2,"b:55:8:57:Infinity:undefined:undefined:undefined:undefined":2,"s:55:8:57:Infinity":5,"b:55:12:55:24:55:28:55:50":3,"s:56:12:56:Infinity":6,"s:59:8:63:Infinity":7,"b:60:12:61:Infinity:62:17:62:48":4,"f:61:16:61:17":3,"s:61:24:61:58":8,"f:66:8:66:40":4,"s:67:28:67:61":9,"s:68:28:69:Infinity":10,"f:69:12:69:13":5,"s:69:20:69:54":11,"b:71:8:73:Infinity:undefined:undefined:undefined:undefined":5,"s:71:8:73:Infinity":12,"s:72:12:72:Infinity":13,"s:75:23:75:35":14,"s:78:12:79:54":15,"b:78:12:78:58:79:12:79:54":6,"b:80:8:83:Infinity:undefined:undefined:undefined:undefined":7,"s:80:8:83:Infinity":16,"s:81:12:82:Infinity":17,"s:85:8:85:Infinity":18,"s:23:13:87:Infinity":19}}}
,"/home/runner/work/alf.io/alf.io/frontend/projects/public/src/app/payment/offline-payment-proxy/offline-payment-proxy.component.ts": {"path":"/home/runner/work/alf.io/alf.io/frontend/projects/public/src/app/payment/offline-payment-proxy/offline-payment-proxy.component.ts","statementMap":{"0":{"start":{"line":20,"column":7},"end":{"line":33,"column":null}},"1":{"start":{"line":34,"column":4},"end":{"line":35,"column":null}},"2":{"start":{"line":40,"column":8},"end":{"line":42,"column":null}},"3":{"start":{"line":41,"column":12},"end":{"line":41,"column":null}},"4":{"start":{"line":46,"column":8},"end":{"line":46,"column":null}},"5":{"start":{"line":50,"column":8},"end":{"line":50,"column":null}},"6":{"start":{"line":54,"column":8},"end":{"line":54,"column":null}},"7":{"start":{"line":20,"column":13},"end":{"line":56,"column":null}}},"fnMap":{"0":{"name":"constructor","decl":{"start":{"line":37,"column":4},"end":{"line":37,"column":19}},"loc":{"start":{"line":37,"column":4},"end":{"line":37,"column":null}},"line":37},"1":{"name":"ngOnChanges","decl":{"start":{"line":39,"column":4},"end":{"line":39,"column":15}},"loc":{"start":{"line":39,"column":38},"end":{"line":43,"column":null}},"line":39},"2":{"name":"matchProxyAndMethod","decl":{"start":{"line":45,"column":15},"end":{"line":45,"column":34}},"loc":{"start":{"line":45,"column":34},"end":{"line":47,"column":null}},"line":45},"3":{"name":"handleRecaptchaResponse","decl":{"start":{"line":49,"column":4},"end":{"line":49,"column":27}},"loc":{"start":{"line":49,"column":50},"end":{"line":51,"column":null}},"line":49},"4":{"name":"deferred","decl":{"start":{"line":53,"column":15},"end":{"line":53,"column":23}},"loc":{"start":{"line":53,"column":23},"end":{"line":55,"column":null}},"line":53}},"branchMap":{"0":{"loc":{"start":{"line":40,"column":8},"end":{"line":42,"column":null}},"type":"if","locations":[{"start":{"line":40,"column":8},"end":{"line":42,"column":null}},{"start":{},"end":{}}],"line":40},"1":{"loc":{"start":{"line":40,"column":12},"end":{"line":40,"column":54}},"type":"binary-expr","locations":[{"start":{"line":40,"column":12},"end":{"line":40,"column":36}},{"start":{"line":40,"column":40},"end":{"line":40,"column":54}}],"line":40},"2":{"loc":{"start":{"line":46,"column":15},"end":{"line":46,"column":74}},"type":"binary-expr","locations":[{"start":{"line":46,"column":15},"end":{"line":46,"column":46}},{"start":{"line":46,"column":50},"end":{"line":46,"column":74}}],"line":46}},"s":{"0":1,"1":12,"2":2,"3":1,"4":6,"5":2,"6":4,"7":1},"f":{"0":12,"1":2,"2":6,"3":2,"4":4},"b":{"0":[1,1],"1":[2,1],"2":[6,3]},"meta":{"lastBranch":3,"lastFunction":5,"lastStatement":8,"seen":{"s:20:7:33:Infinity":0,"f:37:4:37:19":0,"s:34:4:35:Infinity":1,"f:39:4:39:15":1,"b:40:8:42:Infinity:undefined:undefined:undefined:undefined":0,"s:40:8:42:Infinity":2,"b:40:12:40:36:40:40:40:54":1,"s:41:12:41:Infinity":3,"f:45:15:45:34":2,"s:46:8:46:Infinity":4,"b:46:15:46:46:46:50:46:74":2,"f:49:4:49:27":3,"s:50:8:50:Infinity":5,"f:53:15:53:23":4,"s:54:8:54:Infinity":6,"s:20:13:56:Infinity":7}}}
,"/home/runner/work/alf.io/alf.io/frontend/projects/public/src/app/payment/onsite-payment-proxy/onsite-payment-proxy.component.ts": {"path":"/home/runner/work/alf.io/alf.io/frontend/projects/public/src/app/payment/onsite-payment-proxy/onsite-payment-proxy.component.ts","statementMap":{"0":{"start":{"line":20,"column":7},"end":{"line":33,"column":null}},"1":{"start":{"line":34,"column":4},"end":{"line":35,"column":null}},"2":{"start":{"line":40,"column":8},"end":{"line":42,"column":null}},"3":{"start":{"line":41,"column":12},"end":{"line":41,"column":null}},"4":{"start":{"line":46,"column":8},"end":{"line":46,"column":null}},"5":{"start":{"line":50,"column":8},"end":{"line":50,"column":null}},"6":{"start":{"line":20,"column":13},"end":{"line":52,"column":null}}},"fnMap":{"0":{"name":"constructor","decl":{"start":{"line":37,"column":4},"end":{"line":37,"column":19}},"loc":{"start":{"line":37,"column":4},"end":{"line":37,"column":null}},"line":37},"1":{"name":"ngOnChanges","decl":{"start":{"line":39,"column":4},"end":{"line":39,"column":15}},"loc":{"start":{"line":39,"column":38},"end":{"line":43,"column":null}},"line":39},"2":{"name":"matchProxyAndMethod","decl":{"start":{"line":45,"column":15},"end":{"line":45,"column":34}},"loc":{"start":{"line":45,"column":34},"end":{"line":47,"column":null}},"line":45},"3":{"name":"handleRecaptchaResponse","decl":{"start":{"line":49,"column":4},"end":{"line":49,"column":27}},"loc":{"start":{"line":49,"column":50},"end":{"line":51,"column":null}},"line":49}},"branchMap":{"0":{"loc":{"start":{"line":40,"column":8},"end":{"line":42,"column":null}},"type":"if","locations":[{"start":{"line":40,"column":8},"end":{"line":42,"column":null}},{"start":{},"end":{}}],"line":40},"1":{"loc":{"start":{"line":40,"column":12},"end":{"line":40,"column":54}},"type":"binary-expr","locations":[{"start":{"line":40,"column":12},"end":{"line":40,"column":36}},{"start":{"line":40,"column":40},"end":{"line":40,"column":54}}],"line":40},"2":{"loc":{"start":{"line":46,"column":15},"end":{"line":46,"column":68}},"type":"binary-expr","locations":[{"start":{"line":46,"column":15},"end":{"line":46,"column":40}},{"start":{"line":46,"column":44},"end":{"line":46,"column":68}}],"line":46}},"s":{"0":1,"1":8,"2":3,"3":1,"4":7,"5":1,"6":1},"f":{"0":8,"1":3,"2":7,"3":1},"b":{"0":[1,2],"1":[3,1],"2":[7,3]},"meta":{"lastBranch":3,"lastFunction":4,"lastStatement":7,"seen":{"s:20:7:33:Infinity":0,"f:37:4:37:19":0,"s:34:4:35:Infinity":1,"f:39:4:39:15":1,"b:40:8:42:Infinity:undefined:undefined:undefined:undefined":0,"s:40:8:42:Infinity":2,"b:40:12:40:36:40:40:40:54":1,"s:41:12:41:Infinity":3,"f:45:15:45:34":2,"s:46:8:46:Infinity":4,"b:46:15:46:40:46:44:46:68":2,"f:49:4:49:27":3,"s:50:8:50:Infinity":5,"s:20:13:52:Infinity":6}}}
,"/home/runner/work/alf.io/alf.io/frontend/projects/public/src/app/reservation/booking/booking.component.ts": {"path":"/home/runner/work/alf.io/alf.io/frontend/projects/public/src/app/reservation/booking/booking.component.ts","statementMap":{"0":{"start":{"line":62,"column":7},"end":{"line":70,"column":null}},"1":{"start":{"line":91,"column":12},"end":{"line":91,"column":68}},"2":{"start":{"line":92,"column":8},"end":{"line":94,"column":null}},"3":{"start":{"line":93,"column":12},"end":{"line":93,"column":null}},"4":{"start":{"line":96,"column":12},"end":{"line":96,"column":74}},"5":{"start":{"line":97,"column":8},"end":{"line":99,"column":null}},"6":{"start":{"line":98,"column":12},"end":{"line":98,"column":null}},"7":{"start":{"line":100,"column":8},"end":{"line":100,"column":null}},"8":{"start":{"line":105,"column":12},"end":{"line":105,"column":84}},"9":{"start":{"line":106,"column":8},"end":{"line":106,"column":null}},"10":{"start":{"line":110,"column":16},"end":{"line":110,"column":37}},"11":{"start":{"line":111,"column":16},"end":{"line":111,"column":30}},"12":{"start":{"line":112,"column":16},"end":{"line":112,"column":54}},"13":{"start":{"line":113,"column":16},"end":{"line":113,"column":44}},"14":{"start":{"line":114,"column":16},"end":{"line":114,"column":62}},"15":{"start":{"line":115,"column":16},"end":{"line":115,"column":47}},"16":{"start":{"line":116,"column":16},"end":{"line":116,"column":40}},"17":{"start":{"line":117,"column":16},"end":{"line":117,"column":43}},"18":{"start":{"line":118,"column":16},"end":{"line":118,"column":43}},"19":{"start":{"line":119,"column":16},"end":{"line":119,"column":38}},"20":{"start":{"line":120,"column":16},"end":{"line":120,"column":40}},"21":{"start":{"line":121,"column":16},"end":{"line":121,"column":48}},"22":{"start":{"line":122,"column":16},"end":{"line":122,"column":62}},"23":{"start":{"line":72,"column":12},"end":{"line":72,"column":null}},"24":{"start":{"line":80,"column":12},"end":{"line":82,"column":null}},"25":{"start":{"line":83,"column":4},"end":{"line":83,"column":null}},"26":{"start":{"line":126,"column":8},"end":{"line":302,"column":null}},"27":{"start":{"line":131,"column":43},"end":{"line":131,"column":58}},"28":{"start":{"line":132,"column":12},"end":{"line":132,"column":null}},"29":{"start":{"line":133,"column":12},"end":{"line":133,"column":null}},"30":{"start":{"line":134,"column":12},"end":{"line":134,"column":null}},"31":{"start":{"line":135,"column":12},"end":{"line":136,"column":null}},"32":{"start":{"line":138,"column":12},"end":{"line":301,"column":null}},"33":{"start":{"line":146,"column":20},"end":{"line":146,"column":null}},"34":{"start":{"line":147,"column":20},"end":{"line":147,"column":null}},"35":{"start":{"line":149,"column":20},"end":{"line":152,"column":null}},"36":{"start":{"line":154,"column":45},"end":{"line":157,"column":58}},"37":{"start":{"line":160,"column":20},"end":{"line":160,"column":null}},"38":{"start":{"line":161,"column":20},"end":{"line":163,"column":null}},"39":{"start":{"line":162,"column":24},"end":{"line":162,"column":null}},"40":{"start":{"line":167,"column":20},"end":{"line":173,"column":null}},"41":{"start":{"line":172,"column":24},"end":{"line":172,"column":null}},"42":{"start":{"line":178,"column":43},"end":{"line":178,"column":78}},"43":{"start":{"line":179,"column":47},"end":{"line":179,"column":76}},"44":{"start":{"line":182,"column":24},"end":{"line":182,"column":71}},"45":{"start":{"line":183,"column":20},"end":{"line":268,"column":null}},"46":{"start":{"line":229,"column":35},"end":{"line":229,"column":47}},"47":{"start":{"line":235,"column":39},"end":{"line":235,"column":54}},"48":{"start":{"line":241,"column":39},"end":{"line":241,"column":54}},"49":{"start":{"line":247,"column":39},"end":{"line":247,"column":44}},"50":{"start":{"line":253,"column":39},"end":{"line":253,"column":53}},"51":{"start":{"line":270,"column":20},"end":{"line":283,"column":null}},"52":{"start":{"line":271,"column":24},"end":{"line":282,"column":null}},"53":{"start":{"line":275,"column":28},"end":{"line":277,"column":null}},"54":{"start":{"line":279,"column":28},"end":{"line":281,"column":null}},"55":{"start":{"line":284,"column":20},"end":{"line":284,"column":null}},"56":{"start":{"line":286,"column":20},"end":{"line":288,"column":null}},"57":{"start":{"line":287,"column":24},"end":{"line":287,"column":71}},"58":{"start":{"line":290,"column":20},"end":{"line":292,"column":null}},"59":{"start":{"line":295,"column":20},"end":{"line":299,"column":null}},"60":{"start":{"line":296,"column":24},"end":{"line":298,"column":null}},"61":{"start":{"line":306,"column":8},"end":{"line":316,"column":null}},"62":{"start":{"line":308,"column":48},"end":{"line":308,"column":75}},"63":{"start":{"line":309,"column":16},"end":{"line":314,"column":null}},"64":{"start":{"line":310,"column":20},"end":{"line":312,"column":null}},"65":{"start":{"line":313,"column":20},"end":{"line":313,"column":null}},"66":{"start":{"line":323,"column":8},"end":{"line":342,"column":null}},"67":{"start":{"line":324,"column":37},"end":{"line":324,"column":57}},"68":{"start":{"line":326,"column":16},"end":{"line":328,"column":34}},"69":{"start":{"line":329,"column":12},"end":{"line":339,"column":null}},"70":{"start":{"line":341,"column":12},"end":{"line":341,"column":null}},"71":{"start":{"line":349,"column":24},"end":{"line":349,"column":26}},"72":{"start":{"line":350,"column":8},"end":{"line":358,"column":null}},"73":{"start":{"line":351,"column":12},"end":{"line":357,"column":null}},"74":{"start":{"line":352,"column":16},"end":{"line":356,"column":null}},"75":{"start":{"line":359,"column":8},"end":{"line":359,"column":null}},"76":{"start":{"line":364,"column":8},"end":{"line":371,"column":null}},"77":{"start":{"line":368,"column":12},"end":{"line":370,"column":null}},"78":{"start":{"line":369,"column":16},"end":{"line":369,"column":64}},"79":{"start":{"line":375,"column":8},"end":{"line":375,"column":null}},"80":{"start":{"line":376,"column":8},"end":{"line":376,"column":null}},"81":{"start":{"line":380,"column":8},"end":{"line":472,"column":null}},"82":{"start":{"line":389,"column":20},"end":{"line":441,"column":null}},"83":{"start":{"line":395,"column":29},"end":{"line":395,"column":61}},"84":{"start":{"line":396,"column":24},"end":{"line":416,"column":null}},"85":{"start":{"line":408,"column":32},"end":{"line":409,"column":null}},"86":{"start":{"line":411,"column":28},"end":{"line":415,"column":null}},"87":{"start":{"line":417,"column":24},"end":{"line":421,"column":null}},"88":{"start":{"line":418,"column":41},"end":{"line":418,"column":65}},"89":{"start":{"line":420,"column":41},"end":{"line":420,"column":65}},"90":{"start":{"line":422,"column":27},"end":{"line":441,"column":null}},"91":{"start":{"line":424,"column":41},"end":{"line":429,"column":null}},"92":{"start":{"line":431,"column":45},"end":{"line":431,"column":60}},"93":{"start":{"line":432,"column":24},"end":{"line":432,"column":null}},"94":{"start":{"line":433,"column":66},"end":{"line":433,"column":68}},"95":{"start":{"line":434,"column":24},"end":{"line":436,"column":null}},"96":{"start":{"line":435,"column":39},"end":{"line":435,"column":57}},"97":{"start":{"line":437,"column":24},"end":{"line":437,"column":null}},"98":{"start":{"line":438,"column":24},"end":{"line":440,"column":null}},"99":{"start":{"line":439,"column":28},"end":{"line":439,"column":57}},"100":{"start":{"line":444,"column":20},"end":{"line":464,"column":null}},"101":{"start":{"line":449,"column":32},"end":{"line":449,"column":83}},"102":{"start":{"line":450,"column":43},"end":{"line":450,"column":68}},"103":{"start":{"line":451,"column":28},"end":{"line":461,"column":null}},"104":{"start":{"line":452,"column":45},"end":{"line":452,"column":54}},"105":{"start":{"line":453,"column":50},"end":{"line":453,"column":59}},"106":{"start":{"line":455,"column":36},"end":{"line":456,"column":71}},"107":{"start":{"line":457,"column":46},"end":{"line":458,"column":null}},"108":{"start":{"line":458,"column":46},"end":{"line":458,"column":76}},"109":{"start":{"line":460,"column":32},"end":{"line":460,"column":null}},"110":{"start":{"line":462,"column":28},"end":{"line":462,"column":null}},"111":{"start":{"line":465,"column":20},"end":{"line":470,"column":null}},"112":{"start":{"line":467,"column":24},"end":{"line":469,"column":null}},"113":{"start":{"line":476,"column":8},"end":{"line":490,"column":null}},"114":{"start":{"line":494,"column":8},"end":{"line":507,"column":null}},"115":{"start":{"line":498,"column":20},"end":{"line":504,"column":null}},"116":{"start":{"line":499,"column":24},"end":{"line":503,"column":null}},"117":{"start":{"line":502,"column":32},"end":{"line":502,"column":null}},"118":{"start":{"line":511,"column":8},"end":{"line":521,"column":null}},"119":{"start":{"line":512,"column":12},"end":{"line":520,"column":null}},"120":{"start":{"line":513,"column":16},"end":{"line":513,"column":null}},"121":{"start":{"line":514,"column":16},"end":{"line":519,"column":null}},"122":{"start":{"line":519,"column":39},"end":{"line":519,"column":67}},"123":{"start":{"line":525,"column":8},"end":{"line":537,"column":null}},"124":{"start":{"line":526,"column":12},"end":{"line":529,"column":null}},"125":{"start":{"line":531,"column":12},"end":{"line":536,"column":null}},"126":{"start":{"line":542,"column":8},"end":{"line":548,"column":null}},"127":{"start":{"line":545,"column":12},"end":{"line":547,"column":null}},"128":{"start":{"line":552,"column":8},"end":{"line":565,"column":null}},"129":{"start":{"line":553,"column":31},"end":{"line":555,"column":16}},"130":{"start":{"line":556,"column":34},"end":{"line":557,"column":null}},"131":{"start":{"line":559,"column":12},"end":{"line":564,"column":null}},"132":{"start":{"line":563,"column":16},"end":{"line":563,"column":null}},"133":{"start":{"line":569,"column":8},"end":{"line":571,"column":null}},"134":{"start":{"line":575,"column":8},"end":{"line":577,"column":null}},"135":{"start":{"line":581,"column":8},"end":{"line":586,"column":null}},"136":{"start":{"line":582,"column":24},"end":{"line":582,"column":67}},"137":{"start":{"line":583,"column":12},"end":{"line":585,"column":null}},"138":{"start":{"line":591,"column":32},"end":{"line":593,"column":9}},"139":{"start":{"line":592,"column":12},"end":{"line":592,"column":null}},"140":{"start":{"line":594,"column":8},"end":{"line":619,"column":null}},"141":{"start":{"line":604,"column":20},"end":{"line":604,"column":null}},"142":{"start":{"line":607,"column":34},"end":{"line":607,"column":56}},"143":{"start":{"line":608,"column":20},"end":{"line":617,"column":null}},"144":{"start":{"line":610,"column":24},"end":{"line":610,"column":null}},"145":{"start":{"line":612,"column":24},"end":{"line":616,"column":null}},"146":{"start":{"line":623,"column":8},"end":{"line":623,"column":null}},"147":{"start":{"line":627,"column":8},"end":{"line":627,"column":null}},"148":{"start":{"line":633,"column":16},"end":{"line":633,"column":68}},"149":{"start":{"line":636,"column":8},"end":{"line":638,"column":null}},"150":{"start":{"line":642,"column":8},"end":{"line":642,"column":null}},"151":{"start":{"line":646,"column":8},"end":{"line":648,"column":null}},"152":{"start":{"line":647,"column":12},"end":{"line":647,"column":null}},"153":{"start":{"line":649,"column":43},"end":{"line":649,"column":45}},"154":{"start":{"line":650,"column":20},"end":{"line":650,"column":21}},"155":{"start":{"line":651,"column":8},"end":{"line":664,"column":null}},"156":{"start":{"line":652,"column":12},"end":{"line":663,"column":null}},"157":{"start":{"line":653,"column":16},"end":{"line":661,"column":null}},"158":{"start":{"line":654,"column":20},"end":{"line":660,"column":null}},"159":{"start":{"line":662,"column":16},"end":{"line":662,"column":null}},"160":{"start":{"line":665,"column":8},"end":{"line":665,"column":null}},"161":{"start":{"line":669,"column":8},"end":{"line":669,"column":null}},"162":{"start":{"line":673,"column":8},"end":{"line":675,"column":null}},"163":{"start":{"line":679,"column":24},"end":{"line":686,"column":null}},"164":{"start":{"line":688,"column":36},"end":{"line":689,"column":null}},"165":{"start":{"line":691,"column":25},"end":{"line":692,"column":null}},"166":{"start":{"line":694,"column":8},"end":{"line":699,"column":null}},"167":{"start":{"line":696,"column":12},"end":{"line":696,"column":null}},"168":{"start":{"line":698,"column":12},"end":{"line":698,"column":null}},"169":{"start":{"line":701,"column":8},"end":{"line":722,"column":null}},"170":{"start":{"line":702,"column":12},"end":{"line":710,"column":null}},"171":{"start":{"line":713,"column":16},"end":{"line":713,"column":61}},"172":{"start":{"line":715,"column":12},"end":{"line":720,"column":null}},"173":{"start":{"line":721,"column":12},"end":{"line":721,"column":null}},"174":{"start":{"line":724,"column":8},"end":{"line":727,"column":null}},"175":{"start":{"line":726,"column":23},"end":{"line":726,"column":49}},"176":{"start":{"line":728,"column":8},"end":{"line":730,"column":null}},"177":{"start":{"line":729,"column":12},"end":{"line":729,"column":null}},"178":{"start":{"line":732,"column":12},"end":{"line":732,"column":65}},"179":{"start":{"line":733,"column":8},"end":{"line":733,"column":null}},"180":{"start":{"line":734,"column":8},"end":{"line":734,"column":null}},"181":{"start":{"line":738,"column":8},"end":{"line":744,"column":null}},"182":{"start":{"line":741,"column":20},"end":{"line":742,"column":75}},"183":{"start":{"line":62,"column":13},"end":{"line":746,"column":null}}},"fnMap":{"0":{"name":"optionalGet","decl":{"start":{"line":85,"column":18},"end":{"line":85,"column":29}},"loc":{"start":{"line":88,"column":43},"end":{"line":101,"column":null}},"line":88},"1":{"name":"isUUID","decl":{"start":{"line":103,"column":19},"end":{"line":103,"column":25}},"loc":{"start":{"line":103,"column":35},"end":{"line":107,"column":null}},"line":103},"2":{"name":"constructor","decl":{"start":{"line":109,"column":4},"end":{"line":109,"column":null}},"loc":{"start":{"line":122,"column":62},"end":{"line":123,"column":null}},"line":122},"3":{"name":"ngOnInit","decl":{"start":{"line":125,"column":11},"end":{"line":125,"column":19}},"loc":{"start":{"line":125,"column":19},"end":{"line":303,"column":null}},"line":125},"4":{"name":"(anonymous_4)","decl":{"start":{"line":130,"column":20},"end":{"line":130,"column":21}},"loc":{"start":{"line":130,"column":51},"end":{"line":302,"column":9}},"line":130},"5":{"name":"(anonymous_5)","decl":{"start":{"line":145,"column":22},"end":{"line":145,"column":23}},"loc":{"start":{"line":145,"column":61},"end":{"line":293,"column":17}},"line":145},"6":{"name":"(anonymous_6)","decl":{"start":{"line":161,"column":67},"end":{"line":161,"column":68}},"loc":{"start":{"line":161,"column":73},"end":{"line":163,"column":21}},"line":161},"7":{"name":"(anonymous_7)","decl":{"start":{"line":229,"column":28},"end":{"line":229,"column":29}},"loc":{"start":{"line":229,"column":35},"end":{"line":229,"column":47}},"line":229},"8":{"name":"(anonymous_8)","decl":{"start":{"line":235,"column":32},"end":{"line":235,"column":33}},"loc":{"start":{"line":235,"column":39},"end":{"line":235,"column":54}},"line":235},"9":{"name":"(anonymous_9)","decl":{"start":{"line":241,"column":32},"end":{"line":241,"column":33}},"loc":{"start":{"line":241,"column":39},"end":{"line":241,"column":54}},"line":241},"10":{"name":"(anonymous_10)","decl":{"start":{"line":247,"column":32},"end":{"line":247,"column":33}},"loc":{"start":{"line":247,"column":39},"end":{"line":247,"column":44}},"line":247},"11":{"name":"(anonymous_11)","decl":{"start":{"line":253,"column":32},"end":{"line":253,"column":33}},"loc":{"start":{"line":253,"column":39},"end":{"line":253,"column":53}},"line":253},"12":{"name":"(anonymous_12)","decl":{"start":{"line":270,"column":47},"end":{"line":270,"column":48}},"loc":{"start":{"line":270,"column":55},"end":{"line":283,"column":21}},"line":270},"13":{"name":"(anonymous_13)","decl":{"start":{"line":286,"column":31},"end":{"line":286,"column":34}},"loc":{"start":{"line":287,"column":24},"end":{"line":287,"column":71}},"line":287},"14":{"name":"(anonymous_14)","decl":{"start":{"line":294,"column":23},"end":{"line":294,"column":24}},"loc":{"start":{"line":294,"column":31},"end":{"line":300,"column":17}},"line":294},"15":{"name":"ngAfterViewInit","decl":{"start":{"line":305,"column":4},"end":{"line":305,"column":19}},"loc":{"start":{"line":305,"column":19},"end":{"line":317,"column":null}},"line":305},"16":{"name":"(anonymous_16)","decl":{"start":{"line":307,"column":12},"end":{"line":307,"column":13}},"loc":{"start":{"line":307,"column":24},"end":{"line":315,"column":13}},"line":307},"17":{"name":"buildSubscriptionOwnerFormGroup","decl":{"start":{"line":319,"column":12},"end":{"line":319,"column":43}},"loc":{"start":{"line":321,"column":19},"end":{"line":343,"column":null}},"line":321},"18":{"name":"buildTicketsFormGroup","decl":{"start":{"line":345,"column":12},"end":{"line":345,"column":33}},"loc":{"start":{"line":347,"column":18},"end":{"line":360,"column":null}},"line":347},"19":{"name":"(anonymous_19)","decl":{"start":{"line":350,"column":34},"end":{"line":350,"column":35}},"loc":{"start":{"line":350,"column":40},"end":{"line":358,"column":9}},"line":350},"20":{"name":"(anonymous_20)","decl":{"start":{"line":351,"column":30},"end":{"line":351,"column":31}},"loc":{"start":{"line":351,"column":46},"end":{"line":357,"column":13}},"line":351},"21":{"name":"removeUnnecessaryFields","decl":{"start":{"line":362,"column":12},"end":{"line":362,"column":35}},"loc":{"start":{"line":362,"column":35},"end":{"line":372,"column":null}},"line":362},"22":{"name":"(anonymous_22)","decl":{"start":{"line":368,"column":68},"end":{"line":368,"column":69}},"loc":{"start":{"line":369,"column":16},"end":{"line":369,"column":64}},"line":369},"23":{"name":"submitForm","decl":{"start":{"line":374,"column":4},"end":{"line":374,"column":14}},"loc":{"start":{"line":374,"column":14},"end":{"line":377,"column":null}},"line":374},"24":{"name":"validateToOverview","decl":{"start":{"line":379,"column":12},"end":{"line":379,"column":30}},"loc":{"start":{"line":379,"column":54},"end":{"line":473,"column":null}},"line":379},"25":{"name":"(anonymous_25)","decl":{"start":{"line":388,"column":22},"end":{"line":388,"column":23}},"loc":{"start":{"line":388,"column":30},"end":{"line":442,"column":17}},"line":388},"26":{"name":"(anonymous_26)","decl":{"start":{"line":418,"column":34},"end":{"line":418,"column":35}},"loc":{"start":{"line":418,"column":41},"end":{"line":418,"column":65}},"line":418},"27":{"name":"(anonymous_27)","decl":{"start":{"line":420,"column":35},"end":{"line":420,"column":38}},"loc":{"start":{"line":420,"column":41},"end":{"line":420,"column":65}},"line":420},"28":{"name":"(anonymous_28)","decl":{"start":{"line":435,"column":28},"end":{"line":435,"column":29}},"loc":{"start":{"line":435,"column":39},"end":{"line":435,"column":57}},"line":435},"29":{"name":"(anonymous_29)","decl":{"start":{"line":438,"column":45},"end":{"line":438,"column":48}},"loc":{"start":{"line":439,"column":28},"end":{"line":439,"column":57}},"line":439},"30":{"name":"(anonymous_30)","decl":{"start":{"line":443,"column":23},"end":{"line":443,"column":24}},"loc":{"start":{"line":443,"column":31},"end":{"line":471,"column":17}},"line":443},"31":{"name":"(anonymous_31)","decl":{"start":{"line":447,"column":24},"end":{"line":447,"column":25}},"loc":{"start":{"line":447,"column":32},"end":{"line":463,"column":25}},"line":447},"32":{"name":"(anonymous_32)","decl":{"start":{"line":458,"column":36},"end":{"line":458,"column":37}},"loc":{"start":{"line":458,"column":46},"end":{"line":458,"column":76}},"line":458},"33":{"name":"proceedToOverview","decl":{"start":{"line":475,"column":12},"end":{"line":475,"column":29}},"loc":{"start":{"line":475,"column":29},"end":{"line":491,"column":null}},"line":475},"34":{"name":"cancelPendingReservation","decl":{"start":{"line":493,"column":4},"end":{"line":493,"column":28}},"loc":{"start":{"line":493,"column":28},"end":{"line":508,"column":null}},"line":493},"35":{"name":"(anonymous_35)","decl":{"start":{"line":497,"column":16},"end":{"line":497,"column":17}},"loc":{"start":{"line":497,"column":24},"end":{"line":505,"column":17}},"line":497},"36":{"name":"(anonymous_36)","decl":{"start":{"line":501,"column":39},"end":{"line":501,"column":42}},"loc":{"start":{"line":501,"column":44},"end":{"line":503,"column":29}},"line":501},"37":{"name":"(anonymous_37)","decl":{"start":{"line":506,"column":16},"end":{"line":506,"column":19}},"loc":{"start":{"line":506,"column":21},"end":{"line":506,"column":24}},"line":506},"38":{"name":"handleExpired","decl":{"start":{"line":510,"column":4},"end":{"line":510,"column":17}},"loc":{"start":{"line":510,"column":34},"end":{"line":522,"column":null}},"line":510},"39":{"name":"(anonymous_39)","decl":{"start":{"line":511,"column":19},"end":{"line":511,"column":22}},"loc":{"start":{"line":511,"column":24},"end":{"line":521,"column":9}},"line":511},"40":{"name":"(anonymous_40)","decl":{"start":{"line":519,"column":33},"end":{"line":519,"column":36}},"loc":{"start":{"line":519,"column":39},"end":{"line":519,"column":67}},"line":519},"41":{"name":"handleCancelOrExpired","decl":{"start":{"line":524,"column":12},"end":{"line":524,"column":33}},"loc":{"start":{"line":524,"column":33},"end":{"line":538,"column":null}},"line":524},"42":{"name":"handleInvoiceRequestedChange","decl":{"start":{"line":540,"column":4},"end":{"line":540,"column":32}},"loc":{"start":{"line":540,"column":32},"end":{"line":549,"column":null}},"line":540},"43":{"name":"handleAutocomplete","decl":{"start":{"line":551,"column":4},"end":{"line":551,"column":22}},"loc":{"start":{"line":551,"column":55},"end":{"line":566,"column":null}},"line":551},"44":{"name":"getTicketForm","decl":{"start":{"line":568,"column":4},"end":{"line":568,"column":17}},"loc":{"start":{"line":568,"column":32},"end":{"line":572,"column":null}},"line":568},"45":{"name":"getSubscriptionForm","decl":{"start":{"line":574,"column":4},"end":{"line":574,"column":23}},"loc":{"start":{"line":574,"column":23},"end":{"line":578,"column":null}},"line":574},"46":{"name":"copyContactInfoTo","decl":{"start":{"line":580,"column":4},"end":{"line":580,"column":21}},"loc":{"start":{"line":580,"column":36},"end":{"line":587,"column":null}},"line":580},"47":{"name":"(anonymous_47)","decl":{"start":{"line":581,"column":51},"end":{"line":581,"column":52}},"loc":{"start":{"line":581,"column":61},"end":{"line":586,"column":9}},"line":581},"48":{"name":"login","decl":{"start":{"line":589,"column":4},"end":{"line":589,"column":9}},"loc":{"start":{"line":589,"column":9},"end":{"line":620,"column":null}},"line":589},"49":{"name":"(anonymous_49)","decl":{"start":{"line":591,"column":32},"end":{"line":591,"column":35}},"loc":{"start":{"line":591,"column":37},"end":{"line":593,"column":9}},"line":591},"50":{"name":"(anonymous_50)","decl":{"start":{"line":602,"column":22},"end":{"line":602,"column":25}},"loc":{"start":{"line":602,"column":27},"end":{"line":605,"column":17}},"line":602},"51":{"name":"(anonymous_51)","decl":{"start":{"line":606,"column":23},"end":{"line":606,"column":24}},"loc":{"start":{"line":606,"column":31},"end":{"line":618,"column":17}},"line":606},"52":{"name":"showContactData","decl":{"start":{"line":622,"column":8},"end":{"line":622,"column":23}},"loc":{"start":{"line":622,"column":23},"end":{"line":624,"column":null}},"line":622},"53":{"name":"emailEditForbidden","decl":{"start":{"line":626,"column":8},"end":{"line":626,"column":26}},"loc":{"start":{"line":626,"column":26},"end":{"line":628,"column":null}},"line":626},"54":{"name":"getAdditionalDataForm","decl":{"start":{"line":630,"column":4},"end":{"line":630,"column":25}},"loc":{"start":{"line":630,"column":40},"end":{"line":639,"column":null}},"line":630},"55":{"name":"getAdditionalData","decl":{"start":{"line":641,"column":4},"end":{"line":641,"column":21}},"loc":{"start":{"line":641,"column":36},"end":{"line":643,"column":null}},"line":641},"56":{"name":"getOtherTickets","decl":{"start":{"line":645,"column":4},"end":{"line":645,"column":19}},"loc":{"start":{"line":645,"column":34},"end":{"line":666,"column":null}},"line":645},"57":{"name":"(anonymous_57)","decl":{"start":{"line":651,"column":55},"end":{"line":651,"column":56}},"loc":{"start":{"line":651,"column":63},"end":{"line":664,"column":9}},"line":651},"58":{"name":"(anonymous_58)","decl":{"start":{"line":652,"column":32},"end":{"line":652,"column":33}},"loc":{"start":{"line":652,"column":38},"end":{"line":663,"column":13}},"line":652},"59":{"name":"subscriptionInfo","decl":{"start":{"line":668,"column":8},"end":{"line":668,"column":24}},"loc":{"start":{"line":668,"column":24},"end":{"line":670,"column":null}},"line":668},"60":{"name":"subscriptionAdditionalForm","decl":{"start":{"line":672,"column":8},"end":{"line":672,"column":34}},"loc":{"start":{"line":672,"column":34},"end":{"line":676,"column":null}},"line":672},"61":{"name":"moveAdditionalService","decl":{"start":{"line":678,"column":4},"end":{"line":678,"column":25}},"loc":{"start":{"line":678,"column":62},"end":{"line":735,"column":null}},"line":678},"62":{"name":"(anonymous_62)","decl":{"start":{"line":726,"column":16},"end":{"line":726,"column":17}},"loc":{"start":{"line":726,"column":23},"end":{"line":726,"column":49}},"line":726},"63":{"name":"isDifferentOwnerDefined","decl":{"start":{"line":737,"column":12},"end":{"line":737,"column":35}},"loc":{"start":{"line":737,"column":35},"end":{"line":745,"column":null}},"line":737},"64":{"name":"(anonymous_64)","decl":{"start":{"line":740,"column":16},"end":{"line":740,"column":17}},"loc":{"start":{"line":741,"column":20},"end":{"line":742,"column":75}},"line":741}},"branchMap":{"0":{"loc":{"start":{"line":92,"column":8},"end":{"line":94,"column":null}},"type":"if","locations":[{"start":{"line":92,"column":8},"end":{"line":94,"column":null}},{"start":{},"end":{}}],"line":92},"1":{"loc":{"start":{"line":97,"column":8},"end":{"line":99,"column":null}},"type":"if","locations":[{"start":{"line":97,"column":8},"end":{"line":99,"column":null}},{"start":{},"end":{}}],"line":97},"2":{"loc":{"start":{"line":136,"column":16},"end":{"line":136,"column":67}},"type":"binary-expr","locations":[{"start":{"line":136,"column":16},"end":{"line":136,"column":34}},{"start":{"line":136,"column":38},"end":{"line":136,"column":67}}],"line":136},"3":{"loc":{"start":{"line":154,"column":45},"end":{"line":157,"column":58}},"type":"cond-expr","locations":[{"start":{"line":156,"column":26},"end":{"line":156,"column":null}},{"start":{"line":157,"column":26},"end":{"line":157,"column":58}}],"line":154},"4":{"loc":{"start":{"line":167,"column":20},"end":{"line":173,"column":null}},"type":"if","locations":[{"start":{"line":167,"column":20},"end":{"line":173,"column":null}},{"start":{},"end":{}}],"line":167},"5":{"loc":{"start":{"line":168,"column":24},"end":{"line":170,"column":55}},"type":"binary-expr","locations":[{"start":{"line":168,"column":24},"end":{"line":168,"column":47}},{"start":{"line":169,"column":24},"end":{"line":170,"column":55}}],"line":168},"6":{"loc":{"start":{"line":182,"column":24},"end":{"line":182,"column":71}},"type":"binary-expr","locations":[{"start":{"line":182,"column":24},"end":{"line":182,"column":65}},{"start":{"line":182,"column":69},"end":{"line":182,"column":71}}],"line":182},"7":{"loc":{"start":{"line":185,"column":28},"end":{"line":185,"column":77}},"type":"binary-expr","locations":[{"start":{"line":185,"column":28},"end":{"line":185,"column":58}},{"start":{"line":185,"column":62},"end":{"line":185,"column":77}}],"line":185},"8":{"loc":{"start":{"line":189,"column":28},"end":{"line":189,"column":75}},"type":"binary-expr","locations":[{"start":{"line":189,"column":28},"end":{"line":189,"column":57}},{"start":{"line":189,"column":61},"end":{"line":189,"column":75}}],"line":189},"9":{"loc":{"start":{"line":193,"column":28},"end":{"line":193,"column":76}},"type":"binary-expr","locations":[{"start":{"line":193,"column":28},"end":{"line":193,"column":54}},{"start":{"line":193,"column":58},"end":{"line":193,"column":76}}],"line":193},"10":{"loc":{"start":{"line":202,"column":28},"end":{"line":203,"column":67}},"type":"binary-expr","locations":[{"start":{"line":202,"column":28},"end":{"line":202,"column":73}},{"start":{"line":203,"column":28},"end":{"line":203,"column":67}}],"line":202},"11":{"loc":{"start":{"line":205,"column":28},"end":{"line":206,"column":59}},"type":"binary-expr","locations":[{"start":{"line":205,"column":28},"end":{"line":205,"column":54}},{"start":{"line":206,"column":28},"end":{"line":206,"column":59}}],"line":205},"12":{"loc":{"start":{"line":208,"column":28},"end":{"line":209,"column":60}},"type":"binary-expr","locations":[{"start":{"line":208,"column":28},"end":{"line":208,"column":55}},{"start":{"line":209,"column":28},"end":{"line":209,"column":60}}],"line":208},"13":{"loc":{"start":{"line":211,"column":28},"end":{"line":212,"column":60}},"type":"binary-expr","locations":[{"start":{"line":211,"column":28},"end":{"line":211,"column":55}},{"start":{"line":212,"column":28},"end":{"line":212,"column":60}}],"line":211},"14":{"loc":{"start":{"line":214,"column":28},"end":{"line":214,"column":73}},"type":"binary-expr","locations":[{"start":{"line":214,"column":28},"end":{"line":214,"column":46}},{"start":{"line":214,"column":50},"end":{"line":214,"column":73}}],"line":214},"15":{"loc":{"start":{"line":216,"column":28},"end":{"line":216,"column":75}},"type":"binary-expr","locations":[{"start":{"line":216,"column":28},"end":{"line":216,"column":47}},{"start":{"line":216,"column":51},"end":{"line":216,"column":75}}],"line":216},"16":{"loc":{"start":{"line":218,"column":28},"end":{"line":218,"column":77}},"type":"binary-expr","locations":[{"start":{"line":218,"column":28},"end":{"line":218,"column":48}},{"start":{"line":218,"column":52},"end":{"line":218,"column":77}}],"line":218},"17":{"loc":{"start":{"line":220,"column":28},"end":{"line":221,"column":55}},"type":"binary-expr","locations":[{"start":{"line":220,"column":28},"end":{"line":220,"column":50}},{"start":{"line":221,"column":28},"end":{"line":221,"column":55}}],"line":220},"18":{"loc":{"start":{"line":225,"column":28},"end":{"line":225,"column":77}},"type":"binary-expr","locations":[{"start":{"line":225,"column":28},"end":{"line":225,"column":48}},{"start":{"line":225,"column":52},"end":{"line":225,"column":77}}],"line":225},"19":{"loc":{"start":{"line":271,"column":24},"end":{"line":282,"column":null}},"type":"if","locations":[{"start":{"line":271,"column":24},"end":{"line":282,"column":null}},{"start":{"line":278,"column":31},"end":{"line":282,"column":null}}],"line":271},"20":{"loc":{"start":{"line":295,"column":20},"end":{"line":299,"column":null}},"type":"if","locations":[{"start":{"line":295,"column":20},"end":{"line":299,"column":null}},{"start":{},"end":{}}],"line":295},"21":{"loc":{"start":{"line":309,"column":16},"end":{"line":314,"column":null}},"type":"if","locations":[{"start":{"line":309,"column":16},"end":{"line":314,"column":null}},{"start":{},"end":{}}],"line":309},"22":{"loc":{"start":{"line":309,"column":20},"end":{"line":309,"column":48}},"type":"binary-expr","locations":[{"start":{"line":309,"column":20},"end":{"line":309,"column":34}},{"start":{"line":309,"column":38},"end":{"line":309,"column":48}}],"line":309},"23":{"loc":{"start":{"line":323,"column":8},"end":{"line":342,"column":null}},"type":"if","locations":[{"start":{"line":323,"column":8},"end":{"line":342,"column":null}},{"start":{"line":340,"column":15},"end":{"line":342,"column":null}}],"line":323},"24":{"loc":{"start":{"line":326,"column":16},"end":{"line":328,"column":34}},"type":"binary-expr","locations":[{"start":{"line":326,"column":16},"end":{"line":326,"column":45}},{"start":{"line":327,"column":17},"end":{"line":327,"column":76}},{"start":{"line":328,"column":16},"end":{"line":328,"column":34}}],"line":326},"25":{"loc":{"start":{"line":330,"column":27},"end":{"line":330,"column":79}},"type":"binary-expr","locations":[{"start":{"line":330,"column":27},"end":{"line":330,"column":60}},{"start":{"line":330,"column":64},"end":{"line":330,"column":79}}],"line":330},"26":{"loc":{"start":{"line":331,"column":26},"end":{"line":331,"column":76}},"type":"binary-expr","locations":[{"start":{"line":331,"column":26},"end":{"line":331,"column":58}},{"start":{"line":331,"column":62},"end":{"line":331,"column":76}}],"line":331},"27":{"loc":{"start":{"line":355,"column":24},"end":{"line":355,"column":52}},"type":"cond-expr","locations":[{"start":{"line":355,"column":36},"end":{"line":355,"column":40}},{"start":{"line":355,"column":43},"end":{"line":355,"column":52}}],"line":355},"28":{"loc":{"start":{"line":364,"column":8},"end":{"line":371,"column":null}},"type":"if","locations":[{"start":{"line":364,"column":8},"end":{"line":371,"column":null}},{"start":{},"end":{}}],"line":364},"29":{"loc":{"start":{"line":365,"column":12},"end":{"line":366,"column":77}},"type":"binary-expr","locations":[{"start":{"line":365,"column":12},"end":{"line":365,"column":68}},{"start":{"line":366,"column":12},"end":{"line":366,"column":77}}],"line":365},"30":{"loc":{"start":{"line":389,"column":20},"end":{"line":441,"column":null}},"type":"if","locations":[{"start":{"line":389,"column":20},"end":{"line":441,"column":null}},{"start":{"line":422,"column":27},"end":{"line":441,"column":null}}],"line":389},"31":{"loc":{"start":{"line":390,"column":24},"end":{"line":393,"column":43}},"type":"binary-expr","locations":[{"start":{"line":390,"column":24},"end":{"line":390,"column":35}},{"start":{"line":391,"column":25},"end":{"line":391,"column":38}},{"start":{"line":392,"column":28},"end":{"line":392,"column":53}},{"start":{"line":393,"column":28},"end":{"line":393,"column":42}}],"line":390},"32":{"loc":{"start":{"line":396,"column":24},"end":{"line":416,"column":null}},"type":"if","locations":[{"start":{"line":396,"column":24},"end":{"line":416,"column":null}},{"start":{},"end":{}}],"line":396},"33":{"loc":{"start":{"line":397,"column":28},"end":{"line":403,"column":null}},"type":"binary-expr","locations":[{"start":{"line":397,"column":28},"end":{"line":398,"column":null}},{"start":{"line":400,"column":28},"end":{"line":403,"column":null}}],"line":397},"34":{"loc":{"start":{"line":422,"column":27},"end":{"line":441,"column":null}},"type":"if","locations":[{"start":{"line":422,"column":27},"end":{"line":441,"column":null}},{"start":{},"end":{}}],"line":422},"35":{"loc":{"start":{"line":451,"column":28},"end":{"line":461,"column":null}},"type":"if","locations":[{"start":{"line":451,"column":28},"end":{"line":461,"column":null}},{"start":{},"end":{}}],"line":451},"36":{"loc":{"start":{"line":465,"column":20},"end":{"line":470,"column":null}},"type":"if","locations":[{"start":{"line":465,"column":20},"end":{"line":470,"column":null}},{"start":{},"end":{}}],"line":465},"37":{"loc":{"start":{"line":498,"column":20},"end":{"line":504,"column":null}},"type":"if","locations":[{"start":{"line":498,"column":20},"end":{"line":504,"column":null}},{"start":{},"end":{}}],"line":498},"38":{"loc":{"start":{"line":512,"column":12},"end":{"line":520,"column":null}},"type":"if","locations":[{"start":{"line":512,"column":12},"end":{"line":520,"column":null}},{"start":{},"end":{}}],"line":512},"39":{"loc":{"start":{"line":525,"column":8},"end":{"line":537,"column":null}},"type":"if","locations":[{"start":{"line":525,"column":8},"end":{"line":537,"column":null}},{"start":{"line":530,"column":15},"end":{"line":537,"column":null}}],"line":525},"40":{"loc":{"start":{"line":525,"column":12},"end":{"line":525,"column":75}},"type":"binary-expr","locations":[{"start":{"line":525,"column":12},"end":{"line":525,"column":20}},{"start":{"line":525,"column":24},"end":{"line":525,"column":75}}],"line":525},"41":{"loc":{"start":{"line":542,"column":8},"end":{"line":548,"column":null}},"type":"if","locations":[{"start":{"line":542,"column":8},"end":{"line":548,"column":null}},{"start":{},"end":{}}],"line":542},"42":{"loc":{"start":{"line":552,"column":8},"end":{"line":565,"column":null}},"type":"if","locations":[{"start":{"line":552,"column":8},"end":{"line":565,"column":null}},{"start":{},"end":{}}],"line":552},"43":{"loc":{"start":{"line":559,"column":12},"end":{"line":564,"column":null}},"type":"if","locations":[{"start":{"line":559,"column":12},"end":{"line":564,"column":null}},{"start":{},"end":{}}],"line":559},"44":{"loc":{"start":{"line":560,"column":16},"end":{"line":561,"column":75}},"type":"binary-expr","locations":[{"start":{"line":560,"column":16},"end":{"line":560,"column":38}},{"start":{"line":561,"column":17},"end":{"line":561,"column":44}},{"start":{"line":561,"column":48},"end":{"line":561,"column":74}}],"line":560},"45":{"loc":{"start":{"line":608,"column":20},"end":{"line":617,"column":null}},"type":"if","locations":[{"start":{"line":608,"column":20},"end":{"line":617,"column":null}},{"start":{"line":611,"column":27},"end":{"line":617,"column":null}}],"line":608},"46":{"loc":{"start":{"line":623,"column":15},"end":{"line":623,"column":74}},"type":"binary-expr","locations":[{"start":{"line":623,"column":15},"end":{"line":623,"column":24}},{"start":{"line":623,"column":28},"end":{"line":623,"column":74}}],"line":623},"47":{"loc":{"start":{"line":636,"column":15},"end":{"line":638,"column":18}},"type":"cond-expr","locations":[{"start":{"line":637,"column":25},"end":{"line":637,"column":null}},{"start":{"line":638,"column":14},"end":{"line":638,"column":18}}],"line":636},"48":{"loc":{"start":{"line":642,"column":15},"end":{"line":642,"column":65}},"type":"binary-expr","locations":[{"start":{"line":642,"column":15},"end":{"line":642,"column":59}},{"start":{"line":642,"column":63},"end":{"line":642,"column":65}}],"line":642},"49":{"loc":{"start":{"line":646,"column":8},"end":{"line":648,"column":null}},"type":"if","locations":[{"start":{"line":646,"column":8},"end":{"line":648,"column":null}},{"start":{},"end":{}}],"line":646},"50":{"loc":{"start":{"line":653,"column":16},"end":{"line":661,"column":null}},"type":"if","locations":[{"start":{"line":653,"column":16},"end":{"line":661,"column":null}},{"start":{},"end":{}}],"line":653},"51":{"loc":{"start":{"line":694,"column":8},"end":{"line":699,"column":null}},"type":"if","locations":[{"start":{"line":694,"column":8},"end":{"line":699,"column":null}},{"start":{"line":697,"column":15},"end":{"line":699,"column":null}}],"line":694},"52":{"loc":{"start":{"line":701,"column":8},"end":{"line":722,"column":null}},"type":"if","locations":[{"start":{"line":701,"column":8},"end":{"line":722,"column":null}},{"start":{"line":711,"column":15},"end":{"line":722,"column":null}}],"line":701},"53":{"loc":{"start":{"line":728,"column":8},"end":{"line":730,"column":null}},"type":"if","locations":[{"start":{"line":728,"column":8},"end":{"line":730,"column":null}},{"start":{},"end":{}}],"line":728},"54":{"loc":{"start":{"line":741,"column":20},"end":{"line":742,"column":75}},"type":"binary-expr","locations":[{"start":{"line":741,"column":20},"end":{"line":741,"column":35}},{"start":{"line":742,"column":21},"end":{"line":742,"column":46}},{"start":{"line":742,"column":50},"end":{"line":742,"column":74}}],"line":741}},"s":{"0":1,"1":142,"2":142,"3":1,"4":141,"5":142,"6":0,"7":141,"8":4,"9":4,"10":33,"11":33,"12":33,"13":33,"14":33,"15":33,"16":33,"17":33,"18":33,"19":33,"20":33,"21":33,"22":33,"23":33,"24":33,"25":33,"26":28,"27":28,"28":28,"29":28,"30":28,"31":28,"32":28,"33":28,"34":28,"35":28,"36":28,"37":28,"38":28,"39":16,"40":28,"41":0,"42":28,"43":28,"44":28,"45":28,"46":0,"47":0,"48":0,"49":0,"50":0,"51":28,"52":0,"53":0,"54":0,"55":28,"56":28,"57":0,"58":28,"59":0,"60":0,"61":0,"62":0,"63":0,"64":0,"65":0,"66":28,"67":11,"68":11,"69":11,"70":17,"71":28,"72":28,"73":16,"74":32,"75":28,"76":2,"77":1,"78":3,"79":1,"80":1,"81":2,"82":1,"83":1,"84":1,"85":0,"86":0,"87":1,"88":1,"89":0,"90":0,"91":0,"92":0,"93":0,"94":0,"95":0,"96":0,"97":0,"98":0,"99":0,"100":1,"101":0,"102":0,"103":0,"104":0,"105":0,"106":0,"107":0,"108":0,"109":0,"110":0,"111":1,"112":0,"113":1,"114":1,"115":1,"116":1,"117":1,"118":1,"119":0,"120":0,"121":0,"122":0,"123":2,"124":0,"125":2,"126":2,"127":1,"128":1,"129":0,"130":0,"131":0,"132":0,"133":1,"134":1,"135":1,"136":3,"137":3,"138":1,"139":0,"140":1,"141":0,"142":1,"143":1,"144":0,"145":1,"146":2,"147":11,"148":2,"149":2,"150":2,"151":2,"152":1,"153":1,"154":1,"155":1,"156":1,"157":2,"158":1,"159":2,"160":1,"161":1,"162":1,"163":0,"164":0,"165":0,"166":0,"167":0,"168":0,"169":0,"170":0,"171":0,"172":0,"173":0,"174":0,"175":0,"176":0,"177":0,"178":0,"179":0,"180":0,"181":31,"182":14,"183":1},"f":{"0":1,"1":1,"2":33,"3":28,"4":28,"5":28,"6":16,"7":0,"8":0,"9":0,"10":0,"11":0,"12":0,"13":0,"14":0,"15":0,"16":0,"17":28,"18":28,"19":16,"20":32,"21":2,"22":3,"23":1,"24":2,"25":1,"26":1,"27":0,"28":0,"29":0,"30":1,"31":0,"32":0,"33":1,"34":1,"35":1,"36":1,"37":0,"38":1,"39":0,"40":0,"41":2,"42":2,"43":1,"44":1,"45":1,"46":1,"47":3,"48":1,"49":0,"50":0,"51":1,"52":2,"53":11,"54":2,"55":2,"56":2,"57":1,"58":2,"59":1,"60":1,"61":0,"62":0,"63":31,"64":14},"b":{"0":[1,141],"1":[0,142],"2":[28,28],"3":[0,28],"4":[0,28],"5":[28,0],"6":[28,28],"7":[28,0],"8":[28,0],"9":[28,0],"10":[28,28],"11":[28,28],"12":[28,28],"13":[28,28],"14":[28,28],"15":[28,28],"16":[28,28],"17":[28,0],"18":[28,28],"19":[0,0],"20":[0,0],"21":[0,0],"22":[0,0],"23":[11,17],"24":[11,10,0],"25":[11,10],"26":[11,10],"27":[16,16],"28":[1,1],"29":[2,1],"30":[1,0],"31":[1,1,0,0],"32":[0,1],"33":[1,0],"34":[0,0],"35":[0,0],"36":[0,1],"37":[1,0],"38":[0,0],"39":[0,2],"40":[2,0],"41":[1,1],"42":[0,1],"43":[0,0],"44":[0,0,0],"45":[0,1],"46":[2,0],"47":[1,1],"48":[2,1],"49":[1,1],"50":[1,1],"51":[0,0],"52":[0,0],"53":[0,0],"54":[14,7,5]},"meta":{"lastBranch":55,"lastFunction":65,"lastStatement":184,"seen":{"s:62:7:70:Infinity":0,"f:85:18:85:29":0,"s:91:12:91:68":1,"b:92:8:94:Infinity:undefined:undefined:undefined:undefined":0,"s:92:8:94:Infinity":2,"s:93:12:93:Infinity":3,"s:96:12:96:74":4,"b:97:8:99:Infinity:undefined:undefined:undefined:undefined":1,"s:97:8:99:Infinity":5,"s:98:12:98:Infinity":6,"s:100:8:100:Infinity":7,"f:103:19:103:25":1,"s:105:12:105:84":8,"s:106:8:106:Infinity":9,"f:109:4:109:Infinity":2,"s:110:16:110:37":10,"s:111:16:111:30":11,"s:112:16:112:54":12,"s:113:16:113:44":13,"s:114:16:114:62":14,"s:115:16:115:47":15,"s:116:16:116:40":16,"s:117:16:117:43":17,"s:118:16:118:43":18,"s:119:16:119:38":19,"s:120:16:120:40":20,"s:121:16:121:48":21,"s:122:16:122:62":22,"s:72:12:72:Infinity":23,"s:80:12:82:Infinity":24,"s:83:4:83:Infinity":25,"f:125:11:125:19":3,"s:126:8:302:Infinity":26,"f:130:20:130:21":4,"s:131:43:131:58":27,"s:132:12:132:Infinity":28,"s:133:12:133:Infinity":29,"s:134:12:134:Infinity":30,"s:135:12:136:Infinity":31,"b:136:16:136:34:136:38:136:67":2,"s:138:12:301:Infinity":32,"f:145:22:145:23":5,"s:146:20:146:Infinity":33,"s:147:20:147:Infinity":34,"s:149:20:152:Infinity":35,"s:154:45:157:58":36,"b:156:26:156:Infinity:157:26:157:58":3,"s:160:20:160:Infinity":37,"s:161:20:163:Infinity":38,"f:161:67:161:68":6,"s:162:24:162:Infinity":39,"b:167:20:173:Infinity:undefined:undefined:undefined:undefined":4,"s:167:20:173:Infinity":40,"b:168:24:168:47:169:24:170:55":5,"s:172:24:172:Infinity":41,"s:178:43:178:78":42,"s:179:47:179:76":43,"s:182:24:182:71":44,"b:182:24:182:65:182:69:182:71":6,"s:183:20:268:Infinity":45,"b:185:28:185:58:185:62:185:77":7,"b:189:28:189:57:189:61:189:75":8,"b:193:28:193:54:193:58:193:76":9,"b:202:28:202:73:203:28:203:67":10,"b:205:28:205:54:206:28:206:59":11,"b:208:28:208:55:209:28:209:60":12,"b:211:28:211:55:212:28:212:60":13,"b:214:28:214:46:214:50:214:73":14,"b:216:28:216:47:216:51:216:75":15,"b:218:28:218:48:218:52:218:77":16,"b:220:28:220:50:221:28:221:55":17,"b:225:28:225:48:225:52:225:77":18,"f:229:28:229:29":7,"s:229:35:229:47":46,"f:235:32:235:33":8,"s:235:39:235:54":47,"f:241:32:241:33":9,"s:241:39:241:54":48,"f:247:32:247:33":10,"s:247:39:247:44":49,"f:253:32:253:33":11,"s:253:39:253:53":50,"s:270:20:283:Infinity":51,"f:270:47:270:48":12,"b:271:24:282:Infinity:278:31:282:Infinity":19,"s:271:24:282:Infinity":52,"s:275:28:277:Infinity":53,"s:279:28:281:Infinity":54,"s:284:20:284:Infinity":55,"s:286:20:288:Infinity":56,"f:286:31:286:34":13,"s:287:24:287:71":57,"s:290:20:292:Infinity":58,"f:294:23:294:24":14,"b:295:20:299:Infinity:undefined:undefined:undefined:undefined":20,"s:295:20:299:Infinity":59,"s:296:24:298:Infinity":60,"f:305:4:305:19":15,"s:306:8:316:Infinity":61,"f:307:12:307:13":16,"s:308:48:308:75":62,"b:309:16:314:Infinity:undefined:undefined:undefined:undefined":21,"s:309:16:314:Infinity":63,"b:309:20:309:34:309:38:309:48":22,"s:310:20:312:Infinity":64,"s:313:20:313:Infinity":65,"f:319:12:319:43":17,"b:323:8:342:Infinity:340:15:342:Infinity":23,"s:323:8:342:Infinity":66,"s:324:37:324:57":67,"s:326:16:328:34":68,"b:326:16:326:45:327:17:327:76:328:16:328:34":24,"s:329:12:339:Infinity":69,"b:330:27:330:60:330:64:330:79":25,"b:331:26:331:58:331:62:331:76":26,"s:341:12:341:Infinity":70,"f:345:12:345:33":18,"s:349:24:349:26":71,"s:350:8:358:Infinity":72,"f:350:34:350:35":19,"s:351:12:357:Infinity":73,"f:351:30:351:31":20,"s:352:16:356:Infinity":74,"b:355:36:355:40:355:43:355:52":27,"s:359:8:359:Infinity":75,"f:362:12:362:35":21,"b:364:8:371:Infinity:undefined:undefined:undefined:undefined":28,"s:364:8:371:Infinity":76,"b:365:12:365:68:366:12:366:77":29,"s:368:12:370:Infinity":77,"f:368:68:368:69":22,"s:369:16:369:64":78,"f:374:4:374:14":23,"s:375:8:375:Infinity":79,"s:376:8:376:Infinity":80,"f:379:12:379:30":24,"s:380:8:472:Infinity":81,"f:388:22:388:23":25,"b:389:20:441:Infinity:422:27:441:Infinity":30,"s:389:20:441:Infinity":82,"b:390:24:390:35:391:25:391:38:392:28:392:53:393:28:393:42":31,"s:395:29:395:61":83,"b:396:24:416:Infinity:undefined:undefined:undefined:undefined":32,"s:396:24:416:Infinity":84,"b:397:28:398:Infinity:400:28:403:Infinity":33,"s:408:32:409:Infinity":85,"s:411:28:415:Infinity":86,"s:417:24:421:Infinity":87,"f:418:34:418:35":26,"s:418:41:418:65":88,"f:420:35:420:38":27,"s:420:41:420:65":89,"b:422:27:441:Infinity:undefined:undefined:undefined:undefined":34,"s:422:27:441:Infinity":90,"s:424:41:429:Infinity":91,"s:431:45:431:60":92,"s:432:24:432:Infinity":93,"s:433:66:433:68":94,"s:434:24:436:Infinity":95,"f:435:28:435:29":28,"s:435:39:435:57":96,"s:437:24:437:Infinity":97,"s:438:24:440:Infinity":98,"f:438:45:438:48":29,"s:439:28:439:57":99,"f:443:23:443:24":30,"s:444:20:464:Infinity":100,"f:447:24:447:25":31,"s:449:32:449:83":101,"s:450:43:450:68":102,"b:451:28:461:Infinity:undefined:undefined:undefined:undefined":35,"s:451:28:461:Infinity":103,"s:452:45:452:54":104,"s:453:50:453:59":105,"s:455:36:456:71":106,"s:457:46:458:Infinity":107,"f:458:36:458:37":32,"s:458:46:458:76":108,"s:460:32:460:Infinity":109,"s:462:28:462:Infinity":110,"b:465:20:470:Infinity:undefined:undefined:undefined:undefined":36,"s:465:20:470:Infinity":111,"s:467:24:469:Infinity":112,"f:475:12:475:29":33,"s:476:8:490:Infinity":113,"f:493:4:493:28":34,"s:494:8:507:Infinity":114,"f:497:16:497:17":35,"b:498:20:504:Infinity:undefined:undefined:undefined:undefined":37,"s:498:20:504:Infinity":115,"s:499:24:503:Infinity":116,"f:501:39:501:42":36,"s:502:32:502:Infinity":117,"f:506:16:506:19":37,"f:510:4:510:17":38,"s:511:8:521:Infinity":118,"f:511:19:511:22":39,"b:512:12:520:Infinity:undefined:undefined:undefined:undefined":38,"s:512:12:520:Infinity":119,"s:513:16:513:Infinity":120,"s:514:16:519:Infinity":121,"f:519:33:519:36":40,"s:519:39:519:67":122,"f:524:12:524:33":41,"b:525:8:537:Infinity:530:15:537:Infinity":39,"s:525:8:537:Infinity":123,"b:525:12:525:20:525:24:525:75":40,"s:526:12:529:Infinity":124,"s:531:12:536:Infinity":125,"f:540:4:540:32":42,"b:542:8:548:Infinity:undefined:undefined:undefined:undefined":41,"s:542:8:548:Infinity":126,"s:545:12:547:Infinity":127,"f:551:4:551:22":43,"b:552:8:565:Infinity:undefined:undefined:undefined:undefined":42,"s:552:8:565:Infinity":128,"s:553:31:555:16":129,"s:556:34:557:Infinity":130,"b:559:12:564:Infinity:undefined:undefined:undefined:undefined":43,"s:559:12:564:Infinity":131,"b:560:16:560:38:561:17:561:44:561:48:561:74":44,"s:563:16:563:Infinity":132,"f:568:4:568:17":44,"s:569:8:571:Infinity":133,"f:574:4:574:23":45,"s:575:8:577:Infinity":134,"f:580:4:580:21":46,"s:581:8:586:Infinity":135,"f:581:51:581:52":47,"s:582:24:582:67":136,"s:583:12:585:Infinity":137,"f:589:4:589:9":48,"s:591:32:593:9":138,"f:591:32:591:35":49,"s:592:12:592:Infinity":139,"s:594:8:619:Infinity":140,"f:602:22:602:25":50,"s:604:20:604:Infinity":141,"f:606:23:606:24":51,"s:607:34:607:56":142,"b:608:20:617:Infinity:611:27:617:Infinity":45,"s:608:20:617:Infinity":143,"s:610:24:610:Infinity":144,"s:612:24:616:Infinity":145,"f:622:8:622:23":52,"s:623:8:623:Infinity":146,"b:623:15:623:24:623:28:623:74":46,"f:626:8:626:26":53,"s:627:8:627:Infinity":147,"f:630:4:630:25":54,"s:633:16:633:68":148,"s:636:8:638:Infinity":149,"b:637:25:637:Infinity:638:14:638:18":47,"f:641:4:641:21":55,"s:
[...]
,"/home/runner/work/alf.io/alf.io/frontend/projects/public/src/app/shared/util.ts": {"path":"/home/runner/work/alf.io/alf.io/frontend/projects/public/src/app/shared/util.ts","statementMap":{"0":{"start":{"line":13,"column":43},"end":{"line":13,"column":78}},"1":{"start":{"line":16,"column":4},"end":{"line":20,"column":null}},"2":{"start":{"line":17,"column":8},"end":{"line":17,"column":null}},"3":{"start":{"line":24,"column":4},"end":{"line":29,"column":null}},"4":{"start":{"line":25,"column":8},"end":{"line":25,"column":null}},"5":{"start":{"line":28,"column":8},"end":{"line":28,"column":null}},"6":{"start":{"line":33,"column":4},"end":{"line":35,"column":null}},"7":{"start":{"line":34,"column":8},"end":{"line":34,"column":null}},"8":{"start":{"line":39,"column":4},"end":{"line":41,"column":51}},"9":{"start":{"line":42,"column":24},"end":{"line":42,"column":48}},"10":{"start":{"line":50,"column":4},"end":{"line":59,"column":null}},"11":{"start":{"line":51,"column":8},"end":{"line":58,"column":null}},"12":{"start":{"line":68,"column":22},"end":{"line":80,"column":10}},"13":{"start":{"line":71,"column":16},"end":{"line":71,"column":68}},"14":{"start":{"line":74,"column":16},"end":{"line":74,"column":64}},"15":{"start":{"line":78,"column":12},"end":{"line":78,"column":null}},"16":{"start":{"line":79,"column":12},"end":{"line":79,"column":null}},"17":{"start":{"line":84,"column":4},"end":{"line":86,"column":null}},"18":{"start":{"line":85,"column":8},"end":{"line":85,"column":null}},"19":{"start":{"line":87,"column":4},"end":{"line":87,"column":null}},"20":{"start":{"line":93,"column":4},"end":{"line":95,"column":null}},"21":{"start":{"line":94,"column":8},"end":{"line":94,"column":null}},"22":{"start":{"line":96,"column":24},"end":{"line":120,"column":null}},"23":{"start":{"line":98,"column":12},"end":{"line":101,"column":null}},"24":{"start":{"line":105,"column":33},"end":{"line":105,"column":68}},"25":{"start":{"line":106,"column":16},"end":{"line":117,"column":null}},"26":{"start":{"line":107,"column":20},"end":{"line":107,"column":null}},"27":{"start":{"line":108,"column":20},"end":{"line":111,"column":null}},"28":{"start":{"line":113,"column":20},"end":{"line":116,"column":null}},"29":{"start":{"line":118,"column":16},"end":{"line":118,"column":null}},"30":{"start":{"line":122,"column":4},"end":{"line":122,"column":null}},"31":{"start":{"line":132,"column":20},"end":{"line":132,"column":47}},"32":{"start":{"line":133,"column":4},"end":{"line":137,"column":null}},"33":{"start":{"line":134,"column":8},"end":{"line":134,"column":null}},"34":{"start":{"line":136,"column":8},"end":{"line":136,"column":null}}},"fnMap":{"0":{"name":"writeToSessionStorage","decl":{"start":{"line":15,"column":16},"end":{"line":15,"column":37}},"loc":{"start":{"line":15,"column":64},"end":{"line":21,"column":null}},"line":15},"1":{"name":"getFromSessionStorage","decl":{"start":{"line":23,"column":16},"end":{"line":23,"column":37}},"loc":{"start":{"line":23,"column":49},"end":{"line":30,"column":null}},"line":23},"2":{"name":"removeFromSessionStorage","decl":{"start":{"line":32,"column":16},"end":{"line":32,"column":40}},"loc":{"start":{"line":32,"column":52},"end":{"line":36,"column":null}},"line":32},"3":{"name":"notifyPaymentErrorToParent","decl":{"start":{"line":44,"column":16},"end":{"line":44,"column":42}},"loc":{"start":{"line":48,"column":14},"end":{"line":60,"column":null}},"line":48},"4":{"name":"pollReservationStatus","decl":{"start":{"line":62,"column":16},"end":{"line":62,"column":37}},"loc":{"start":{"line":66,"column":60},"end":{"line":81,"column":null}},"line":66},"5":{"name":"(anonymous_5)","decl":{"start":{"line":70,"column":21},"end":{"line":70,"column":24}},"loc":{"start":{"line":71,"column":16},"end":{"line":71,"column":68}},"line":71},"6":{"name":"(anonymous_6)","decl":{"start":{"line":73,"column":19},"end":{"line":73,"column":20}},"loc":{"start":{"line":74,"column":16},"end":{"line":74,"column":64}},"line":74},"7":{"name":"(anonymous_7)","decl":{"start":{"line":77,"column":19},"end":{"line":77,"column":20}},"loc":{"start":{"line":77,"column":39},"end":{"line":80,"column":9}},"line":77},"8":{"name":"errorMessage","decl":{"start":{"line":83,"column":9},"end":{"line":83,"column":21}},"loc":{"start":{"line":83,"column":32},"end":{"line":88,"column":null}},"line":83},"9":{"name":"groupAdditionalData","decl":{"start":{"line":90,"column":16},"end":{"line":90,"column":35}},"loc":{"start":{"line":91,"column":37},"end":{"line":123,"column":null}},"line":91},"10":{"name":"(anonymous_10)","decl":{"start":{"line":97,"column":13},"end":{"line":97,"column":14}},"loc":{"start":{"line":97,"column":19},"end":{"line":102,"column":9}},"line":97},"11":{"name":"(anonymous_11)","decl":{"start":{"line":104,"column":12},"end":{"line":104,"column":13}},"loc":{"start":{"line":104,"column":42},"end":{"line":119,"column":13}},"line":104},"12":{"name":"loadPreloaded","decl":{"start":{"line":131,"column":16},"end":{"line":131,"column":29}},"loc":{"start":{"line":131,"column":40},"end":{"line":138,"column":null}},"line":131}},"branchMap":{"0":{"loc":{"start":{"line":39,"column":4},"end":{"line":41,"column":51}},"type":"binary-expr","locations":[{"start":{"line":39,"column":4},"end":{"line":39,"column":33}},{"start":{"line":40,"column":4},"end":{"line":40,"column":43}},{"start":{"line":41,"column":4},"end":{"line":41,"column":51}}],"line":39},"1":{"loc":{"start":{"line":50,"column":4},"end":{"line":59,"column":null}},"type":"if","locations":[{"start":{"line":50,"column":4},"end":{"line":59,"column":null}},{"start":{},"end":{}}],"line":50},"2":{"loc":{"start":{"line":50,"column":8},"end":{"line":50,"column":66}},"type":"binary-expr","locations":[{"start":{"line":50,"column":8},"end":{"line":50,"column":16}},{"start":{"line":50,"column":20},"end":{"line":50,"column":66}}],"line":50},"3":{"loc":{"start":{"line":66,"column":4},"end":{"line":66,"column":60}},"type":"default-arg","locations":[{"start":{"line":66,"column":48},"end":{"line":66,"column":60}}],"line":66},"4":{"loc":{"start":{"line":84,"column":4},"end":{"line":86,"column":null}},"type":"if","locations":[{"start":{"line":84,"column":4},"end":{"line":86,"column":null}},{"start":{},"end":{}}],"line":84},"5":{"loc":{"start":{"line":93,"column":4},"end":{"line":95,"column":null}},"type":"if","locations":[{"start":{"line":93,"column":4},"end":{"line":95,"column":null}},{"start":{},"end":{}}],"line":93},"6":{"loc":{"start":{"line":93,"column":8},"end":{"line":93,"column":41}},"type":"binary-expr","locations":[{"start":{"line":93,"column":8},"end":{"line":93,"column":20}},{"start":{"line":93,"column":24},"end":{"line":93,"column":41}}],"line":93},"7":{"loc":{"start":{"line":106,"column":16},"end":{"line":117,"column":null}},"type":"if","locations":[{"start":{"line":106,"column":16},"end":{"line":117,"column":null}},{"start":{"line":112,"column":23},"end":{"line":117,"column":null}}],"line":106},"8":{"loc":{"start":{"line":133,"column":4},"end":{"line":137,"column":null}},"type":"if","locations":[{"start":{"line":133,"column":4},"end":{"line":137,"column":null}},{"start":{"line":135,"column":11},"end":{"line":137,"column":null}}],"line":133},"9":{"loc":{"start":{"line":133,"column":8},"end":{"line":133,"column":38}},"type":"binary-expr","locations":[{"start":{"line":133,"column":8},"end":{"line":133,"column":15}},{"start":{"line":133,"column":19},"end":{"line":133,"column":38}}],"line":133}},"s":{"0":15,"1":2,"2":2,"3":3,"4":3,"5":1,"6":2,"7":2,"8":15,"9":15,"10":5,"11":0,"12":0,"13":0,"14":0,"15":0,"16":0,"17":0,"18":0,"19":0,"20":4,"21":2,"22":2,"23":4,"24":4,"25":4,"26":1,"27":1,"28":3,"29":4,"30":2,"31":2,"32":2,"33":1,"34":1},"f":{"0":2,"1":3,"2":2,"3":5,"4":0,"5":0,"6":0,"7":0,"8":0,"9":4,"10":4,"11":4,"12":2},"b":{"0":[15,15,0],"1":[0,5],"2":[5,0],"3":[0],"4":[0,0],"5":[2,2],"6":[4,3],"7":[1,3],"8":[1,1],"9":[2,1]},"meta":{"lastBranch":10,"lastFunction":13,"lastStatement":35,"seen":{"s:13:43:13:78":0,"f:15:16:15:37":0,"s:16:4:20:Infinity":1,"s:17:8:17:Infinity":2,"f:23:16:23:37":1,"s:24:4:29:Infinity":3,"s:25:8:25:Infinity":4,"s:28:8:28:Infinity":5,"f:32:16:32:40":2,"s:33:4:35:Infinity":6,"s:34:8:34:Infinity":7,"s:39:4:41:51":8,"b:39:4:39:33:40:4:40:43:41:4:41:51":0,"s:42:24:42:48":9,"f:44:16:44:42":3,"b:50:4:59:Infinity:undefined:undefined:undefined:undefined":1,"s:50:4:59:Infinity":10,"b:50:8:50:16:50:20:50:66":2,"s:51:8:58:Infinity":11,"f:62:16:62:37":4,"b:66:48:66:60":3,"s:68:22:80:10":12,"f:70:21:70:24":5,"s:71:16:71:68":13,"f:73:19:73:20":6,"s:74:16:74:64":14,"f:77:19:77:20":7,"s:78:12:78:Infinity":15,"s:79:12:79:Infinity":16,"f:83:9:83:21":8,"b:84:4:86:Infinity:undefined:undefined:undefined:undefined":4,"s:84:4:86:Infinity":17,"s:85:8:85:Infinity":18,"s:87:4:87:Infinity":19,"f:90:16:90:35":9,"b:93:4:95:Infinity:undefined:undefined:undefined:undefined":5,"s:93:4:95:Infinity":20,"b:93:8:93:20:93:24:93:41":6,"s:94:8:94:Infinity":21,"s:96:24:120:Infinity":22,"f:97:13:97:14":10,"s:98:12:101:Infinity":23,"f:104:12:104:13":11,"s:105:33:105:68":24,"b:106:16:117:Infinity:112:23:117:Infinity":7,"s:106:16:117:Infinity":25,"s:107:20:107:Infinity":26,"s:108:20:111:Infinity":27,"s:113:20:116:Infinity":28,"s:118:16:118:Infinity":29,"s:122:4:122:Infinity":30,"f:131:16:131:29":12,"s:132:20:132:47":31,"b:133:4:137:Infinity:135:11:137:Infinity":8,"s:133:4:137:Infinity":32,"b:133:8:133:15:133:19:133:38":9,"s:134:8:134:Infinity":33,"s:136:8:136:Infinity":34}}}
,"/home/runner/work/alf.io/alf.io/frontend/projects/public/src/app/shared/feedback/feedback.component.scss": {"path":"/home/runner/work/alf.io/alf.io/frontend/projects/public/src/app/shared/feedback/feedback.component.scss","statementMap":{},"fnMap":{},"branchMap":{},"s":{},"f":{},"b":{},"meta":{"lastBranch":0,"lastFunction":0,"lastStatement":0,"seen":{}}}
,"/home/runner/work/alf.io/alf.io/frontend/projects/public/src/app/shared/feedback/feedback.component.ts": {"path":"/home/runner/work/alf.io/alf.io/frontend/projects/public/src/app/shared/feedback/feedback.component.ts","statementMap":{"0":{"start":{"line":11,"column":7},"end":{"line":59,"column":null}},"1":{"start":{"line":16,"column":24},"end":{"line":16,"column":56}},"2":{"start":{"line":13,"column":4},"end":{"line":13,"column":null}},"3":{"start":{"line":14,"column":12},"end":{"line":14,"column":null}},"4":{"start":{"line":17,"column":8},"end":{"line":21,"column":null}},"5":{"start":{"line":18,"column":12},"end":{"line":18,"column":null}},"6":{"start":{"line":19,"column":12},"end":{"line":19,"column":null}},"7":{"start":{"line":20,"column":12},"end":{"line":20,"column":null}},"8":{"start":{"line":25,"column":8},"end":{"line":25,"column":null}},"9":{"start":{"line":29,"column":8},"end":{"line":36,"column":null}},"10":{"start":{"line":31,"column":16},"end":{"line":31,"column":null}},"11":{"start":{"line":33,"column":16},"end":{"line":33,"column":null}},"12":{"start":{"line":35,"column":16},"end":{"line":35,"column":null}},"13":{"start":{"line":40,"column":8},"end":{"line":47,"column":null}},"14":{"start":{"line":42,"column":16},"end":{"line":42,"column":null}},"15":{"start":{"line":44,"column":16},"end":{"line":44,"column":null}},"16":{"start":{"line":46,"column":16},"end":{"line":46,"column":null}},"17":{"start":{"line":51,"column":8},"end":{"line":58,"column":null}},"18":{"start":{"line":53,"column":16},"end":{"line":53,"column":null}},"19":{"start":{"line":55,"column":16},"end":{"line":55,"column":null}},"20":{"start":{"line":57,"column":16},"end":{"line":57,"column":null}},"21":{"start":{"line":11,"column":13},"end":{"line":60,"column":null}}},"fnMap":{"0":{"name":"constructor","decl":{"start":{"line":16,"column":4},"end":{"line":16,"column":24}},"loc":{"start":{"line":16,"column":56},"end":{"line":22,"column":null}},"line":16},"1":{"name":"(anonymous_1)","decl":{"start":{"line":17,"column":61},"end":{"line":17,"column":62}},"loc":{"start":{"line":17,"column":73},"end":{"line":21,"column":9}},"line":17},"2":{"name":"hide","decl":{"start":{"line":24,"column":11},"end":{"line":24,"column":15}},"loc":{"start":{"line":24,"column":15},"end":{"line":26,"column":null}},"line":24},"3":{"name":"boxClass","decl":{"start":{"line":28,"column":8},"end":{"line":28,"column":16}},"loc":{"start":{"line":28,"column":16},"end":{"line":37,"column":null}},"line":28},"4":{"name":"headerClass","decl":{"start":{"line":39,"column":8},"end":{"line":39,"column":19}},"loc":{"start":{"line":39,"column":19},"end":{"line":48,"column":null}},"line":39},"5":{"name":"boxIcon","decl":{"start":{"line":50,"column":8},"end":{"line":50,"column":15}},"loc":{"start":{"line":50,"column":15},"end":{"line":59,"column":null}},"line":50}},"branchMap":{"0":{"loc":{"start":{"line":20,"column":24},"end":{"line":20,"column":46}},"type":"binary-expr","locations":[{"start":{"line":20,"column":24},"end":{"line":20,"column":36}},{"start":{"line":20,"column":40},"end":{"line":20,"column":46}}],"line":20},"1":{"loc":{"start":{"line":29,"column":8},"end":{"line":36,"column":null}},"type":"switch","locations":[{"start":{"line":30,"column":12},"end":{"line":31,"column":null}},{"start":{"line":32,"column":12},"end":{"line":33,"column":null}},{"start":{"line":34,"column":12},"end":{"line":35,"column":null}}],"line":29},"2":{"loc":{"start":{"line":40,"column":8},"end":{"line":47,"column":null}},"type":"switch","locations":[{"start":{"line":41,"column":12},"end":{"line":42,"column":null}},{"start":{"line":43,"column":12},"end":{"line":44,"column":null}},{"start":{"line":45,"column":12},"end":{"line":46,"column":null}}],"line":40},"3":{"loc":{"start":{"line":51,"column":8},"end":{"line":58,"column":null}},"type":"switch","locations":[{"start":{"line":52,"column":12},"end":{"line":53,"column":null}},{"start":{"line":54,"column":12},"end":{"line":55,"column":null}},{"start":{"line":56,"column":12},"end":{"line":57,"column":null}}],"line":51}},"s":{"0":1,"1":12,"2":12,"3":12,"4":12,"5":12,"6":12,"7":12,"8":1,"9":3,"10":1,"11":1,"12":1,"13":3,"14":1,"15":1,"16":1,"17":3,"18":1,"19":1,"20":1,"21":1},"f":{"0":12,"1":12,"2":1,"3":3,"4":3,"5":3},"b":{"0":[12,0],"1":[1,1,1],"2":[1,1,1],"3":[1,1,1]},"meta":{"lastBranch":4,"lastFunction":6,"lastStatement":22,"seen":{"s:11:7:59:Infinity":0,"f:16:4:16:24":0,"s:16:24:16:56":1,"s:13:4:13:Infinity":2,"s:14:12:14:Infinity":3,"s:17:8:21:Infinity":4,"f:17:61:17:62":1,"s:18:12:18:Infinity":5,"s:19:12:19:Infinity":6,"s:20:12:20:Infinity":7,"b:20:24:20:36:20:40:20:46":0,"f:24:11:24:15":2,"s:25:8:25:Infinity":8,"f:28:8:28:16":3,"b:30:12:31:Infinity:32:12:33:Infinity:34:12:35:Infinity":1,"s:29:8:36:Infinity":9,"s:31:16:31:Infinity":10,"s:33:16:33:Infinity":11,"s:35:16:35:Infinity":12,"f:39:8:39:19":4,"b:41:12:42:Infinity:43:12:44:Infinity:45:12:46:Infinity":2,"s:40:8:47:Infinity":13,"s:42:16:42:Infinity":14,"s:44:16:44:Infinity":15,"s:46:16:46:Infinity":16,"f:50:8:50:15":5,"b:52:12:53:Infinity:54:12:55:Infinity:56:12:57:Infinity":3,"s:51:8:58:Infinity":17,"s:53:16:53:Infinity":18,"s:55:16:55:Infinity":19,"s:57:16:57:Infinity":20,"s:11:13:60:Infinity":21}}}
,"/home/runner/work/alf.io/alf.io/frontend/projects/public/src/app/shared/feedback/feedback.service.ts": {"path":"/home/runner/work/alf.io/alf.io/frontend/projects/public/src/app/shared/feedback/feedback.service.ts","statementMap":{"0":{"start":{"line":8,"column":7},"end":{"line":42,"column":null}},"1":{"start":{"line":9,"column":12},"end":{"line":9,"column":null}},"2":{"start":{"line":12,"column":8},"end":{"line":16,"column":null}},"3":{"start":{"line":20,"column":8},"end":{"line":24,"column":null}},"4":{"start":{"line":28,"column":8},"end":{"line":32,"column":null}},"5":{"start":{"line":36,"column":8},"end":{"line":36,"column":null}},"6":{"start":{"line":40,"column":8},"end":{"line":40,"column":null}},"7":{"start":{"line":8,"column":13},"end":{"line":42,"column":null}}},"fnMap":{"0":{"name":"constructor","decl":{"start":{"line":8,"column":7},"end":{"line":8,"column":13}},"loc":{"start":{"line":8,"column":7},"end":{"line":42,"column":1}},"line":8},"1":{"name":"showSuccess","decl":{"start":{"line":11,"column":11},"end":{"line":11,"column":22}},"loc":{"start":{"line":11,"column":38},"end":{"line":17,"column":null}},"line":11},"2":{"name":"showError","decl":{"start":{"line":19,"column":11},"end":{"line":19,"column":20}},"loc":{"start":{"line":19,"column":36},"end":{"line":25,"column":null}},"line":19},"3":{"name":"showInfo","decl":{"start":{"line":27,"column":11},"end":{"line":27,"column":19}},"loc":{"start":{"line":27,"column":35},"end":{"line":33,"column":null}},"line":27},"4":{"name":"hide","decl":{"start":{"line":35,"column":11},"end":{"line":35,"column":15}},"loc":{"start":{"line":35,"column":15},"end":{"line":37,"column":null}},"line":35},"5":{"name":"displayNotification","decl":{"start":{"line":39,"column":11},"end":{"line":39,"column":30}},"loc":{"start":{"line":39,"column":30},"end":{"line":41,"column":null}},"line":39}},"branchMap":{},"s":{"0":5,"1":6,"2":2,"3":2,"4":2,"5":1,"6":6,"7":5},"f":{"0":6,"1":2,"2":2,"3":2,"4":1,"5":6},"b":{},"meta":{"lastBranch":0,"lastFunction":6,"lastStatement":8,"seen":{"s:8:7:42:Infinity":0,"f:8:7:8:13":0,"s:9:12:9:Infinity":1,"f:11:11:11:22":1,"s:12:8:16:Infinity":2,"f:19:11:19:20":2,"s:20:8:24:Infinity":3,"f:27:11:27:19":3,"s:28:8:32:Infinity":4,"f:35:11:35:15":4,"s:36:8:36:Infinity":5,"f:39:11:39:30":5,"s:40:8:40:Infinity":6,"s:8:13:42:Infinity":7}}}
,"/home/runner/work/alf.io/alf.io/frontend/projects/public/src/app/shared/warning-modal/warning-modal.component.ts": {"path":"/home/runner/work/alf.io/alf.io/frontend/projects/public/src/app/shared/warning-modal/warning-modal.component.ts","statementMap":{"0":{"start":{"line":8,"column":7},"end":{"line":12,"column":null}},"1":{"start":{"line":15,"column":23},"end":{"line":15,"column":50}},"2":{"start":{"line":8,"column":13},"end":{"line":16,"column":null}}},"fnMap":{"0":{"name":"constructor","decl":{"start":{"line":15,"column":4},"end":{"line":15,"column":23}},"loc":{"start":{"line":15,"column":50},"end":{"line":15,"column":null}},"line":15}},"branchMap":{},"s":{"0":2,"1":5,"2":2},"f":{"0":5},"b":{},"meta":{"lastBranch":0,"lastFunction":1,"lastStatement":3,"seen":{"s:8:7:12:Infinity":0,"f:15:4:15:23":0,"s:15:23:15:50":1,"s:8:13:16:Infinity":2}}}
}
