{"/home/runner/work/alf.io/alf.io/frontend/projects/public/src/karma.conf.js": {"path":"/home/runner/work/alf.io/alf.io/frontend/projects/public/src/karma.conf.js","all":true,"statementMap":{"0":{"start":{"line":1,"column":0},"end":{"line":1,"column":58}},"1":{"start":{"line":2,"column":0},"end":{"line":2,"column":68}},"3":{"start":{"line":4,"column":0},"end":{"line":4,"column":36}},"4":{"start":{"line":5,"column":0},"end":{"line":5,"column":14}},"5":{"start":{"line":6,"column":0},"end":{"line":6,"column":17}},"6":{"start":{"line":7,"column":0},"end":{"line":7,"column":61}},"7":{"start":{"line":8,"column":0},"end":{"line":8,"column":14}},"8":{"start":{"line":9,"column":0},"end":{"line":9,"column":31}},"9":{"start":{"line":10,"column":0},"end":{"line":10,"column":39}},"10":{"start":{"line":11,"column":0},"end":{"line":11,"column":45}},"11":{"start":{"line":12,"column":0},"end":{"line":12,"column":50}},"12":{"start":{"line":13,"column":0},"end":{"line":13,"column":60}},"13":{"start":{"line":14,"column":0},"end":{"line":14,"column":6}},"14":{"start":{"line":15,"column":0},"end":{"line":15,"column":13}},"15":{"start":{"line":16,"column":0},"end":{"line":16,"column":80}},"16":{"start":{"line":17,"column":0},"end":{"line":17,"column":6}},"17":{"start":{"line":18,"column":0},"end":{"line":18,"column":31}},"18":{"start":{"line":19,"column":0},"end":{"line":19,"column":58}},"19":{"start":{"line":20,"column":0},"end":{"line":20,"column":52}},"20":{"start":{"line":21,"column":0},"end":{"line":21,"column":33}},"21":{"start":{"line":22,"column":0},"end":{"line":22,"column":6}},"22":{"start":{"line":23,"column":0},"end":{"line":23,"column":38}},"23":{"start":{"line":24,"column":0},"end":{"line":24,"column":15}},"24":{"start":{"line":25,"column":0},"end":{"line":25,"column":17}},"25":{"start":{"line":26,"column":0},"end":{"line":26,"column":30}},"26":{"start":{"line":27,"column":0},"end":{"line":27,"column":20}},"27":{"start":{"line":28,"column":0},"end":{"line":28,"column":25}},"28":{"start":{"line":29,"column":0},"end":{"line":29,"column":20}},"29":{"start":{"line":30,"column":0},"end":{"line":30,"column":5}},"30":{"start":{"line":31,"column":0},"end":{"line":31,"column":2}}},"s":{"0":0,"1":0,"3":0,"4":0,"5":0,"6":0,"7":0,"8":0,"9":0,"10":0,"11":0,"12":0,"13":0,"14":0,"15":0,"16":0,"17":0,"18":0,"19":0,"20":0,"21":0,"22":0,"23":0,"24":0,"25":0,"26":0,"27":0,"28":0,"29":0,"30":0},"branchMap":{"0":{"type":"branch","line":1,"loc":{"start":{"line":1,"column":0},"end":{"line":31,"column":2}},"locations":[{"start":{"line":1,"column":0},"end":{"line":31,"column":2}}]}},"b":{"0":[0]},"fnMap":{"0":{"name":"(empty-report)","decl":{"start":{"line":1,"column":0},"end":{"line":31,"column":2}},"loc":{"start":{"line":1,"column":0},"end":{"line":31,"column":2}},"line":1}},"f":{"0":0}}
,"/home/runner/work/alf.io/alf.io/frontend/projects/public/src/main.ts": {"path":"/home/runner/work/alf.io/alf.io/frontend/projects/public/src/main.ts","all":true,"statementMap":{},"s":{},"branchMap":{"0":{"type":"branch","line":1,"loc":{"start":{"line":1,"column":427},"end":{"line":15,"column":40}},"locations":[{"start":{"line":1,"column":427},"end":{"line":15,"column":40}}]}},"b":{"0":[1]},"fnMap":{"0":{"name":"(empty-report)","decl":{"start":{"line":1,"column":427},"end":{"line":15,"column":40}},"loc":{"start":{"line":1,"column":427},"end":{"line":15,"column":40}},"line":1}},"f":{"0":1}}
,"/home/runner/work/alf.io/alf.io/frontend/projects/public/src/test.ts": {"path":"/home/runner/work/alf.io/alf.io/frontend/projects/public/src/test.ts","all":true,"statementMap":{},"s":{},"branchMap":{"0":{"type":"branch","line":1,"loc":{"start":{"line":1,"column":651},"end":{"line":20,"column":28}},"locations":[{"start":{"line":1,"column":651},"end":{"line":20,"column":28}}]}},"b":{"0":[1]},"fnMap":{"0":{"name":"(empty-report)","decl":{"start":{"line":1,"column":651},"end":{"line":20,"column":28}},"loc":{"start":{"line":1,"column":651},"end":{"line":20,"column":28}},"line":1}},"f":{"0":1}}
,"/home/runner/work/alf.io/alf.io/frontend/projects/public/src/app/app-routing.module.ts": {"path":"/home/runner/work/alf.io/alf.io/frontend/projects/public/src/app/app-routing.module.ts","all":true,"statementMap":{},"s":{},"branchMap":{"0":{"type":"branch","line":1,"loc":{"start":{"line":1,"column":9048},"end":{"line":250,"column":32}},"locations":[{"start":{"line":1,"column":9048},"end":{"line":250,"column":32}}]}},"b":{"0":[1]},"fnMap":{"0":{"name":"(empty-report)","decl":{"start":{"line":1,"column":9048},"end":{"line":250,"column":32}},"loc":{"start":{"line":1,"column":9048},"end":{"line":250,"column":32}},"line":1}},"f":{"0":1}}
,"/home/runner/work/alf.io/alf.io/frontend/projects/public/src/app/app.component.ts": {"path":"/home/runner/work/alf.io/alf.io/frontend/projects/public/src/app/app.component.ts","all":true,"statementMap":{},"s":{},"branchMap":{"0":{"type":"branch","line":1,"loc":{"start":{"line":1,"column":1045},"end":{"line":32,"column":1}},"locations":[{"start":{"line":1,"column":1045},"end":{"line":32,"column":1}}]}},"b":{"0":[1]},"fnMap":{"0":{"name":"(empty-report)","decl":{"start":{"line":1,"column":1045},"end":{"line":32,"column":1}},"loc":{"start":{"line":1,"column":1045},"end":{"line":32,"column":1}},"line":1}},"f":{"0":1}}
,"/home/runner/work/alf.io/alf.io/frontend/projects/public/src/app/app.module.ts": {"path":"/home/runner/work/alf.io/alf.io/frontend/projects/public/src/app/app.module.ts","all":true,"statementMap":{},"s":{},"branchMap":{"0":{"type":"branch","line":1,"loc":{"start":{"line":1,"column":13002},"end":{"line":330,"column":1}},"locations":[{"start":{"line":1,"column":13002},"end":{"line":330,"column":1}}]}},"b":{"0":[1]},"fnMap":{"0":{"name":"(empty-report)","decl":{"start":{"line":1,"column":13002},"end":{"line":330,"column":1}},"loc":{"start":{"line":1,"column":13002},"end":{"line":330,"column":1}},"line":1}},"f":{"0":1}}
,"/home/runner/work/alf.io/alf.io/frontend/projects/public/src/app/event.guard.ts": {"path":"/home/runner/work/alf.io/alf.io/frontend/projects/public/src/app/event.guard.ts","all":true,"statementMap":{},"s":{},"branchMap":{"0":{"type":"branch","line":1,"loc":{"start":{"line":1,"column":997},"end":{"line":33,"column":1}},"locations":[{"start":{"line":1,"column":997},"end":{"line":33,"column":1}}]}},"b":{"0":[1]},"fnMap":{"0":{"name":"(empty-report)","decl":{"start":{"line":1,"column":997},"end":{"line":33,"column":1}},"loc":{"start":{"line":1,"column":997},"end":{"line":33,"column":1}},"line":1}},"f":{"0":1}}
,"/home/runner/work/alf.io/alf.io/frontend/projects/public/src/app/header-information-retriever.ts": {"path":"/home/runner/work/alf.io/alf.io/frontend/projects/public/src/app/header-information-retriever.ts","all":true,"statementMap":{},"s":{},"branchMap":{"0":{"type":"branch","line":1,"loc":{"start":{"line":1,"column":989},"end":{"line":33,"column":1}},"locations":[{"start":{"line":1,"column":989},"end":{"line":33,"column":1}}]}},"b":{"0":[1]},"fnMap":{"0":{"name":"(empty-report)","decl":{"start":{"line":1,"column":989},"end":{"line":33,"column":1}},"loc":{"start":{"line":1,"column":989},"end":{"line":33,"column":1}},"line":1}},"f":{"0":1}}
,"/home/runner/work/alf.io/alf.io/frontend/projects/public/src/app/language.guard.ts": {"path":"/home/runner/work/alf.io/alf.io/frontend/projects/public/src/app/language.guard.ts","all":true,"statementMap":{},"s":{},"branchMap":{"0":{"type":"branch","line":1,"loc":{"start":{"line":1,"column":3038},"end":{"line":94,"column":1}},"locations":[{"start":{"line":1,"column":3038},"end":{"line":94,"column":1}}]}},"b":{"0":[1]},"fnMap":{"0":{"name":"(empty-report)","decl":{"start":{"line":1,"column":3038},"end":{"line":94,"column":1}},"loc":{"start":{"line":1,"column":3038},"end":{"line":94,"column":1}},"line":1}},"f":{"0":1}}
,"/home/runner/work/alf.io/alf.io/frontend/projects/public/src/app/remove-event-css.guard.ts": {"path":"/home/runner/work/alf.io/alf.io/frontend/projects/public/src/app/remove-event-css.guard.ts","all":true,"statementMap":{},"s":{},"branchMap":{"0":{"type":"branch","line":1,"loc":{"start":{"line":1,"column":325},"end":{"line":13,"column":1}},"locations":[{"start":{"line":1,"column":325},"end":{"line":13,"column":1}}]}},"b":{"0":[1]},"fnMap":{"0":{"name":"(empty-report)","decl":{"start":{"line":1,"column":325},"end":{"line":13,"column":1}},"loc":{"start":{"line":1,"column":325},"end":{"line":13,"column":1}},"line":1}},"f":{"0":1}}
,"/home/runner/work/alf.io/alf.io/frontend/projects/public/src/app/user-logged-in.guard.ts": {"path":"/home/runner/work/alf.io/alf.io/frontend/projects/public/src/app/user-logged-in.guard.ts","all":true,"statementMap":{},"s":{},"branchMap":{"0":{"type":"branch","line":1,"loc":{"start":{"line":1,"column":960},"end":{"line":36,"column":1}},"locations":[{"start":{"line":1,"column":960},"end":{"line":36,"column":1}}]}},"b":{"0":[1]},"fnMap":{"0":{"name":"(empty-report)","decl":{"start":{"line":1,"column":960},"end":{"line":36,"column":1}},"loc":{"start":{"line":1,"column":960},"end":{"line":36,"column":1}},"line":1}},"f":{"0":1}}
,"/home/runner/work/alf.io/alf.io/frontend/projects/public/src/app/xsrf.ts": {"path":"/home/runner/work/alf.io/alf.io/frontend/projects/public/src/app/xsrf.ts","all":true,"statementMap":{},"s":{},"branchMap":{"0":{"type":"branch","line":1,"loc":{"start":{"line":1,"column":4205},"end":{"line":145,"column":1}},"locations":[{"start":{"line":1,"column":4205},"end":{"line":145,"column":1}}]}},"b":{"0":[1]},"fnMap":{"0":{"name":"(empty-report)","decl":{"start":{"line":1,"column":4205},"end":{"line":145,"column":1}},"loc":{"start":{"line":1,"column":4205},"end":{"line":145,"column":1}},"line":1}},"f":{"0":1}}
,"/home/runner/work/alf.io/alf.io/frontend/projects/public/src/app/additional-field/additional-field.component.ts": {"path":"/home/runner/work/alf.io/alf.io/frontend/projects/public/src/app/additional-field/additional-field.component.ts","all":true,"statementMap":{},"s":{},"branchMap":{"0":{"type":"branch","line":1,"loc":{"start":{"line":1,"column":5041},"end":{"line":171,"column":1}},"locations":[{"start":{"line":1,"column":5041},"end":{"line":171,"column":1}}]}},"b":{"0":[1]},"fnMap":{"0":{"name":"(empty-report)","decl":{"start":{"line":1,"column":5041},"end":{"line":171,"column":1}},"loc":{"start":{"line":1,"column":5041},"end":{"line":171,"column":1}},"line":1}},"f":{"0":1}}
,"/home/runner/work/alf.io/alf.io/frontend/projects/public/src/app/additional-service/additional-service.component.ts": {"path":"/home/runner/work/alf.io/alf.io/frontend/projects/public/src/app/additional-service/additional-service.component.ts","all":true,"statementMap":{},"s":{},"branchMap":{"0":{"type":"branch","line":1,"loc":{"start":{"line":1,"column":4087},"end":{"line":122,"column":1}},"locations":[{"start":{"line":1,"column":4087},"end":{"line":122,"column":1}}]}},"b":{"0":[1]},"fnMap":{"0":{"name":"(empty-report)","decl":{"start":{"line":1,"column":4087},"end":{"line":122,"column":1}},"loc":{"start":{"line":1,"column":4087},"end":{"line":122,"column":1}},"line":1}},"f":{"0":1}}
,"/home/runner/work/alf.io/alf.io/frontend/projects/public/src/app/additional-service-form/additional-service-form.component.ts": {"path":"/home/runner/work/alf.io/alf.io/frontend/projects/public/src/app/additional-service-form/additional-service-form.component.ts","all":true,"statementMap":{},"s":{},"branchMap":{"0":{"type":"branch","line":1,"loc":{"start":{"line":1,"column":1888},"end":{"line":71,"column":1}},"locations":[{"start":{"line":1,"column":1888},"end":{"line":71,"column":1}}]}},"b":{"0":[1]},"fnMap":{"0":{"name":"(empty-report)","decl":{"start":{"line":1,"column":1888},"end":{"line":71,"column":1}},"loc":{"start":{"line":1,"column":1888},"end":{"line":71,"column":1}},"line":1}},"f":{"0":1}}
,"/home/runner/work/alf.io/alf.io/frontend/projects/public/src/app/additional-service-quantity-selector/additional-service-quantity-selector.component.ts": {"path":"/home/runner/work/alf.io/alf.io/frontend/projects/public/src/app/additional-service-quantity-selector/additional-service-quantity-selector.component.ts","all":true,"statementMap":{},"s":{},"branchMap":{"0":{"type":"branch","line":1,"loc":{"start":{"line":1,"column":600},"end":{"line":22,"column":1}},"locations":[{"start":{"line":1,"column":600},"end":{"line":22,"column":1}}]}},"b":{"0":[1]},"fnMap":{"0":{"name":"(empty-report)","decl":{"start":{"line":1,"column":600},"end":{"line":22,"column":1}},"loc":{"start":{"line":1,"column":600},"end":{"line":22,"column":1}},"line":1}},"f":{"0":1}}
,"/home/runner/work/alf.io/alf.io/frontend/projects/public/src/app/banner-check/banner-check.component.ts": {"path":"/home/runner/work/alf.io/alf.io/frontend/projects/public/src/app/banner-check/banner-check.component.ts","all":true,"statementMap":{},"s":{},"branchMap":{"0":{"type":"branch","line":1,"loc":{"start":{"line":1,"column":1120},"end":{"line":35,"column":1}},"locations":[{"start":{"line":1,"column":1120},"end":{"line":35,"column":1}}]}},"b":{"0":[1]},"fnMap":{"0":{"name":"(empty-report)","decl":{"start":{"line":1,"column":1120},"end":{"line":35,"column":1}},"loc":{"start":{"line":1,"column":1120},"end":{"line":35,"column":1}},"line":1}},"f":{"0":1}}
,"/home/runner/work/alf.io/alf.io/frontend/projects/public/src/app/basic-event-info/basic-event-info.component.ts": {"path":"/home/runner/work/alf.io/alf.io/frontend/projects/public/src/app/basic-event-info/basic-event-info.component.ts","all":true,"statementMap":{},"s":{},"branchMap":{"0":{"type":"branch","line":1,"loc":{"start":{"line":1,"column":938},"end":{"line":33,"column":1}},"locations":[{"start":{"line":1,"column":938},"end":{"line":33,"column":1}}]}},"b":{"0":[1]},"fnMap":{"0":{"name":"(empty-report)","decl":{"start":{"line":1,"column":938},"end":{"line":33,"column":1}},"loc":{"start":{"line":1,"column":938},"end":{"line":33,"column":1}},"line":1}},"f":{"0":1}}
,"/home/runner/work/alf.io/alf.io/frontend/projects/public/src/app/basic-subscription-info/basic-subscription-info.component.ts": {"path":"/home/runner/work/alf.io/alf.io/frontend/projects/public/src/app/basic-subscription-info/basic-subscription-info.component.ts","all":true,"statementMap":{},"s":{},"branchMap":{"0":{"type":"branch","line":1,"loc":{"start":{"line":1,"column":1367},"end":{"line":44,"column":1}},"locations":[{"start":{"line":1,"column":1367},"end":{"line":44,"column":1}}]}},"b":{"0":[1]},"fnMap":{"0":{"name":"(empty-report)","decl":{"start":{"line":1,"column":1367},"end":{"line":44,"column":1}},"loc":{"start":{"line":1,"column":1367},"end":{"line":44,"column":1}},"line":1}},"f":{"0":1}}
,"/home/runner/work/alf.io/alf.io/frontend/projects/public/src/app/category-sale-period/item-sale-period.component.ts": {"path":"/home/runner/work/alf.io/alf.io/frontend/projects/public/src/app/category-sale-period/item-sale-period.component.ts","all":true,"statementMap":{},"s":{},"branchMap":{"0":{"type":"branch","line":1,"loc":{"start":{"line":1,"column":415},"end":{"line":14,"column":1}},"locations":[{"start":{"line":1,"column":415},"end":{"line":14,"column":1}}]}},"b":{"0":[1]},"fnMap":{"0":{"name":"(empty-report)","decl":{"start":{"line":1,"column":415},"end":{"line":14,"column":1}},"loc":{"start":{"line":1,"column":415},"end":{"line":14,"column":1}},"line":1}},"f":{"0":1}}
,"/home/runner/work/alf.io/alf.io/frontend/projects/public/src/app/challenge/challenge.component.ts": {"path":"/home/runner/work/alf.io/alf.io/frontend/projects/public/src/app/challenge/challenge.component.ts","all":true,"statementMap":{},"s":{},"branchMap":{"0":{"type":"branch","line":1,"loc":{"start":{"line":1,"column":819},"end":{"line":31,"column":1}},"locations":[{"start":{"line":1,"column":819},"end":{"line":31,"column":1}}]}},"b":{"0":[1]},"fnMap":{"0":{"name":"(empty-report)","decl":{"start":{"line":1,"column":819},"end":{"line":31,"column":1}},"loc":{"start":{"line":1,"column":819},"end":{"line":31,"column":1}},"line":1}},"f":{"0":1}}
,"/home/runner/work/alf.io/alf.io/frontend/projects/public/src/app/challenge/challenge.interceptor.ts": {"path":"/home/runner/work/alf.io/alf.io/frontend/projects/public/src/app/challenge/challenge.interceptor.ts","all":true,"statementMap":{},"s":{},"branchMap":{"0":{"type":"branch","line":1,"loc":{"start":{"line":1,"column":2097},"end":{"line":57,"column":1}},"locations":[{"start":{"line":1,"column":2097},"end":{"line":57,"column":1}}]}},"b":{"0":[1]},"fnMap":{"0":{"name":"(empty-report)","decl":{"start":{"line":1,"column":2097},"end":{"line":57,"column":1}},"loc":{"start":{"line":1,"column":2097},"end":{"line":57,"column":1}},"line":1}},"f":{"0":1}}
,"/home/runner/work/alf.io/alf.io/frontend/projects/public/src/app/challenge/challenge.service.ts": {"path":"/home/runner/work/alf.io/alf.io/frontend/projects/public/src/app/challenge/challenge.service.ts","all":true,"statementMap":{},"s":{},"branchMap":{"0":{"type":"branch","line":1,"loc":{"start":{"line":1,"column":2352},"end":{"line":76,"column":1}},"locations":[{"start":{"line":1,"column":2352},"end":{"line":76,"column":1}}]}},"b":{"0":[1]},"fnMap":{"0":{"name":"(empty-report)","decl":{"start":{"line":1,"column":2352},"end":{"line":76,"column":1}},"loc":{"start":{"line":1,"column":2352},"end":{"line":76,"column":1}},"line":1}},"f":{"0":1}}
,"/home/runner/work/alf.io/alf.io/frontend/projects/public/src/app/challenge/turnstile/turnstile-challenge.component.ts": {"path":"/home/runner/work/alf.io/alf.io/frontend/projects/public/src/app/challenge/turnstile/turnstile-challenge.component.ts","all":true,"statementMap":{},"s":{},"branchMap":{"0":{"type":"branch","line":1,"loc":{"start":{"line":1,"column":2602},"end":{"line":84,"column":1}},"locations":[{"start":{"line":1,"column":2602},"end":{"line":84,"column":1}}]}},"b":{"0":[1]},"fnMap":{"0":{"name":"(empty-report)","decl":{"start":{"line":1,"column":2602},"end":{"line":84,"column":1}},"loc":{"start":{"line":1,"column":2602},"end":{"line":84,"column":1}},"line":1}},"f":{"0":1}}
,"/home/runner/work/alf.io/alf.io/frontend/projects/public/src/app/countdown/countdown.component.ts": {"path":"/home/runner/work/alf.io/alf.io/frontend/projects/public/src/app/countdown/countdown.component.ts","all":true,"statementMap":{},"s":{},"branchMap":{"0":{"type":"branch","line":1,"loc":{"start":{"line":1,"column":3118},"end":{"line":100,"column":1}},"locations":[{"start":{"line":1,"column":3118},"end":{"line":100,"column":1}}]}},"b":{"0":[1]},"fnMap":{"0":{"name":"(empty-report)","decl":{"start":{"line":1,"column":3118},"end":{"line":100,"column":1}},"loc":{"start":{"line":1,"column":3118},"end":{"line":100,"column":1}},"line":1}},"f":{"0":1}}
,"/home/runner/work/alf.io/alf.io/frontend/projects/public/src/app/countdown/countdown.js": {"path":"/home/runner/work/alf.io/alf.io/frontend/projects/public/src/app/countdown/countdown.js","all":true,"statementMap":{"0":{"start":{"line":1,"column":0},"end":{"line":1,"column":25}},"1":{"start":{"line":2,"column":0},"end":{"line":2,"column":3}},"2":{"start":{"line":3,"column":0},"end":{"line":3,"column":54}},"3":{"start":{"line":4,"column":0},"end":{"line":4,"column":45}},"4":{"start":{"line":5,"column":0},"end":{"line":5,"column":34}},"5":{"start":{"line":6,"column":0},"end":{"line":6,"column":3}},"6":{"start":{"line":7,"column":0},"end":{"line":7,"column":25}},"8":{"start":{"line":9,"column":0},"end":{"line":9,"column":3}},"9":{"start":{"line":10,"column":0},"end":{"line":10,"column":12}},"10":{"start":{"line":11,"column":0},"end":{"line":11,"column":10}},"11":{"start":{"line":12,"column":0},"end":{"line":12,"column":64}},"12":{"start":{"line":13,"column":0},"end":{"line":13,"column":60}},"13":{"start":{"line":14,"column":0},"end":{"line":14,"column":46}},"14":{"start":{"line":15,"column":0},"end":{"line":15,"column":26}},"15":{"start":{"line":16,"column":0},"end":{"line":16,"column":3}},"16":{"start":{"line":17,"column":0},"end":{"line":17,"column":18}},"18":{"start":{"line":19,"column":0},"end":{"line":19,"column":16}},"19":{"start":{"line":20,"column":0},"end":{"line":20,"column":34}},"20":{"start":{"line":21,"column":0},"end":{"line":21,"column":4}},"21":{"start":{"line":22,"column":0},"end":{"line":22,"column":21}},"22":{"start":{"line":23,"column":0},"end":{"line":23,"column":4}},"23":{"start":{"line":24,"column":0},"end":{"line":24,"column":11}},"24":{"start":{"line":25,"column":0},"end":{"line":25,"column":19}},"25":{"start":{"line":26,"column":0},"end":{"line":26,"column":17}},"26":{"start":{"line":27,"column":0},"end":{"line":27,"column":25}},"27":{"start":{"line":28,"column":0},"end":{"line":28,"column":11}},"28":{"start":{"line":29,"column":0},"end":{"line":29,"column":33}},"29":{"start":{"line":30,"column":0},"end":{"line":30,"column":4}},"30":{"start":{"line":31,"column":0},"end":{"line":31,"column":11}},"31":{"start":{"line":32,"column":0},"end":{"line":32,"column":19}},"32":{"start":{"line":33,"column":0},"end":{"line":33,"column":17}},"33":{"start":{"line":34,"column":0},"end":{"line":34,"column":25}},"34":{"start":{"line":35,"column":0},"end":{"line":35,"column":11}},"35":{"start":{"line":36,"column":0},"end":{"line":36,"column":30}},"36":{"start":{"line":37,"column":0},"end":{"line":37,"column":4}},"37":{"start":{"line":38,"column":0},"end":{"line":38,"column":11}},"38":{"start":{"line":39,"column":0},"end":{"line":39,"column":19}},"39":{"start":{"line":40,"column":0},"end":{"line":40,"column":17}},"40":{"start":{"line":41,"column":0},"end":{"line":41,"column":25}},"41":{"start":{"line":42,"column":0},"end":{"line":42,"column":11}},"42":{"start":{"line":43,"column":0},"end":{"line":43,"column":30}},"43":{"start":{"line":44,"column":0},"end":{"line":44,"column":4}},"44":{"start":{"line":45,"column":0},"end":{"line":45,"column":11}},"45":{"start":{"line":46,"column":0},"end":{"line":46,"column":19}},"46":{"start":{"line":47,"column":0},"end":{"line":47,"column":17}},"47":{"start":{"line":48,"column":0},"end":{"line":48,"column":25}},"48":{"start":{"line":49,"column":0},"end":{"line":49,"column":11}},"49":{"start":{"line":50,"column":0},"end":{"line":50,"column":28}},"50":{"start":{"line":51,"column":0},"end":{"line":51,"column":4}},"51":{"start":{"line":52,"column":0},"end":{"line":52,"column":11}},"52":{"start":{"line":53,"column":0},"end":{"line":53,"column":19}},"53":{"start":{"line":54,"column":0},"end":{"line":54,"column":17}},"54":{"start":{"line":55,"column":0},"end":{"line":55,"column":25}},"55":{"start":{"line":56,"column":0},"end":{"line":56,"column":11}},"56":{"start":{"line":57,"column":0},"end":{"line":57,"column":27}},"57":{"start":{"line":58,"column":0},"end":{"line":58,"column":4}},"58":{"start":{"line":59,"column":0},"end":{"line":59,"column":11}},"59":{"start":{"line":60,"column":0},"end":{"line":60,"column":19}},"60":{"start":{"line":61,"column":0},"end":{"line":61,"column":17}},"61":{"start":{"line":62,"column":0},"end":{"line":62,"column":25}},"62":{"start":{"line":63,"column":0},"end":{"line":63,"column":11}},"63":{"start":{"line":64,"column":0},"end":{"line":64,"column":28}},"64":{"start":{"line":65,"column":0},"end":{"line":65,"column":4}},"65":{"start":{"line":66,"column":0},"end":{"line":66,"column":11}},"66":{"start":{"line":67,"column":0},"end":{"line":67,"column":19}},"67":{"start":{"line":68,"column":0},"end":{"line":68,"column":17}},"68":{"start":{"line":69,"column":0},"end":{"line":69,"column":25}},"69":{"start":{"line":70,"column":0},"end":{"line":70,"column":11}},"70":{"start":{"line":71,"column":0},"end":{"line":71,"column":29}},"71":{"start":{"line":72,"column":0},"end":{"line":72,"column":4}},"72":{"start":{"line":73,"column":0},"end":{"line":73,"column":11}},"73":{"start":{"line":74,"column":0},"end":{"line":74,"column":19}},"74":{"start":{"line":75,"column":0},"end":{"line":75,"column":17}},"75":{"start":{"line":76,"column":0},"end":{"line":76,"column":25}},"76":{"start":{"line":77,"column":0},"end":{"line":77,"column":11}},"77":{"start":{"line":78,"column":0},"end":{"line":78,"column":28}},"78":{"start":{"line":79,"column":0},"end":{"line":79,"column":4}},"79":{"start":{"line":80,"column":0},"end":{"line":80,"column":11}},"80":{"start":{"line":81,"column":0},"end":{"line":81,"column":19}},"81":{"start":{"line":82,"column":0},"end":{"line":82,"column":17}},"82":{"start":{"line":83,"column":0},"end":{"line":83,"column":25}},"83":{"start":{"line":84,"column":0},"end":{"line":84,"column":11}},"84":{"start":{"line":85,"column":0},"end":{"line":85,"column":30}},"85":{"start":{"line":86,"column":0},"end":{"line":86,"column":4}},"86":{"start":{"line":87,"column":0},"end":{"line":87,"column":11}},"87":{"start":{"line":88,"column":0},"end":{"line":88,"column":19}},"88":{"start":{"line":89,"column":0},"end":{"line":89,"column":17}},"89":{"start":{"line":90,"column":0},"end":{"line":90,"column":25}},"90":{"start":{"line":91,"column":0},"end":{"line":91,"column":11}},"91":{"start":{"line":92,"column":0},"end":{"line":92,"column":31}},"92":{"start":{"line":93,"column":0},"end":{"line":93,"column":4}},"93":{"start":{"line":94,"column":0},"end":{"line":94,"column":11}},"94":{"start":{"line":95,"column":0},"end":{"line":95,"column":19}},"95":{"start":{"line":96,"column":0},"end":{"line":96,"column":17}},"96":{"start":{"line":97,"column":0},"end":{"line":97,"column":25}},"97":{"start":{"line":98,"column":0},"end":{"line":98,"column":11}},"98":{"start":{"line":99,"column":0},"end":{"line":99,"column":31}},"99":{"start":{"line":100,"column":0},"end":{"line":100,"column":4}},"100":{"start":{"line":101,"column":0},"end":{"line":101,"column":11}},"101":{"start":{"line":102,"column":0},"end":{"line":102,"column":19}},"102":{"start":{"line":103,"column":0},"end":{"line":103,"column":17}},"103":{"start":{"line":104,"column":0},"end":{"line":104,"column":25}},"104":{"start":{"line":105,"column":0},"end":{"line":105,"column":11}},"105":{"start":{"line":106,"column":0},"end":{"line":106,"column":64}},"106":{"start":{"line":107,"column":0},"end":{"line":107,"column":4}},"107":{"start":{"line":108,"column":0},"end":{"line":108,"column":11}},"108":{"start":{"line":109,"column":0},"end":{"line":109,"column":19}},"109":{"start":{"line":110,"column":0},"end":{"line":110,"column":17}},"110":{"start":{"line":111,"column":0},"end":{"line":111,"column":25}},"111":{"start":{"line":112,"column":0},"end":{"line":112,"column":11}},"112":{"start":{"line":113,"column":0},"end":{"line":113,"column":43}},"113":{"start":{"line":114,"column":0},"end":{"line":114,"column":4}},"114":{"start":{"line":115,"column":0},"end":{"line":115,"column":11}},"115":{"start":{"line":116,"column":0},"end":{"line":116,"column":19}},"116":{"start":{"line":117,"column":0},"end":{"line":117,"column":17}},"117":{"start":{"line":118,"column":0},"end":{"line":118,"column":25}},"118":{"start":{"line":119,"column":0},"end":{"line":119,"column":11}},"119":{"start":{"line":120,"column":0},"end":{"line":120,"column":36}},"120":{"start":{"line":121,"column":0},"end":{"line":121,"column":4}},"121":{"start":{"line":122,"column":0},"end":{"line":122,"column":11}},"122":{"start":{"line":123,"column":0},"end":{"line":123,"column":19}},"123":{"start":{"line":124,"column":0},"end":{"line":124,"column":17}},"124":{"start":{"line":125,"column":0},"end":{"line":125,"column":25}},"125":{"start":{"line":126,"column":0},"end":{"line":126,"column":11}},"126":{"start":{"line":127,"column":0},"end":{"line":127,"column":34}},"127":{"start":{"line":128,"column":0},"end":{"line":128,"column":4}},"128":{"start":{"line":129,"column":0},"end":{"line":129,"column":11}},"129":{"start":{"line":130,"column":0},"end":{"line":130,"column":19}},"130":{"start":{"line":131,"column":0},"end":{"line":131,"column":17}},"131":{"start":{"line":132,"column":0},"end":{"line":132,"column":25}},"132":{"start":{"line":133,"column":0},"end":{"line":133,"column":11}},"133":{"start":{"line":134,"column":0},"end":{"line":134,"column":31}},"134":{"start":{"line":135,"column":0},"end":{"line":135,"column":4}},"135":{"start":{"line":136,"column":0},"end":{"line":136,"column":11}},"136":{"start":{"line":137,"column":0},"end":{"line":137,"column":19}},"137":{"start":{"line":138,"column":0},"end":{"line":138,"column":17}},"138":{"start":{"line":139,"column":0},"end":{"line":139,"column":25}},"139":{"start":{"line":140,"column":0},"end":{"line":140,"column":11}},"140":{"start":{"line":141,"column":0},"end":{"line":141,"column":115}},"141":{"start":{"line":142,"column":0},"end":{"line":142,"column":4}},"142":{"start":{"line":143,"column":0},"end":{"line":143,"column":11}},"143":{"start":{"line":144,"column":0},"end":{"line":144,"column":19}},"144":{"start":{"line":145,"column":0},"end":{"line":145,"column":17}},"145":{"start":{"line":146,"column":0},"end":{"line":146,"column":25}},"146":{"start":{"line":147,"column":0},"end":{"line":147,"column":11}},"147":{"start":{"line":148,"column":0},"end":{"line":148,"column":30}},"148":{"start":{"line":149,"column":0},"end":{"line":149,"column":4}},"149":{"start":{"line":150,"column":0},"end":{"line":150,"column":11}},"150":{"start":{"line":151,"column":0},"end":{"line":151,"column":19}},"151":{"start":{"line":152,"column":0},"end":{"line":152,"column":17}},"152":{"start":{"line":153,"column":0},"end":{"line":153,"column":25}},"153":{"start":{"line":154,"column":0},"end":{"line":154,"column":11}},"154":{"start":{"line":155,"column":0},"end":{"line":155,"column":33}},"155":{"start":{"line":156,"column":0},"end":{"line":156,"column":4}},"156":{"start":{"line":157,"column":0},"end":{"line":157,"column":11}},"157":{"start":{"line":158,"column":0},"end":{"line":158,"column":19}},"158":{"start":{"line":159,"column":0},"end":{"line":159,"column":17}},"159":{"start":{"line":160,"column":0},"end":{"line":160,"column":25}},"160":{"start":{"line":161,"column":0},"end":{"line":161,"column":11}},"161":{"start":{"line":162,"column":0},"end":{"line":162,"column":34}},"162":{"start":{"line":163,"column":0},"end":{"line":163,"column":4}},"163":{"start":{"line":164,"column":0},"end":{"line":164,"column":11}},"164":{"start":{"line":165,"column":0},"end":{"line":165,"column":19}},"165":{"start":{"line":166,"column":0},"end":{"line":166,"column":17}},"166":{"start":{"line":167,"column":0},"end":{"line":167,"column":25}},"167":{"start":{"line":168,"column":0},"end":{"line":168,"column":11}},"168":{"start":{"line":169,"column":0},"end":{"line":169,"column":37}},"169":{"start":{"line":170,"column":0},"end":{"line":170,"column":4}},"170":{"start":{"line":171,"column":0},"end":{"line":171,"column":11}},"171":{"start":{"line":172,"column":0},"end":{"line":172,"column":19}},"172":{"start":{"line":173,"column":0},"end":{"line":173,"column":17}},"173":{"start":{"line":174,"column":0},"end":{"line":174,"column":25}},"174":{"start":{"line":175,"column":0},"end":{"line":175,"column":11}},"175":{"start":{"line":176,"column":0},"end":{"line":176,"column":42}},"176":{"start":{"line":177,"column":0},"end":{"line":177,"column":4}},"177":{"start":{"line":178,"column":0},"end":{"line":178,"column":11}},"178":{"start":{"line":179,"column":0},"end":{"line":179,"column":19}},"179":{"start":{"line":180,"column":0},"end":{"line":180,"column":35}},"180":{"start":{"line":181,"column":0},"end":{"line":181,"column":27}},"181":{"start":{"line":182,"column":0},"end":{"line":182,"column":11}},"182":{"start":{"line":183,"column":0},"end":{"line":183,"column":29}},"183":{"start":{"line":184,"column":0},"end":{"line":184,"column":4}},"184":{"start":{"line":185,"column":0},"end":{"line":185,"column":11}},"185":{"start":{"line":186,"column":0},"end":{"line":186,"column":19}},"186":{"start":{"line":187,"column":0},"end":{"line":187,"column":35}},"187":{"start":{"line":188,"column":0},"end":{"line":188,"column":27}},"188":{"start":{"line":189,"column":0},"end":{"line":189,"column":11}},"189":{"start":{"line":190,"column":0},"end":{"line":190,"column":31}},"190":{"start":{"line":191,"column":0},"end":{"line":191,"column":4}},"191":{"start":{"line":192,"column":0},"end":{"line":192,"column":11}},"192":{"start":{"line":193,"column":0},"end":{"line":193,"column":19}},"193":{"start":{"line":194,"column":0},"end":{"line":194,"column":43}},"194":{"start":{"line":195,"column":0},"end":{"line":195,"column":58}},"195":{"start":{"line":196,"column":0},"end":{"line":196,"column":50}},"196":{"start":{"line":197,"column":0},"end":{"line":197,"column":11}},"197":{"start":{"line":198,"column":0},"end":{"line":198,"column":43}},"198":{"start":{"line":199,"column":0},"end":{"line":199,"column":41}},"199":{"start":{"line":200,"column":0},"end":{"line":200,"column":4}},"200":{"start":{"line":201,"column":0},"end":{"line":201,"column":39}},"201":{"start":{"line":202,"column":0},"end":{"line":202,"column":51}},"202":{"start":{"line":203,"column":0},"end":{"line":203,"column":4}},"203":{"start":{"line":204,"column":0},"end":{"line":204,"column":64}},"204":{"start":{"line":205,"column":0},"end":{"line":205,"column":83}},"205":{"start":{"line":206,"column":0},"end":{"line":206,"column":9}},"206":{"start":{"line":207,"column":0},"end":{"line":207,"column":4}},"207":{"start":{"line":208,"column":0},"end":{"line":208,"column":11}},"208":{"start":{"line":209,"column":0},"end":{"line":209,"column":19}},"209":{"start":{"line":210,"column":0},"end":{"line":210,"column":43}},"210":{"start":{"line":211,"column":0},"end":{"line":211,"column":42}},"211":{"start":{"line":212,"column":0},"end":{"line":212,"column":11}},"212":{"start":{"line":213,"column":0},"end":{"line":213,"column":36}},"213":{"start":{"line":214,"column":0},"end":{"line":214,"column":34}},"214":{"start":{"line":215,"column":0},"end":{"line":215,"column":4}},"215":{"start":{"line":216,"column":0},"end":{"line":216,"column":35}},"216":{"start":{"line":217,"column":0},"end":{"line":217,"column":32}},"217":{"start":{"line":218,"column":0},"end":{"line":218,"column":45}},"218":{"start":{"line":219,"column":0},"end":{"line":219,"column":4}},"219":{"start":{"line":220,"column":0},"end":{"line":220,"column":64}},"220":{"start":{"line":221,"column":0},"end":{"line":221,"column":74}},"221":{"start":{"line":222,"column":0},"end":{"line":222,"column":9}},"222":{"start":{"line":223,"column":0},"end":{"line":223,"column":4}},"223":{"start":{"line":224,"column":0},"end":{"line":224,"column":11}},"224":{"start":{"line":225,"column":0},"end":{"line":225,"column":19}},"225":{"start":{"line":226,"column":0},"end":{"line":226,"column":43}},"226":{"start":{"line":227,"column":0},"end":{"line":227,"column":42}},"227":{"start":{"line":228,"column":0},"end":{"line":228,"column":11}},"228":{"start":{"line":229,"column":0},"end":{"line":229,"column":35}},"229":{"start":{"line":230,"column":0},"end":{"line":230,"column":34}},"230":{"start":{"line":231,"column":0},"end":{"line":231,"column":4}},"231":{"start":{"line":232,"column":0},"end":{"line":232,"column":34}},"232":{"start":{"line":233,"column":0},"end":{"line":233,"column":32}},"233":{"start":{"line":234,"column":0},"end":{"line":234,"column":51}},"234":{"start":{"line":235,"column":0},"end":{"line":235,"column":4}},"235":{"start":{"line":236,"column":0},"end":{"line":236,"column":78}},"236":{"start":{"line":237,"column":0},"end":{"line":237,"column":74}},"237":{"start":{"line":238,"column":0},"end":{"line":238,"column":9}},"238":{"start":{"line":239,"column":0},"end":{"line":239,"column":4}},"239":{"start":{"line":240,"column":0},"end":{"line":240,"column":11}},"240":{"start":{"line":241,"column":0},"end":{"line":241,"column":50}},"241":{"start":{"line":242,"column":0},"end":{"line":242,"column":11}},"242":{"start":{"line":243,"column":0},"end":{"line":243,"column":19}},"243":{"start":{"line":244,"column":0},"end":{"line":244,"column":31}},"244":{"start":{"line":245,"column":0},"end":{"line":245,"column":30}},"245":{"start":{"line":246,"column":0},"end":{"line":246,"column":25}},"246":{"start":{"line":247,"column":0},"end":{"line":247,"column":11}},"247":{"start":{"line":248,"column":0},"end":{"line":248,"column":38}},"248":{"start":{"line":249,"column":0},"end":{"line":249,"column":112}},"249":{"start":{"line":250,"column":0},"end":{"line":250,"column":22}},"250":{"start":{"line":251,"column":0},"end":{"line":251,"column":28}},"251":{"start":{"line":252,"column":0},"end":{"line":252,"column":13}},"252":{"start":{"line":253,"column":0},"end":{"line":253,"column":4}},"253":{"start":{"line":254,"column":0},"end":{"line":254,"column":57}},"254":{"start":{"line":255,"column":0},"end":{"line":255,"column":39}},"255":{"start":{"line":256,"column":0},"end":{"line":256,"column":24}},"256":{"start":{"line":257,"column":0},"end":{"line":257,"column":53}},"257":{"start":{"line":258,"column":0},"end":{"line":258,"column":28}},"258":{"start":{"line":259,"column":0},"end":{"line":259,"column":13}},"259":{"start":{"line":260,"column":0},"end":{"line":260,"column":4}},"260":{"start":{"line":261,"column":0},"end":{"line":261,"column":42}},"261":{"start":{"line":262,"column":0},"end":{"line":262,"column":24}},"262":{"start":{"line":263,"column":0},"end":{"line":263,"column":69}},"263":{"start":{"line":264,"column":0},"end":{"line":264,"column":13}},"264":{"start":{"line":265,"column":0},"end":{"line":265,"column":4}},"265":{"start":{"line":266,"column":0},"end":{"line":266,"column":37}},"266":{"start":{"line":267,"column":0},"end":{"line":267,"column":24}},"267":{"start":{"line":268,"column":0},"end":{"line":268,"column":59}},"268":{"start":{"line":269,"column":0},"end":{"line":269,"column":13}},"269":{"start":{"line":270,"column":0},"end":{"line":270,"column":4}},"270":{"start":{"line":271,"column":0},"end":{"line":271,"column":37}},"271":{"start":{"line":272,"column":0},"end":{"line":272,"column":24}},"272":{"start":{"line":273,"column":0},"end":{"line":273,"column":59}},"273":{"start":{"line":274,"column":0},"end":{"line":274,"column":13}},"274":{"start":{"line":275,"column":0},"end":{"line":275,"column":4}},"275":{"start":{"line":276,"column":0},"end":{"line":276,"column":35}},"276":{"start":{"line":277,"column":0},"end":{"line":277,"column":24}},"277":{"start":{"line":278,"column":0},"end":{"line":278,"column":55}},"278":{"start":{"line":279,"column":0},"end":{"line":279,"column":13}},"279":{"start":{"line":280,"column":0},"end":{"line":280,"column":4}},"280":{"start":{"line":281,"column":0},"end":{"line":281,"column":35}},"281":{"start":{"line":282,"column":0},"end":{"line":282,"column":24}},"282":{"start":{"line":283,"column":0},"end":{"line":283,"column":39}},"283":{"start":{"line":284,"column":0},"end":{"line":284,"column":13}},"284":{"start":{"line":285,"column":0},"end":{"line":285,"column":4}},"285":{"start":{"line":286,"column":0},"end":{"line":286,"column":35}},"286":{"start":{"line":287,"column":0},"end":{"line":287,"column":24}},"287":{"start":{"line":288,"column":0},"end":{"line":288,"column":53}},"288":{"start":{"line":289,"column":0},"end":{"line":289,"column":13}},"289":{"start":{"line":290,"column":0},"end":{"line":290,"column":4}},"290":{"start":{"line":291,"column":0},"end":{"line":291,"column":36}},"291":{"start":{"line":292,"column":0},"end":{"line":292,"column":24}},"292":{"start":{"line":293,"column":0},"end":{"line":293,"column":55}},"293":{"start":{"line":294,"column":0},"end":{"line":294,"column":13}},"294":{"start":{"line":295,"column":0},"end":{"line":295,"column":4}},"295":{"start":{"line":296,"column":0},"end":{"line":296,"column":39}},"296":{"start":{"line":297,"column":0},"end":{"line":297,"column":24}},"297":{"start":{"line":298,"column":0},"end":{"line":298,"column":50}},"298":{"start":{"line":299,"column":0},"end":{"line":299,"column":13}},"299":{"start":{"line":300,"column":0},"end":{"line":300,"column":4}},"300":{"start":{"line":301,"column":0},"end":{"line":301,"column":40}},"301":{"start":{"line":302,"column":0},"end":{"line":302,"column":24}},"302":{"start":{"line":303,"column":0},"end":{"line":303,"column":45}},"303":{"start":{"line":304,"column":0},"end":{"line":304,"column":13}},"304":{"start":{"line":305,"column":0},"end":{"line":305,"column":4}},"305":{"start":{"line":306,"column":0},"end":{"line":306,"column":38}},"306":{"start":{"line":307,"column":0},"end":{"line":307,"column":24}},"307":{"start":{"line":308,"column":0},"end":{"line":308,"column":42}},"308":{"start":{"line":309,"column":0},"end":{"line":309,"column":13}},"309":{"start":{"line":310,"column":0},"end":{"line":310,"column":4}},"310":{"start":{"line":311,"column":0},"end":{"line":311,"column":36}},"311":{"start":{"line":312,"column":0},"end":{"line":312,"column":24}},"312":{"start":{"line":313,"column":0},"end":{"line":313,"column":61}},"313":{"start":{"line":314,"column":0},"end":{"line":314,"column":13}},"314":{"start":{"line":315,"column":0},"end":{"line":315,"column":4}},"315":{"start":{"line":316,"column":0},"end":{"line":316,"column":24}},"316":{"start":{"line":317,"column":0},"end":{"line":317,"column":9}},"317":{"start":{"line":318,"column":0},"end":{"line":318,"column":4}},"318":{"start":{"line":319,"column":0},"end":{"line":319,"column":11}},"319":{"start":{"line":320,"column":0},"end":{"line":320,"column":19}},"320":{"start":{"line":321,"column":0},"end":{"line":321,"column":17}},"321":{"start":{"line":322,"column":0},"end":{"line":322,"column":25}},"322":{"start":{"line":323,"column":0},"end":{"line":323,"column":11}},"323":{"start":{"line":324,"column":0},"end":{"line":324,"column":35}},"324":{"start":{"line":325,"column":0},"end":{"line":325,"column":4}},"325":{"start":{"line":326,"column":0},"end":{"line":326,"column":11}},"326":{"start":{"line":327,"column":0},"end":{"line":327,"column":19}},"327":{"start":{"line":328,"column":0},"end":{"line":328,"column":17}},"328":{"start":{"line":329,"column":0},"end":{"line":329,"column":25}},"329":{"start":{"line":330,"column":0},"end":{"line":330,"column":11}},"330":{"start":{"line":331,"column":0},"end":{"line":331,"column":31}},"331":{"start":{"line":332,"column":0},"end":{"line":332,"column":4}},"332":{"start":{"line":333,"column":0},"end":{"line":333,"column":11}},"333":{"start":{"line":334,"column":0},"end":{"line":334,"column":19}},"334":{"start":{"line":335,"column":0},"end":{"line":335,"column":17}},"335":{"start":{"line":336,"column":0},"end":{"line":336,"column":25}},"336":{"start":{"line":337,"column":0},"end":{"line":337,"column":11}},"337":{"start":{"line":338,"column":0},"end":{"line":338,"column":31}},"338":{"start":{"line":339,"column":0},"end":{"line":339,"column":4}},"339":{"start":{"line":340,"column":0},"end":{"line":340,"column":11}},"340":{"start":{"line":341,"column":0},"end":{"line":341,"column":19}},"341":{"start":{"line":342,"column":0},"end":{"line":342,"column":17}},"342":{"start":{"line":343,"column":0},"end":{"line":343,"column":25}},"343":{"start":{"line":344,"column":0},"end":{"line":344,"column":11}},"344":{"start":{"line":345,"column":0},"end":{"line":345,"column":30}},"345":{"start":{"line":346,"column":0},"end":{"line":346,"column":4}},"346":{"start":{"line":347,"column":0},"end":{"line":347,"column":11}},"347":{"start":{"line":348,"column":0},"end":{"line":348,"column":19}},"348":{"start":{"line":349,"column":0},"end":{"line":349,"column":17}},"349":{"start":{"line":350,"column":0},"end":{"line":350,"column":25}},"350":{"start":{"line":351,"column":0},"end":{"line":351,"column":11}},"351":{"start":{"line":352,"column":0},"end":{"line":352,"column":29}},"352":{"start":{"line":353,"column":0},"end":{"line":353,"column":4}},"353":{"start":{"line":354,"column":0},"end":{"line":354,"column":11}},"354":{"start":{"line":355,"column":0},"end":{"line":355,"column":19}},"355":{"start":{"line":356,"column":0},"end":{"line":356,"column":17}},"356":{"start":{"line":357,"column":0},"end":{"line":357,"column":25}},"357":{"start":{"line":358,"column":0},"end":{"line":358,"column":11}},"358":{"start":{"line":359,"column":0},"end":{"line":359,"column":30}},"359":{"start":{"line":360,"column":0},"end":{"line":360,"column":4}},"360":{"start":{"line":361,"column":0},"end":{"line":361,"column":11}},"361":{"start":{"line":362,"column":0},"end":{"line":362,"column":19}},"362":{"start":{"line":363,"column":0},"end":{"line":363,"column":17}},"363":{"start":{"line":364,"column":0},"end":{"line":364,"column":25}},"364":{"start":{"line":365,"column":0},"end":{"line":365,"column":11}},"365":{"start":{"line":366,"column":0},"end":{"line":366,"column":30}},"366":{"start":{"line":367,"column":0},"end":{"line":367,"column":4}},"367":{"start":{"line":368,"column":0},"end":{"line":368,"column":11}},"368":{"start":{"line":369,"column":0},"end":{"line":369,"column":19}},"369":{"start":{"line":370,"column":0},"end":{"line":370,"column":17}},"370":{"start":{"line":371,"column":0},"end":{"line":371,"column":25}},"371":{"start":{"line":372,"column":0},"end":{"line":372,"column":11}},"372":{"start":{"line":373,"column":0},"end":{"line":373,"column":30}},"373":{"start":{"line":374,"column":0},"end":{"line":374,"column":4}},"374":{"start":{"line":375,"column":0},"end":{"line":375,"column":11}},"375":{"start":{"line":376,"column":0},"end":{"line":376,"column":19}},"376":{"start":{"line":377,"column":0},"end":{"line":377,"column":17}},"377":{"start":{"line":378,"column":0},"end":{"line":378,"column":25}},"378":{"start":{"line":379,"column":0},"end":{"line":379,"column":11}},"379":{"start":{"line":380,"column":0},"end":{"line":380,"column":31}},"380":{"start":{"line":381,"column":0},"end":{"line":381,"column":4}},"381":{"start":{"line":382,"column":0},"end":{"line":382,"column":11}},"382":{"start":{"line":383,"column":0},"end":{"line":383,"column":19}},"383":{"start":{"line":384,"column":0},"end":{"line":384,"column":17}},"384":{"start":{"line":385,"column":0},"end":{"line":385,"column":25}},"385":{"start":{"line":386,"column":0},"end":{"line":386,"column":11}},"386":{"start":{"line":387,"column":0},"end":{"line":387,"column":33}},"387":{"start":{"line":388,"column":0},"end":{"line":388,"column":4}},"388":{"start":{"line":389,"column":0},"end":{"line":389,"column":11}},"389":{"start":{"line":390,"column":0},"end":{"line":390,"column":19}},"390":{"start":{"line":391,"column":0},"end":{"line":391,"column":17}},"391":{"start":{"line":392,"column":0},"end":{"line":392,"column":25}},"392":{"start":{"line":393,"column":0},"end":{"line":393,"column":11}},"393":{"start":{"line":394,"column":0},"end":{"line":394,"column":34}},"394":{"start":{"line":395,"column":0},"end":{"line":395,"column":4}},"395":{"start":{"line":396,"column":0},"end":{"line":396,"column":11}},"396":{"start":{"line":397,"column":0},"end":{"line":397,"column":19}},"397":{"start":{"line":398,"column":0},"end":{"line":398,"column":24}},"398":{"start":{"line":399,"column":0},"end":{"line":399,"column":11}},"399":{"start":{"line":400,"column":0},"end":{"line":400,"column":28}},"400":{"start":{"line":401,"column":0},"end":{"line":401,"column":4}},"401":{"start":{"line":402,"column":0},"end":{"line":402,"column":11}},"402":{"start":{"line":403,"column":0},"end":{"line":403,"column":19}},"403":{"start":{"line":404,"column":0},"end":{"line":404,"column":24}},"404":{"start":{"line":405,"column":0},"end":{"line":405,"column":11}},"405":{"start":{"line":406,"column":0},"end":{"line":406,"column":26}},"406":{"start":{"line":407,"column":0},"end":{"line":407,"column":4}},"407":{"start":{"line":408,"column":0},"end":{"line":408,"column":11}},"408":{"start":{"line":409,"column":0},"end":{"line":409,"column":19}},"409":{"start":{"line":410,"column":0},"end":{"line":410,"column":25}},"410":{"start":{"line":411,"column":0},"end":{"line":411,"column":11}},"411":{"start":{"line":412,"column":0},"end":{"line":412,"column":23}},"412":{"start":{"line":413,"column":0},"end":{"line":413,"column":4}},"413":{"start":{"line":414,"column":0},"end":{"line":414,"column":11}},"414":{"start":{"line":415,"column":0},"end":{"line":415,"column":19}},"415":{"start":{"line":416,"column":0},"end":{"line":416,"column":25}},"416":{"start":{"line":417,"column":0},"end":{"line":417,"column":11}},"417":{"start":{"line":418,"column":0},"end":{"line":418,"column":24}},"418":{"start":{"line":419,"column":0},"end":{"line":419,"column":4}},"419":{"start":{"line":420,"column":0},"end":{"line":420,"column":11}},"420":{"start":{"line":421,"column":0},"end":{"line":421,"column":19}},"421":{"start":{"line":422,"column":0},"end":{"line":422,"column":25}},"422":{"start":{"line":423,"column":0},"end":{"line":423,"column":11}},"423":{"start":{"line":424,"column":0},"end":{"line":424,"column":22}},"424":{"start":{"line":425,"column":0},"end":{"line":425,"column":4}},"425":{"start":{"line":426,"column":0},"end":{"line":426,"column":11}},"426":{"start":{"line":427,"column":0},"end":{"line":427,"column":46}},"427":{"start":{"line":428,"column":0},"end":{"line":428,"column":11}},"428":{"start":{"line":429,"column":0},"end":{"line":429,"column":32}},"429":{"start":{"line":430,"column":0},"end":{"line":430,"column":31}},"430":{"start":{"line":431,"column":0},"end":{"line":431,"column":27}},"431":{"start":{"line":432,"column":0},"end":{"line":432,"column":11}},"432":{"start":{"line":433,"column":0},"end":{"line":433,"column":22}},"433":{"start":{"line":434,"column":0},"end":{"line":434,"column":4}},"434":{"start":{"line":435,"column":0},"end":{"line":435,"column":11}},"435":{"start":{"line":436,"column":0},"end":{"line":436,"column":39}},"436":{"start":{"line":437,"column":0},"end":{"line":437,"column":11}},"437":{"start":{"line":438,"column":0},"end":{"line":438,"column":19}},"438":{"start":{"line":439,"column":0},"end":{"line":439,"column":32}},"439":{"start":{"line":440,"column":0},"end":{"line":440,"column":27}},"440":{"start":{"line":441,"column":0},"end":{"line":441,"column":11}},"441":{"start":{"line":442,"column":0},"end":{"line":442,"column":25}},"442":{"start":{"line":443,"column":0},"end":{"line":443,"column":4}},"443":{"start":{"line":444,"column":0},"end":{"line":444,"column":11}},"444":{"start":{"line":445,"column":0},"end":{"line":445,"column":19}},"445":{"start":{"line":446,"column":0},"end":{"line":446,"column":32}},"446":{"start":{"line":447,"column":0},"end":{"line":447,"column":58}},"447":{"start":{"line":448,"column":0},"end":{"line":448,"column":27}},"448":{"start":{"line":449,"column":0},"end":{"line":449,"column":11}},"449":{"start":{"line":450,"column":0},"end":{"line":450,"column":41}},"450":{"start":{"line":451,"column":0},"end":{"line":451,"column":101}},"451":{"start":{"line":452,"column":0},"end":{"line":452,"column":9}},"452":{"start":{"line":453,"column":0},"end":{"line":453,"column":4}},"453":{"start":{"line":454,"column":0},"end":{"line":454,"column":11}},"454":{"start":{"line":455,"column":0},"end":{"line":455,"column":61}},"455":{"start":{"line":456,"column":0},"end":{"line":456,"column":11}},"456":{"start":{"line":457,"column":0},"end":{"line":457,"column":19}},"457":{"start":{"line":458,"column":0},"end":{"line":458,"column":31}},"458":{"start":{"line":459,"column":0},"end":{"line":459,"column":26}},"459":{"start":{"line":460,"column":0},"end":{"line":460,"column":11}},"460":{"start":{"line":461,"column":0},"end":{"line":461,"column":23}},"461":{"start":{"line":462,"column":0},"end":{"line":462,"column":4}},"462":{"start":{"line":463,"column":0},"end":{"line":463,"column":11}},"463":{"start":{"line":464,"column":0},"end":{"line":464,"column":56}},"464":{"start":{"line":465,"column":0},"end":{"line":465,"column":11}},"465":{"start":{"line":466,"column":0},"end":{"line":466,"column":19}},"466":{"start":{"line":467,"column":0},"end":{"line":467,"column":27}},"467":{"start":{"line":468,"column":0},"end":{"line":468,"column":23}},"468":{"start":{"line":469,"column":0},"end":{"line":469,"column":11}},"469":{"start":{"line":470,"column":0},"end":{"line":470,"column":30}},"470":{"start":{"line":471,"column":0},"end":{"line":471,"column":4}},"471":{"start":{"line":472,"column":0},"end":{"line":472,"column":11}},"472":{"start":{"line":473,"column":0},"end":{"line":473,"column":45}},"473":{"start":{"line":474,"column":0},"end":{"line":474,"column":11}},"474":{"start":{"line":475,"column":0},"end":{"line":475,"column":80}},"475":{"start":{"line":476,"column":0},"end":{"line":476,"column":27}},"476":{"start":{"line":477,"column":0},"end":{"line":477,"column":11}},"477":{"start":{"line":478,"column":0},"end":{"line":478,"column":60}},"478":{"start":{"line":479,"column":0},"end":{"line":479,"column":41}},"479":{"start":{"line":480,"column":0},"end":{"line":480,"column":4}},"480":{"start":{"line":481,"column":0},"end":{"line":481,"column":37}},"481":{"start":{"line":482,"column":0},"end":{"line":482,"column":25}},"482":{"start":{"line":483,"column":0},"end":{"line":483,"column":62}},"483":{"start":{"line":484,"column":0},"end":{"line":484,"column":13}},"484":{"start":{"line":485,"column":0},"end":{"line":485,"column":30}},"485":{"start":{"line":486,"column":0},"end":{"line":486,"column":32}},"486":{"start":{"line":487,"column":0},"end":{"line":487,"column":13}},"487":{"start":{"line":488,"column":0},"end":{"line":488,"column":4}},"488":{"start":{"line":489,"column":0},"end":{"line":489,"column":46}},"489":{"start":{"line":490,"column":0},"end":{"line":490,"column":48}},"490":{"start":{"line":491,"column":0},"end":{"line":491,"column":10}},"491":{"start":{"line":492,"column":0},"end":{"line":492,"column":4}},"492":{"start":{"line":493,"column":0},"end":{"line":493,"column":11}},"493":{"start":{"line":494,"column":0},"end":{"line":494,"column":53}},"494":{"start":{"line":495,"column":0},"end":{"line":495,"column":11}},"495":{"start":{"line":496,"column":0},"end":{"line":496,"column":64}},"496":{"start":{"line":497,"column":0},"end":{"line":497,"column":80}},"497":{"start":{"line":498,"column":0},"end":{"line":498,"column":27}},"498":{"start":{"line":499,"column":0},"end":{"line":499,"column":11}},"499":{"start":{"line":500,"column":0},"end":{"line":500,"column":63}},"500":{"start":{"line":501,"column":0},"end":{"line":501,"column":32}},"501":{"start":{"line":502,"column":0},"end":{"line":502,"column":41}},"502":{"start":{"line":503,"column":0},"end":{"line":503,"column":4}},"503":{"start":{"line":504,"column":0},"end":{"line":504,"column":37}},"504":{"start":{"line":505,"column":0},"end":{"line":505,"column":25}},"505":{"start":{"line":506,"column":0},"end":{"line":506,"column":53}},"506":{"start":{"line":507,"column":0},"end":{"line":507,"column":85}},"507":{"start":{"line":508,"column":0},"end":{"line":508,"column":13}},"508":{"start":{"line":509,"column":0},"end":{"line":509,"column":41}},"509":{"start":{"line":510,"column":0},"end":{"line":510,"column":40}},"510":{"start":{"line":511,"column":0},"end":{"line":511,"column":61}},"511":{"start":{"line":512,"column":0},"end":{"line":512,"column":13}},"512":{"start":{"line":513,"column":0},"end":{"line":513,"column":30}},"513":{"start":{"line":514,"column":0},"end":{"line":514,"column":32}},"514":{"start":{"line":515,"column":0},"end":{"line":515,"column":13}},"515":{"start":{"line":516,"column":0},"end":{"line":516,"column":4}},"516":{"start":{"line":517,"column":0},"end":{"line":517,"column":46}},"517":{"start":{"line":518,"column":0},"end":{"line":518,"column":48}},"518":{"start":{"line":519,"column":0},"end":{"line":519,"column":10}},"519":{"start":{"line":520,"column":0},"end":{"line":520,"column":4}},"520":{"start":{"line":521,"column":0},"end":{"line":521,"column":11}},"521":{"start":{"line":522,"column":0},"end":{"line":522,"column":49}},"522":{"start":{"line":523,"column":0},"end":{"line":523,"column":11}},"523":{"start":{"line":524,"column":0},"end":{"line":524,"column":71}},"524":{"start":{"line":525,"column":0},"end":{"line":525,"column":25}},"525":{"start":{"line":526,"column":0},"end":{"line":526,"column":11}},"526":{"start":{"line":527,"column":0},"end":{"line":527,"column":51}},"527":{"start":{"line":528,"column":0},"end":{"line":528,"column":41}},"528":{"start":{"line":529,"column":0},"end":{"line":529,"column":10}},"529":{"start":{"line":530,"column":0},"end":{"line":530,"column":4}},"530":{"start":{"line":531,"column":0},"end":{"line":531,"column":11}},"531":{"start":{"line":532,"column":0},"end":{"line":532,"column":48}},"532":{"start":{"line":533,"column":0},"end":{"line":533,"column":11}},"533":{"start":{"line":534,"column":0},"end":{"line":534,"column":19}},"534":{"start":{"line":535,"column":0},"end":{"line":535,"column":31}},"535":{"start":{"line":536,"column":0},"end":{"line":536,"column":26}},"536":{"start":{"line":537,"column":0},"end":{"line":537,"column":11}},"537":{"start":{"line":538,"column":0},"end":{"line":538,"column":35}},"538":{"start":{"line":539,"column":0},"end":{"line":539,"column":26}},"539":{"start":{"line":540,"column":0},"end":{"line":540,"column":4}},"540":{"start":{"line":541,"column":0},"end":{"line":541,"column":37}},"541":{"start":{"line":542,"column":0},"end":{"line":542,"column":24}},"542":{"start":{"line":543,"column":0},"end":{"line":543,"column":61}},"543":{"start":{"line":544,"column":0},"end":{"line":544,"column":13}},"544":{"start":{"line":545,"column":0},"end":{"line":545,"column":4}},"545":{"start":{"line":546,"column":0},"end":{"line":546,"column":33}},"546":{"start":{"line":547,"column":0},"end":{"line":547,"column":24}},"547":{"start":{"line":548,"column":0},"end":{"line":548,"column":61}},"548":{"start":{"line":549,"column":0},"end":{"line":549,"column":13}},"549":{"start":{"line":550,"column":0},"end":{"line":550,"column":4}},"550":{"start":{"line":551,"column":0},"end":{"line":551,"column":31}},"551":{"start":{"line":552,"column":0},"end":{"line":552,"column":24}},"552":{"start":{"line":553,"column":0},"end":{"line":553,"column":59}},"553":{"start":{"line":554,"column":0},"end":{"line":554,"column":13}},"554":{"start":{"line":555,"column":0},"end":{"line":555,"column":4}},"555":{"start":{"line":556,"column":0},"end":{"line":556,"column":29}},"556":{"start":{"line":557,"column":0},"end":{"line":557,"column":24}},"557":{"start":{"line":558,"column":0},"end":{"line":558,"column":57}},"558":{"start":{"line":559,"column":0},"end":{"line":559,"column":13}},"559":{"start":{"line":560,"column":0},"end":{"line":560,"column":4}},"560":{"start":{"line":561,"column":0},"end":{"line":561,"column":30}},"561":{"start":{"line":562,"column":0},"end":{"line":562,"column":24}},"562":{"start":{"line":563,"column":0},"end":{"line":563,"column":58}},"563":{"start":{"line":564,"column":0},"end":{"line":564,"column":13}},"564":{"start":{"line":565,"column":0},"end":{"line":565,"column":4}},"565":{"start":{"line":566,"column":0},"end":{"line":566,"column":29}},"566":{"start":{"line":567,"column":0},"end":{"line":567,"column":24}},"567":{"start":{"line":568,"column":0},"end":{"line":568,"column":57}},"568":{"start":{"line":569,"column":0},"end":{"line":569,"column":13}},"569":{"start":{"line":570,"column":0},"end":{"line":570,"column":4}},"570":{"start":{"line":571,"column":0},"end":{"line":571,"column":28}},"571":{"start":{"line":572,"column":0},"end":{"line":572,"column":24}},"572":{"start":{"line":573,"column":0},"end":{"line":573,"column":56}},"573":{"start":{"line":574,"column":0},"end":{"line":574,"column":13}},"574":{"start":{"line":575,"column":0},"end":{"line":575,"column":4}},"575":{"start":{"line":576,"column":0},"end":{"line":576,"column":29}},"576":{"start":{"line":577,"column":0},"end":{"line":577,"column":24}},"577":{"start":{"line":578,"column":0},"end":{"line":578,"column":57}},"578":{"start":{"line":579,"column":0},"end":{"line":579,"column":13}},"579":{"start":{"line":580,"column":0},"end":{"line":580,"column":4}},"580":{"start":{"line":581,"column":0},"end":{"line":581,"column":31}},"581":{"start":{"line":582,"column":0},"end":{"line":582,"column":24}},"582":{"start":{"line":583,"column":0},"end":{"line":583,"column":59}},"583":{"start":{"line":584,"column":0},"end":{"line":584,"column":13}},"584":{"start":{"line":585,"column":0},"end":{"line":585,"column":4}},"585":{"start":{"line":586,"column":0},"end":{"line":586,"column":31}},"586":{"start":{"line":587,"column":0},"end":{"line":587,"column":24}},"587":{"start":{"line":588,"column":0},"end":{"line":588,"column":59}},"588":{"start":{"line":589,"column":0},"end":{"line":589,"column":13}},"589":{"start":{"line":590,"column":0},"end":{"line":590,"column":4}},"590":{"start":{"line":591,"column":0},"end":{"line":591,"column":36}},"591":{"start":{"line":592,"column":0},"end":{"line":592,"column":24}},"592":{"start":{"line":593,"column":0},"end":{"line":593,"column":64}},"593":{"start":{"line":594,"column":0},"end":{"line":594,"column":13}},"594":{"start":{"line":595,"column":0},"end":{"line":595,"column":4}},"595":{"start":{"line":596,"column":0},"end":{"line":596,"column":24}},"596":{"start":{"line":597,"column":0},"end":{"line":597,"column":10}},"597":{"start":{"line":598,"column":0},"end":{"line":598,"column":4}},"598":{"start":{"line":599,"column":0},"end":{"line":599,"column":11}},"599":{"start":{"line":600,"column":0},"end":{"line":600,"column":63}},"600":{"start":{"line":601,"column":0},"end":{"line":601,"column":11}},"601":{"start":{"line":602,"column":0},"end":{"line":602,"column":19}},"602":{"start":{"line":603,"column":0},"end":{"line":603,"column":31}},"603":{"start":{"line":604,"column":0},"end":{"line":604,"column":33}},"604":{"start":{"line":605,"column":0},"end":{"line":605,"column":11}},"605":{"start":{"line":606,"column":0},"end":{"line":606,"column":44}},"606":{"start":{"line":607,"column":0},"end":{"line":607,"column":29}},"607":{"start":{"line":608,"column":0},"end":{"line":608,"column":31}},"608":{"start":{"line":609,"column":0},"end":{"line":609,"column":81}},"609":{"start":{"line":610,"column":0},"end":{"line":610,"column":31}},"610":{"start":{"line":611,"column":0},"end":{"line":611,"column":21}},"611":{"start":{"line":612,"column":0},"end":{"line":612,"column":51}},"612":{"start":{"line":613,"column":0},"end":{"line":613,"column":33}},"613":{"start":{"line":614,"column":0},"end":{"line":614,"column":35}},"614":{"start":{"line":615,"column":0},"end":{"line":615,"column":4}},"615":{"start":{"line":616,"column":0},"end":{"line":616,"column":39}},"616":{"start":{"line":617,"column":0},"end":{"line":617,"column":31}},"617":{"start":{"line":618,"column":0},"end":{"line":618,"column":77}},"618":{"start":{"line":619,"column":0},"end":{"line":619,"column":31}},"619":{"start":{"line":620,"column":0},"end":{"line":620,"column":21}},"620":{"start":{"line":621,"column":0},"end":{"line":621,"column":49}},"621":{"start":{"line":622,"column":0},"end":{"line":622,"column":31}},"622":{"start":{"line":623,"column":0},"end":{"line":623,"column":35}},"623":{"start":{"line":624,"column":0},"end":{"line":624,"column":4}},"624":{"start":{"line":625,"column":0},"end":{"line":625,"column":39}},"625":{"start":{"line":626,"column":0},"end":{"line":626,"column":29}},"626":{"start":{"line":627,"column":0},"end":{"line":627,"column":71}},"627":{"start":{"line":628,"column":0},"end":{"line":628,"column":31}},"628":{"start":{"line":629,"column":0},"end":{"line":629,"column":21}},"629":{"start":{"line":630,"column":0},"end":{"line":630,"column":46}},"630":{"start":{"line":631,"column":0},"end":{"line":631,"column":30}},"631":{"start":{"line":632,"column":0},"end":{"line":632,"column":33}},"632":{"start":{"line":633,"column":0},"end":{"line":633,"column":4}},"633":{"start":{"line":634,"column":0},"end":{"line":634,"column":39}},"634":{"start":{"line":635,"column":0},"end":{"line":635,"column":28}},"635":{"start":{"line":636,"column":0},"end":{"line":636,"column":71}},"636":{"start":{"line":637,"column":0},"end":{"line":637,"column":31}},"637":{"start":{"line":638,"column":0},"end":{"line":638,"column":21}},"638":{"start":{"line":639,"column":0},"end":{"line":639,"column":46}},"639":{"start":{"line":640,"column":0},"end":{"line":640,"column":31}},"640":{"start":{"line":641,"column":0},"end":{"line":641,"column":32}},"641":{"start":{"line":642,"column":0},"end":{"line":642,"column":4}},"642":{"start":{"line":643,"column":0},"end":{"line":643,"column":39}},"643":{"start":{"line":644,"column":0},"end":{"line":644,"column":29}},"644":{"start":{"line":645,"column":0},"end":{"line":645,"column":99}},"645":{"start":{"line":646,"column":0},"end":{"line":646,"column":31}},"646":{"start":{"line":647,"column":0},"end":{"line":647,"column":21}},"647":{"start":{"line":648,"column":0},"end":{"line":648,"column":48}},"648":{"start":{"line":649,"column":0},"end":{"line":649,"column":32}},"649":{"start":{"line":650,"column":0},"end":{"line":650,"column":33}},"650":{"start":{"line":651,"column":0},"end":{"line":651,"column":4}},"651":{"start":{"line":652,"column":0},"end":{"line":652,"column":39}},"652":{"start":{"line":653,"column":0},"end":{"line":653,"column":30}},"653":{"start":{"line":654,"column":0},"end":{"line":654,"column":75}},"654":{"start":{"line":655,"column":0},"end":{"line":655,"column":31}},"655":{"start":{"line":656,"column":0},"end":{"line":656,"column":21}},"656":{"start":{"line":657,"column":0},"end":{"line":657,"column":48}},"657":{"start":{"line":658,"column":0},"end":{"line":658,"column":31}},"658":{"start":{"line":659,"column":0},"end":{"line":659,"column":34}},"659":{"start":{"line":660,"column":0},"end":{"line":660,"column":4}},"660":{"start":{"line":661,"column":0},"end":{"line":661,"column":39}},"661":{"start":{"line":662,"column":0},"end":{"line":662,"column":29}},"662":{"start":{"line":663,"column":0},"end":{"line":663,"column":77}},"663":{"start":{"line":664,"column":0},"end":{"line":664,"column":31}},"664":{"start":{"line":665,"column":0},"end":{"line":665,"column":21}},"665":{"start":{"line":666,"column":0},"end":{"line":666,"column":49}},"666":{"start":{"line":667,"column":0},"end":{"line":667,"column":33}},"667":{"start":{"line":668,"column":0},"end":{"line":668,"column":33}},"668":{"start":{"line":669,"column":0},"end":{"line":669,"column":4}},"669":{"start":{"line":670,"column":0},"end":{"line":670,"column":39}},"670":{"start":{"line":671,"column":0},"end":{"line":671,"column":31}},"671":{"start":{"line":672,"column":0},"end":{"line":672,"column":84}},"672":{"start":{"line":673,"column":0},"end":{"line":673,"column":31}},"673":{"start":{"line":674,"column":0},"end":{"line":674,"column":21}},"674":{"start":{"line":675,"column":0},"end":{"line":675,"column":53}},"675":{"start":{"line":676,"column":0},"end":{"line":676,"column":35}},"676":{"start":{"line":677,"column":0},"end":{"line":677,"column":35}},"677":{"start":{"line":678,"column":0},"end":{"line":678,"column":4}},"678":{"start":{"line":679,"column":0},"end":{"line":679,"column":39}},"679":{"start":{"line":680,"column":0},"end":{"line":680,"column":33}},"680":{"start":{"line":681,"column":0},"end":{"line":681,"column":91}},"681":{"start":{"line":682,"column":0},"end":{"line":682,"column":31}},"682":{"start":{"line":683,"column":0},"end":{"line":683,"column":21}},"683":{"start":{"line":684,"column":0},"end":{"line":684,"column":55}},"684":{"start":{"line":685,"column":0},"end":{"line":685,"column":35}},"685":{"start":{"line":686,"column":0},"end":{"line":686,"column":37}},"686":{"start":{"line":687,"column":0},"end":{"line":687,"column":39}},"687":{"start":{"line":688,"column":0},"end":{"line":688,"column":17}},"688":{"start":{"line":689,"column":0},"end":{"line":689,"column":9}},"689":{"start":{"line":690,"column":0},"end":{"line":690,"column":4}},"690":{"start":{"line":691,"column":0},"end":{"line":691,"column":11}},"691":{"start":{"line":692,"column":0},"end":{"line":692,"column":44}},"692":{"start":{"line":693,"column":0},"end":{"line":693,"column":11}},"693":{"start":{"line":694,"column":0},"end":{"line":694,"column":19}},"694":{"start":{"line":695,"column":0},"end":{"line":695,"column":40}},"695":{"start":{"line":696,"column":0},"end":{"line":696,"column":60}},"696":{"start":{"line":697,"column":0},"end":{"line":697,"column":52}},"697":{"start":{"line":698,"column":0},"end":{"line":698,"column":50}},"698":{"start":{"line":699,"column":0},"end":{"line":699,"column":62}},"699":{"start":{"line":700,"column":0},"end":{"line":700,"column":72}},"700":{"start":{"line":701,"column":0},"end":{"line":701,"column":48}},"701":{"start":{"line":702,"column":0},"end":{"line":702,"column":11}},"702":{"start":{"line":703,"column":0},"end":{"line":703,"column":75}},"703":{"start":{"line":704,"column":0},"end":{"line":704,"column":36}},"704":{"start":{"line":705,"column":0},"end":{"line":705,"column":37}},"705":{"start":{"line":706,"column":0},"end":{"line":706,"column":36}},"706":{"start":{"line":707,"column":0},"end":{"line":707,"column":13}},"707":{"start":{"line":708,"column":0},"end":{"line":708,"column":4}},"708":{"start":{"line":709,"column":0},"end":{"line":709,"column":31}},"709":{"start":{"line":710,"column":0},"end":{"line":710,"column":32}},"710":{"start":{"line":711,"column":0},"end":{"line":711,"column":48}},"711":{"start":{"line":712,"column":0},"end":{"line":712,"column":25}},"712":{"start":{"line":713,"column":0},"end":{"line":713,"column":13}},"713":{"start":{"line":714,"column":0},"end":{"line":714,"column":4}},"714":{"start":{"line":715,"column":0},"end":{"line":715,"column":34}},"715":{"start":{"line":716,"column":0},"end":{"line":716,"column":76}},"716":{"start":{"line":717,"column":0},"end":{"line":717,"column":66}},"717":{"start":{"line":718,"column":0},"end":{"line":718,"column":42}},"718":{"start":{"line":719,"column":0},"end":{"line":719,"column":25}},"719":{"start":{"line":720,"column":0},"end":{"line":720,"column":13}},"720":{"start":{"line":721,"column":0},"end":{"line":721,"column":4}},"721":{"start":{"line":722,"column":0},"end":{"line":722,"column":24}},"722":{"start":{"line":723,"column":0},"end":{"line":723,"column":9}},"723":{"start":{"line":724,"column":0},"end":{"line":724,"column":4}},"724":{"start":{"line":725,"column":0},"end":{"line":725,"column":11}},"725":{"start":{"line":726,"column":0},"end":{"line":726,"column":51}},"726":{"start":{"line":727,"column":0},"end":{"line":727,"column":11}},"727":{"start":{"line":728,"column":0},"end":{"line":728,"column":19}},"728":{"start":{"line":729,"column":0},"end":{"line":729,"column":31}},"729":{"start":{"line":730,"column":0},"end":{"line":730,"column":72}},"730":{"start":{"line":731,"column":0},"end":{"line":731,"column":11}},"731":{"start":{"line":732,"column":0},"end":{"line":732,"column":41}},"732":{"start":{"line":733,"column":0},"end":{"line":733,"column":99}},"733":{"start":{"line":734,"column":0},"end":{"line":734,"column":34}},"734":{"start":{"line":735,"column":0},"end":{"line":735,"column":4}},"735":{"start":{"line":736,"column":0},"end":{"line":736,"column":88}},"736":{"start":{"line":737,"column":0},"end":{"line":737,"column":34}},"737":{"start":{"line":738,"column":0},"end":{"line":738,"column":4}},"738":{"start":{"line":739,"column":0},"end":{"line":739,"column":84}},"739":{"start":{"line":740,"column":0},"end":{"line":740,"column":34}},"740":{"start":{"line":741,"column":0},"end":{"line":741,"column":4}},"741":{"start":{"line":742,"column":0},"end":{"line":742,"column":78}},"742":{"start":{"line":743,"column":0},"end":{"line":743,"column":34}},"743":{"start":{"line":744,"column":0},"end":{"line":744,"column":4}},"744":{"start":{"line":745,"column":0},"end":{"line":745,"column":78}},"745":{"start":{"line":746,"column":0},"end":{"line":746,"column":34}},"746":{"start":{"line":747,"column":0},"end":{"line":747,"column":4}},"747":{"start":{"line":748,"column":0},"end":{"line":748,"column":106}},"748":{"start":{"line":749,"column":0},"end":{"line":749,"column":34}},"749":{"start":{"line":750,"column":0},"end":{"line":750,"column":4}},"750":{"start":{"line":751,"column":0},"end":{"line":751,"column":117}},"751":{"start":{"line":752,"column":0},"end":{"line":752,"column":34}},"752":{"start":{"line":753,"column":0},"end":{"line":753,"column":4}},"753":{"start":{"line":754,"column":0},"end":{"line":754,"column":84}},"754":{"start":{"line":755,"column":0},"end":{"line":755,"column":34}},"755":{"start":{"line":756,"column":0},"end":{"line":756,"column":4}},"756":{"start":{"line":757,"column":0},"end":{"line":757,"column":91}},"757":{"start":{"line":758,"column":0},"end":{"line":758,"column":34}},"758":{"start":{"line":759,"column":0},"end":{"line":759,"column":4}},"759":{"start":{"line":760,"column":0},"end":{"line":760,"column":98}},"760":{"start":{"line":761,"column":0},"end":{"line":761,"column":4}},"761":{"start":{"line":762,"column":0},"end":{"line":762,"column":70}},"762":{"start":{"line":763,"column":0},"end":{"line":763,"column":70}},"763":{"start":{"line":764,"column":0},"end":{"line":764,"column":9}},"764":{"start":{"line":765,"column":0},"end":{"line":765,"column":4}},"765":{"start":{"line":766,"column":0},"end":{"line":766,"column":11}},"766":{"start":{"line":767,"column":0},"end":{"line":767,"column":63}},"767":{"start":{"line":768,"column":0},"end":{"line":768,"column":11}},"768":{"start":{"line":769,"column":0},"end":{"line":769,"column":19}},"769":{"start":{"line":770,"column":0},"end":{"line":770,"column":31}},"770":{"start":{"line":771,"column":0},"end":{"line":771,"column":11}},"771":{"start":{"line":772,"column":0},"end":{"line":772,"column":29}},"772":{"start":{"line":773,"column":0},"end":{"line":773,"column":18}},"773":{"start":{"line":774,"column":0},"end":{"line":774,"column":4}},"774":{"start":{"line":775,"column":0},"end":{"line":775,"column":38}},"775":{"start":{"line":776,"column":0},"end":{"line":776,"column":54}},"776":{"start":{"line":777,"column":0},"end":{"line":777,"column":69}},"777":{"start":{"line":778,"column":0},"end":{"line":778,"column":32}},"778":{"start":{"line":779,"column":0},"end":{"line":779,"column":63}},"779":{"start":{"line":780,"column":0},"end":{"line":780,"column":4}},"780":{"start":{"line":781,"column":0},"end":{"line":781,"column":68}},"781":{"start":{"line":782,"column":0},"end":{"line":782,"column":52}},"782":{"start":{"line":783,"column":0},"end":{"line":783,"column":79}},"783":{"start":{"line":784,"column":0},"end":{"line":784,"column":59}},"784":{"start":{"line":785,"column":0},"end":{"line":785,"column":13}},"785":{"start":{"line":786,"column":0},"end":{"line":786,"column":4}},"786":{"start":{"line":787,"column":0},"end":{"line":787,"column":33}},"787":{"start":{"line":788,"column":0},"end":{"line":788,"column":49}},"788":{"start":{"line":789,"column":0},"end":{"line":789,"column":59}},"789":{"start":{"line":790,"column":0},"end":{"line":790,"column":32}},"790":{"start":{"line":791,"column":0},"end":{"line":791,"column":53}},"791":{"start":{"line":792,"column":0},"end":{"line":792,"column":4}},"792":{"start":{"line":793,"column":0},"end":{"line":793,"column":58}},"793":{"start":{"line":794,"column":0},"end":{"line":794,"column":47}},"794":{"start":{"line":795,"column":0},"end":{"line":795,"column":69}},"795":{"start":{"line":796,"column":0},"end":{"line":796,"column":49}},"796":{"start":{"line":797,"column":0},"end":{"line":797,"column":13}},"797":{"start":{"line":798,"column":0},"end":{"line":798,"column":4}},"798":{"start":{"line":799,"column":0},"end":{"line":799,"column":33}},"799":{"start":{"line":800,"column":0},"end":{"line":800,"column":47}},"800":{"start":{"line":801,"column":0},"end":{"line":801,"column":57}},"801":{"start":{"line":802,"column":0},"end":{"line":802,"column":30}},"802":{"start":{"line":803,"column":0},"end":{"line":803,"column":51}},"803":{"start":{"line":804,"column":0},"end":{"line":804,"column":4}},"804":{"start":{"line":805,"column":0},"end":{"line":805,"column":56}},"805":{"start":{"line":806,"column":0},"end":{"line":806,"column":45}},"806":{"start":{"line":807,"column":0},"end":{"line":807,"column":65}},"807":{"start":{"line":808,"column":0},"end":{"line":808,"column":47}},"808":{"start":{"line":809,"column":0},"end":{"line":809,"column":13}},"809":{"start":{"line":810,"column":0},"end":{"line":810,"column":4}},"810":{"start":{"line":811,"column":0},"end":{"line":811,"column":31}},"811":{"start":{"line":812,"column":0},"end":{"line":812,"column":44}},"812":{"start":{"line":813,"column":0},"end":{"line":813,"column":52}},"813":{"start":{"line":814,"column":0},"end":{"line":814,"column":29}},"814":{"start":{"line":815,"column":0},"end":{"line":815,"column":46}},"815":{"start":{"line":816,"column":0},"end":{"line":816,"column":4}},"816":{"start":{"line":817,"column":0},"end":{"line":817,"column":51}},"817":{"start":{"line":818,"column":0},"end":{"line":818,"column":42}},"818":{"start":{"line":819,"column":0},"end":{"line":819,"column":59}},"819":{"start":{"line":820,"column":0},"end":{"line":820,"column":42}},"820":{"start":{"line":821,"column":0},"end":{"line":821,"column":13}},"821":{"start":{"line":822,"column":0},"end":{"line":822,"column":4}},"822":{"start":{"line":823,"column":0},"end":{"line":823,"column":33}},"823":{"start":{"line":824,"column":0},"end":{"line":824,"column":69}},"824":{"start":{"line":825,"column":0},"end":{"line":825,"column":4}},"825":{"start":{"line":826,"column":0},"end":{"line":826,"column":45}},"826":{"start":{"line":827,"column":0},"end":{"line":827,"column":28}},"827":{"start":{"line":828,"column":0},"end":{"line":828,"column":56}},"828":{"start":{"line":829,"column":0},"end":{"line":829,"column":13}},"829":{"start":{"line":830,"column":0},"end":{"line":830,"column":4}},"830":{"start":{"line":831,"column":0},"end":{"line":831,"column":40}},"831":{"start":{"line":832,"column":0},"end":{"line":832,"column":4}},"832":{"start":{"line":833,"column":0},"end":{"line":833,"column":43}},"833":{"start":{"line":834,"column":0},"end":{"line":834,"column":42}},"834":{"start":{"line":835,"column":0},"end":{"line":835,"column":59}},"835":{"start":{"line":836,"column":0},"end":{"line":836,"column":41}},"836":{"start":{"line":837,"column":0},"end":{"line":837,"column":13}},"837":{"start":{"line":838,"column":0},"end":{"line":838,"column":4}},"838":{"start":{"line":839,"column":0},"end":{"line":839,"column":32}},"839":{"start":{"line":840,"column":0},"end":{"line":840,"column":46}},"840":{"start":{"line":841,"column":0},"end":{"line":841,"column":55}},"841":{"start":{"line":842,"column":0},"end":{"line":842,"column":30}},"842":{"start":{"line":843,"column":0},"end":{"line":843,"column":49}},"843":{"start":{"line":844,"column":0},"end":{"line":844,"column":4}},"844":{"start":{"line":845,"column":0},"end":{"line":845,"column":54}},"845":{"start":{"line":846,"column":0},"end":{"line":846,"column":44}},"846":{"start":{"line":847,"column":0},"end":{"line":847,"column":63}},"847":{"start":{"line":848,"column":0},"end":{"line":848,"column":45}},"848":{"start":{"line":849,"column":0},"end":{"line":849,"column":13}},"849":{"start":{"line":850,"column":0},"end":{"line":850,"column":4}},"850":{"start":{"line":851,"column":0},"end":{"line":851,"column":48}},"851":{"start":{"line":852,"column":0},"end":{"line":852,"column":68}},"852":{"start":{"line":853,"column":0},"end":{"line":853,"column":4}},"853":{"start":{"line":854,"column":0},"end":{"line":854,"column":47}},"854":{"start":{"line":855,"column":0},"end":{"line":855,"column":45}},"855":{"start":{"line":856,"column":0},"end":{"line":856,"column":65}},"856":{"start":{"line":857,"column":0},"end":{"line":857,"column":45}},"857":{"start":{"line":858,"column":0},"end":{"line":858,"column":4}},"858":{"start":{"line":859,"column":0},"end":{"line":859,"column":56}},"859":{"start":{"line":860,"column":0},"end":{"line":860,"column":53}},"860":{"start":{"line":861,"column":0},"end":{"line":861,"column":76}},"861":{"start":{"line":862,"column":0},"end":{"line":862,"column":54}},"862":{"start":{"line":863,"column":0},"end":{"line":863,"column":4}},"863":{"start":{"line":864,"column":0},"end":{"line":864,"column":67}},"864":{"start":{"line":865,"column":0},"end":{"line":865,"column":59}},"865":{"start":{"line":866,"column":0},"end":{"line":866,"column":87}},"866":{"start":{"line":867,"column":0},"end":{"line":867,"column":65}},"867":{"start":{"line":868,"column":0},"end":{"line":868,"column":21}},"868":{"start":{"line":869,"column":0},"end":{"line":869,"column":17}},"869":{"start":{"line":870,"column":0},"end":{"line":870,"column":13}},"870":{"start":{"l
[...]
,"/home/runner/work/alf.io/alf.io/frontend/projects/public/src/app/shared/event.service.ts": {"path":"/home/runner/work/alf.io/alf.io/frontend/projects/public/src/app/shared/event.service.ts","all":true,"statementMap":{},"s":{},"branchMap":{"0":{"type":"branch","line":1,"loc":{"start":{"line":1,"column":4802},"end":{"line":130,"column":1}},"locations":[{"start":{"line":1,"column":4802},"end":{"line":130,"column":1}}]}},"b":{"0":[1]},"fnMap":{"0":{"name":"(empty-report)","decl":{"start":{"line":1,"column":4802},"end":{"line":130,"column":1}},"loc":{"start":{"line":1,"column":4802},"end":{"line":130,"column":1}},"line":1}},"f":{"0":1}}
,"/home/runner/work/alf.io/alf.io/frontend/projects/public/src/app/shared/i18n.service.ts": {"path":"/home/runner/work/alf.io/alf.io/frontend/projects/public/src/app/shared/i18n.service.ts","all":true,"statementMap":{},"s":{},"branchMap":{"0":{"type":"branch","line":1,"loc":{"start":{"line":1,"column":7712},"end":{"line":236,"column":1}},"locations":[{"start":{"line":1,"column":7712},"end":{"line":236,"column":1}}]}},"b":{"0":[1]},"fnMap":{"0":{"name":"(empty-report)","decl":{"start":{"line":1,"column":7712},"end":{"line":236,"column":1}},"loc":{"start":{"line":1,"column":7712},"end":{"line":236,"column":1}},"line":1}},"f":{"0":1}}
,"/home/runner/work/alf.io/alf.io/frontend/projects/public/src/app/shared/info.service.ts": {"path":"/home/runner/work/alf.io/alf.io/frontend/projects/public/src/app/shared/info.service.ts","all":true,"statementMap":{},"s":{},"branchMap":{"0":{"type":"branch","line":1,"loc":{"start":{"line":1,"column":1070},"end":{"line":34,"column":1}},"locations":[{"start":{"line":1,"column":1070},"end":{"line":34,"column":1}}]}},"b":{"0":[1]},"fnMap":{"0":{"name":"(empty-report)","decl":{"start":{"line":1,"column":1070},"end":{"line":34,"column":1}},"loc":{"start":{"line":1,"column":1070},"end":{"line":34,"column":1}},"line":1}},"f":{"0":1}}
,"/home/runner/work/alf.io/alf.io/frontend/projects/public/src/app/shared/invalid-feedback.directive.ts": {"path":"/home/runner/work/alf.io/alf.io/frontend/projects/public/src/app/shared/invalid-feedback.directive.ts","all":true,"statementMap":{},"s":{},"branchMap":{"0":{"type":"branch","line":1,"loc":{"start":{"line":1,"column":4779},"end":{"line":154,"column":9}},"locations":[{"start":{"line":1,"column":4779},"end":{"line":154,"column":9}}]}},"b":{"0":[1]},"fnMap":{"0":{"name":"(empty-report)","decl":{"start":{"line":1,"column":4779},"end":{"line":154,"column":9}},"loc":{"start":{"line":1,"column":4779},"end":{"line":154,"column":9}},"line":1}},"f":{"0":1}}
,"/home/runner/work/alf.io/alf.io/frontend/projects/public/src/app/shared/purchase-context.service.ts": {"path":"/home/runner/work/alf.io/alf.io/frontend/projects/public/src/app/shared/purchase-context.service.ts","all":true,"statementMap":{},"s":{},"branchMap":{"0":{"type":"branch","line":1,"loc":{"start":{"line":1,"column":974},"end":{"line":32,"column":59}},"locations":[{"start":{"line":1,"column":974},"end":{"line":32,"column":59}}]}},"b":{"0":[1]},"fnMap":{"0":{"name":"(empty-report)","decl":{"start":{"line":1,"column":974},"end":{"line":32,"column":59}},"loc":{"start":{"line":1,"column":974},"end":{"line":32,"column":59}},"line":1}},"f":{"0":1}}
,"/home/runner/work/alf.io/alf.io/frontend/projects/public/src/app/shared/reservation.service.ts": {"path":"/home/runner/work/alf.io/alf.io/frontend/projects/public/src/app/shared/reservation.service.ts","all":true,"statementMap":{},"s":{},"branchMap":{"0":{"type":"branch","line":1,"loc":{"start":{"line":1,"column":6430},"end":{"line":194,"column":1}},"locations":[{"start":{"line":1,"column":6430},"end":{"line":194,"column":1}}]}},"b":{"0":[1]},"fnMap":{"0":{"name":"(empty-report)","decl":{"start":{"line":1,"column":6430},"end":{"line":194,"column":1}},"loc":{"start":{"line":1,"column":6430},"end":{"line":194,"column":1}},"line":1}},"f":{"0":1}}
,"/home/runner/work/alf.io/alf.io/frontend/projects/public/src/app/shared/shared.module.ts": {"path":"/home/runner/work/alf.io/alf.io/frontend/projects/public/src/app/shared/shared.module.ts","all":true,"statementMap":{},"s":{},"branchMap":{"0":{"type":"branch","line":1,"loc":{"start":{"line":1,"column":1553},"end":{"line":41,"column":28}},"locations":[{"start":{"line":1,"column":1553},"end":{"line":41,"column":28}}]}},"b":{"0":[1]},"fnMap":{"0":{"name":"(empty-report)","decl":{"start":{"line":1,"column":1553},"end":{"line":41,"column":28}},"loc":{"start":{"line":1,"column":1553},"end":{"line":41,"column":28}},"line":1}},"f":{"0":1}}
,"/home/runner/work/alf.io/alf.io/frontend/projects/public/src/app/shared/subscription.service.ts": {"path":"/home/runner/work/alf.io/alf.io/frontend/projects/public/src/app/shared/subscription.service.ts","all":true,"statementMap":{},"s":{},"branchMap":{"0":{"type":"branch","line":1,"loc":{"start":{"line":1,"column":1962},"end":{"line":63,"column":1}},"locations":[{"start":{"line":1,"column":1962},"end":{"line":63,"column":1}}]}},"b":{"0":[1]},"fnMap":{"0":{"name":"(empty-report)","decl":{"start":{"line":1,"column":1962},"end":{"line":63,"column":1}},"loc":{"start":{"line":1,"column":1962},"end":{"line":63,"column":1}},"line":1}},"f":{"0":1}}
,"/home/runner/work/alf.io/alf.io/frontend/projects/public/src/app/shared/ticket.service.ts": {"path":"/home/runner/work/alf.io/alf.io/frontend/projects/public/src/app/shared/ticket.service.ts","all":true,"statementMap":{},"s":{},"branchMap":{"0":{"type":"branch","line":1,"loc":{"start":{"line":1,"column":6697},"end":{"line":203,"column":1}},"locations":[{"start":{"line":1,"column":6697},"end":{"line":203,"column":1}}]}},"b":{"0":[1]},"fnMap":{"0":{"name":"(empty-report)","decl":{"start":{"line":1,"column":6697},"end":{"line":203,"column":1}},"loc":{"start":{"line":1,"column":6697},"end":{"line":203,"column":1}},"line":1}},"f":{"0":1}}
,"/home/runner/work/alf.io/alf.io/frontend/projects/public/src/app/shared/translate-description.pipe.ts": {"path":"/home/runner/work/alf.io/alf.io/frontend/projects/public/src/app/shared/translate-description.pipe.ts","all":true,"statementMap":{},"s":{},"branchMap":{"0":{"type":"branch","line":1,"loc":{"start":{"line":1,"column":568},"end":{"line":18,"column":1}},"locations":[{"start":{"line":1,"column":568},"end":{"line":18,"column":1}}]}},"b":{"0":[1]},"fnMap":{"0":{"name":"(empty-report)","decl":{"start":{"line":1,"column":568},"end":{"line":18,"column":1}},"loc":{"start":{"line":1,"column":568},"end":{"line":18,"column":1}},"line":1}},"f":{"0":1}}
,"/home/runner/work/alf.io/alf.io/frontend/projects/public/src/app/shared/user.service.ts": {"path":"/home/runner/work/alf.io/alf.io/frontend/projects/public/src/app/shared/user.service.ts","all":true,"statementMap":{},"s":{},"branchMap":{"0":{"type":"branch","line":1,"loc":{"start":{"line":1,"column":3978},"end":{"line":124,"column":1}},"locations":[{"start":{"line":1,"column":3978},"end":{"line":124,"column":1}}]}},"b":{"0":[1]},"fnMap":{"0":{"name":"(empty-report)","decl":{"start":{"line":1,"column":3978},"end":{"line":124,"column":1}},"loc":{"start":{"line":1,"column":3978},"end":{"line":124,"column":1}},"line":1}},"f":{"0":1}}
,"/home/runner/work/alf.io/alf.io/frontend/projects/public/src/app/shared/util.ts": {"path":"/home/runner/work/alf.io/alf.io/frontend/projects/public/src/app/shared/util.ts","all":true,"statementMap":{},"s":{},"branchMap":{"0":{"type":"branch","line":1,"loc":{"start":{"line":1,"column":4212},"end":{"line":135,"column":1}},"locations":[{"start":{"line":1,"column":4212},"end":{"line":135,"column":1}}]}},"b":{"0":[1]},"fnMap":{"0":{"name":"(empty-report)","decl":{"start":{"line":1,"column":4212},"end":{"line":135,"column":1}},"loc":{"start":{"line":1,"column":4212},"end":{"line":135,"column":1}},"line":1}},"f":{"0":1}}
,"/home/runner/work/alf.io/alf.io/frontend/projects/public/src/app/shared/validation-helper.ts": {"path":"/home/runner/work/alf.io/alf.io/frontend/projects/public/src/app/shared/validation-helper.ts","all":true,"statementMap":{},"s":{},"branchMap":{"0":{"type":"branch","line":1,"loc":{"start":{"line":1,"column":3735},"end":{"line":119,"column":1}},"locations":[{"start":{"line":1,"column":3735},"end":{"line":119,"column":1}}]}},"b":{"0":[1]},"fnMap":{"0":{"name":"(empty-report)","decl":{"start":{"line":1,"column":3735},"end":{"line":119,"column":1}},"loc":{"start":{"line":1,"column":3735},"end":{"line":119,"column":1}},"line":1}},"f":{"0":1}}
,"/home/runner/work/alf.io/alf.io/frontend/projects/public/src/app/shared/clipboard-copy/clipboard-copy.directive.ts": {"path":"/home/runner/work/alf.io/alf.io/frontend/projects/public/src/app/shared/clipboard-copy/clipboard-copy.directive.ts","all":true,"statementMap":{},"s":{},"branchMap":{"0":{"type":"branch","line":1,"loc":{"start":{"line":1,"column":1074},"end":{"line":39,"column":1}},"locations":[{"start":{"line":1,"column":1074},"end":{"line":39,"column":1}}]}},"b":{"0":[1]},"fnMap":{"0":{"name":"(empty-report)","decl":{"start":{"line":1,"column":1074},"end":{"line":39,"column":1}},"loc":{"start":{"line":1,"column":1074},"end":{"line":39,"column":1}},"line":1}},"f":{"0":1}}
,"/home/runner/work/alf.io/alf.io/frontend/projects/public/src/app/shared/event-header/purchase-context-header.component.ts": {"path":"/home/runner/work/alf.io/alf.io/frontend/projects/public/src/app/shared/event-header/purchase-context-header.component.ts","all":true,"statementMap":{},"s":{},"branchMap":{"0":{"type":"branch","line":1,"loc":{"start":{"line":1,"column":2896},"end":{"line":82,"column":1}},"locations":[{"start":{"line":1,"column":2896},"end":{"line":82,"column":1}}]}},"b":{"0":[1]},"fnMap":{"0":{"name":"(empty-report)","decl":{"start":{"line":1,"column":2896},"end":{"line":82,"column":1}},"loc":{"start":{"line":1,"column":2896},"end":{"line":82,"column":1}},"line":1}},"f":{"0":1}}
,"/home/runner/work/alf.io/alf.io/frontend/projects/public/src/app/shared/feedback/feedback.component.ts": {"path":"/home/runner/work/alf.io/alf.io/frontend/projects/public/src/app/shared/feedback/feedback.component.ts","all":true,"statementMap":{},"s":{},"branchMap":{"0":{"type":"branch","line":1,"loc":{"start":{"line":1,"column":1741},"end":{"line":60,"column":1}},"locations":[{"start":{"line":1,"column":1741},"end":{"line":60,"column":1}}]}},"b":{"0":[1]},"fnMap":{"0":{"name":"(empty-report)","decl":{"start":{"line":1,"column":1741},"end":{"line":60,"column":1}},"loc":{"start":{"line":1,"column":1741},"end":{"line":60,"column":1}},"line":1}},"f":{"0":1}}
,"/home/runner/work/alf.io/alf.io/frontend/projects/public/src/app/shared/feedback/feedback.service.ts": {"path":"/home/runner/work/alf.io/alf.io/frontend/projects/public/src/app/shared/feedback/feedback.service.ts","all":true,"statementMap":{},"s":{},"branchMap":{"0":{"type":"branch","line":1,"loc":{"start":{"line":1,"column":970},"end":{"line":42,"column":1}},"locations":[{"start":{"line":1,"column":970},"end":{"line":42,"column":1}}]}},"b":{"0":[1]},"fnMap":{"0":{"name":"(empty-report)","decl":{"start":{"line":1,"column":970},"end":{"line":42,"column":1}},"loc":{"start":{"line":1,"column":970},"end":{"line":42,"column":1}},"line":1}},"f":{"0":1}}
,"/home/runner/work/alf.io/alf.io/frontend/projects/public/src/app/shared/language-selector/language-selector.component.ts": {"path":"/home/runner/work/alf.io/alf.io/frontend/projects/public/src/app/shared/language-selector/language-selector.component.ts","all":true,"statementMap":{},"s":{},"branchMap":{"0":{"type":"branch","line":1,"loc":{"start":{"line":1,"column":2884},"end":{"line":90,"column":1}},"locations":[{"start":{"line":1,"column":2884},"end":{"line":90,"column":1}}]}},"b":{"0":[1]},"fnMap":{"0":{"name":"(empty-report)","decl":{"start":{"line":1,"column":2884},"end":{"line":90,"column":1}},"loc":{"start":{"line":1,"column":2884},"end":{"line":90,"column":1}},"line":1}},"f":{"0":1}}
,"/home/runner/work/alf.io/alf.io/frontend/projects/public/src/app/shared/topbar/top-bar.component.ts": {"path":"/home/runner/work/alf.io/alf.io/frontend/projects/public/src/app/shared/topbar/top-bar.component.ts","all":true,"statementMap":{},"s":{},"branchMap":{"0":{"type":"branch","line":1,"loc":{"start":{"line":1,"column":2612},"end":{"line":86,"column":1}},"locations":[{"start":{"line":1,"column":2612},"end":{"line":86,"column":1}}]}},"b":{"0":[1]},"fnMap":{"0":{"name":"(empty-report)","decl":{"start":{"line":1,"column":2612},"end":{"line":86,"column":1}},"loc":{"start":{"line":1,"column":2612},"end":{"line":86,"column":1}},"line":1}},"f":{"0":1}}
,"/home/runner/work/alf.io/alf.io/frontend/projects/public/src/app/shared/warning-modal/warning-modal.component.ts": {"path":"/home/runner/work/alf.io/alf.io/frontend/projects/public/src/app/shared/warning-modal/warning-modal.component.ts","all":true,"statementMap":{},"s":{},"branchMap":{"0":{"type":"branch","line":1,"loc":{"start":{"line":1,"column":399},"end":{"line":16,"column":1}},"locations":[{"start":{"line":1,"column":399},"end":{"line":16,"column":1}}]}},"b":{"0":[1]},"fnMap":{"0":{"name":"(empty-report)","decl":{"start":{"line":1,"column":399},"end":{"line":16,"column":1}},"loc":{"start":{"line":1,"column":399},"end":{"line":16,"column":1}},"line":1}},"f":{"0":1}}
,"/home/runner/work/alf.io/alf.io/frontend/projects/public/src/app/stepper/stepper.component.ts": {"path":"/home/runner/work/alf.io/alf.io/frontend/projects/public/src/app/stepper/stepper.component.ts","all":true,"statementMap":{},"s":{},"branchMap":{"0":{"type":"branch","line":1,"loc":{"start":{"line":1,"column":344},"end":{"line":19,"column":1}},"locations":[{"start":{"line":1,"column":344},"end":{"line":19,"column":1}}]}},"b":{"0":[1]},"fnMap":{"0":{"name":"(empty-report)","decl":{"start":{"line":1,"column":344},"end":{"line":19,"column":1}},"loc":{"start":{"line":1,"column":344},"end":{"line":19,"column":1}},"line":1}},"f":{"0":1}}
,"/home/runner/work/alf.io/alf.io/frontend/projects/public/src/app/subscription-display/subscription-display.component.ts": {"path":"/home/runner/work/alf.io/alf.io/frontend/projects/public/src/app/subscription-display/subscription-display.component.ts","all":true,"statementMap":{},"s":{},"branchMap":{"0":{"type":"branch","line":1,"loc":{"start":{"line":1,"column":3196},"end":{"line":85,"column":1}},"locations":[{"start":{"line":1,"column":3196},"end":{"line":85,"column":1}}]}},"b":{"0":[1]},"fnMap":{"0":{"name":"(empty-report)","decl":{"start":{"line":1,"column":3196},"end":{"line":85,"column":1}},"loc":{"start":{"line":1,"column":3196},"end":{"line":85,"column":1}},"line":1}},"f":{"0":1}}
,"/home/runner/work/alf.io/alf.io/frontend/projects/public/src/app/subscription-list-all/subscription-list-all.component.ts": {"path":"/home/runner/work/alf.io/alf.io/frontend/projects/public/src/app/subscription-list-all/subscription-list-all.component.ts","all":true,"statementMap":{},"s":{},"branchMap":{"0":{"type":"branch","line":1,"loc":{"start":{"line":1,"column":3109},"end":{"line":75,"column":1}},"locations":[{"start":{"line":1,"column":3109},"end":{"line":75,"column":1}}]}},"b":{"0":[1]},"fnMap":{"0":{"name":"(empty-report)","decl":{"start":{"line":1,"column":3109},"end":{"line":75,"column":1}},"loc":{"start":{"line":1,"column":3109},"end":{"line":75,"column":1}},"line":1}},"f":{"0":1}}
,"/home/runner/work/alf.io/alf.io/frontend/projects/public/src/app/subscription-summary/subscription-summary.component.ts": {"path":"/home/runner/work/alf.io/alf.io/frontend/projects/public/src/app/subscription-summary/subscription-summary.component.ts","all":true,"statementMap":{},"s":{},"branchMap":{"0":{"type":"branch","line":1,"loc":{"start":{"line":1,"column":3274},"end":{"line":105,"column":1}},"locations":[{"start":{"line":1,"column":3274},"end":{"line":105,"column":1}}]}},"b":{"0":[1]},"fnMap":{"0":{"name":"(empty-report)","decl":{"start":{"line":1,"column":3274},"end":{"line":105,"column":1}},"loc":{"start":{"line":1,"column":3274},"end":{"line":105,"column":1}},"line":1}},"f":{"0":1}}
,"/home/runner/work/alf.io/alf.io/frontend/projects/public/src/app/ticket-quantity-selector/ticket-quantity-selector.component.ts": {"path":"/home/runner/work/alf.io/alf.io/frontend/projects/public/src/app/ticket-quantity-selector/ticket-quantity-selector.component.ts","all":true,"statementMap":{},"s":{},"branchMap":{"0":{"type":"branch","line":1,"loc":{"start":{"line":1,"column":905},"end":{"line":37,"column":1}},"locations":[{"start":{"line":1,"column":905},"end":{"line":37,"column":1}}]}},"b":{"0":[1]},"fnMap":{"0":{"name":"(empty-report)","decl":{"start":{"line":1,"column":905},"end":{"line":37,"column":1}},"loc":{"start":{"line":1,"column":905},"end":{"line":37,"column":1}},"line":1}},"f":{"0":1}}
,"/home/runner/work/alf.io/alf.io/frontend/projects/public/src/app/update-ticket/update-ticket.component.ts": {"path":"/home/runner/work/alf.io/alf.io/frontend/projects/public/src/app/update-ticket/update-ticket.component.ts","all":true,"statementMap":{},"s":{},"branchMap":{"0":{"type":"branch","line":1,"loc":{"start":{"line":1,"column":5265},"end":{"line":156,"column":1}},"locations":[{"start":{"line":1,"column":5265},"end":{"line":156,"column":1}}]}},"b":{"0":[1]},"fnMap":{"0":{"name":"(empty-report)","decl":{"start":{"line":1,"column":5265},"end":{"line":156,"column":1}},"loc":{"start":{"line":1,"column":5265},"end":{"line":156,"column":1}},"line":1}},"f":{"0":1}}
,"/home/runner/work/alf.io/alf.io/frontend/projects/public/src/app/view-ticket/view-ticket.component.ts": {"path":"/home/runner/work/alf.io/alf.io/frontend/projects/public/src/app/view-ticket/view-ticket.component.ts","all":true,"statementMap":{},"s":{},"branchMap":{"0":{"type":"branch","line":1,"loc":{"start":{"line":1,"column":4094},"end":{"line":116,"column":1}},"locations":[{"start":{"line":1,"column":4094},"end":{"line":116,"column":1}}]}},"b":{"0":[1]},"fnMap":{"0":{"name":"(empty-report)","decl":{"start":{"line":1,"column":4094},"end":{"line":116,"column":1}},"loc":{"start":{"line":1,"column":4094},"end":{"line":116,"column":1}},"line":1}},"f":{"0":1}}
,"/home/runner/work/alf.io/alf.io/frontend/projects/public/src/app/waiting-room/waiting-room.component.ts": {"path":"/home/runner/work/alf.io/alf.io/frontend/projects/public/src/app/waiting-room/waiting-room.component.ts","all":true,"statementMap":{},"s":{},"branchMap":{"0":{"type":"branch","line":1,"loc":{"start":{"line":1,"column":3701},"end":{"line":104,"column":1}},"locations":[{"start":{"line":1,"column":3701},"end":{"line":104,"column":1}}]}},"b":{"0":[1]},"fnMap":{"0":{"name":"(empty-report)","decl":{"start":{"line":1,"column":3701},"end":{"line":104,"column":1}},"loc":{"start":{"line":1,"column":3701},"end":{"line":104,"column":1}},"line":1}},"f":{"0":1}}
,"/home/runner/work/alf.io/alf.io/frontend/projects/public/src/environments/environment.prod.ts": {"path":"/home/runner/work/alf.io/alf.io/frontend/projects/public/src/environments/environment.prod.ts","all":true,"statementMap":{},"s":{},"branchMap":{"0":{"type":"branch","line":1,"loc":{"start":{"line":1,"column":53},"end":{"line":3,"column":2}},"locations":[{"start":{"line":1,"column":53},"end":{"line":3,"column":2}}]}},"b":{"0":[1]},"fnMap":{"0":{"name":"(empty-report)","decl":{"start":{"line":1,"column":53},"end":{"line":3,"column":2}},"loc":{"start":{"line":1,"column":53},"end":{"line":3,"column":2}},"line":1}},"f":{"0":1}}
,"/home/runner/work/alf.io/alf.io/frontend/projects/public/src/environments/environment.ts": {"path":"/home/runner/work/alf.io/alf.io/frontend/projects/public/src/environments/environment.ts","all":true,"statementMap":{},"s":{},"branchMap":{"0":{"type":"branch","line":1,"loc":{"start":{"line":1,"column":664},"end":{"line":16,"column":67}},"locations":[{"start":{"line":1,"column":664},"end":{"line":16,"column":67}}]}},"b":{"0":[1]},"fnMap":{"0":{"name":"(empty-report)","decl":{"start":{"line":1,"column":664},"end":{"line":16,"column":67}},"loc":{"start":{"line":1,"column":664},"end":{"line":16,"column":67}},"line":1}},"f":{"0":1}}
}
