{"/home/runner/work/alf.io/alf.io/frontend/admin/src/model/additional-field.ts": {"path":"/home/runner/work/alf.io/alf.io/frontend/admin/src/model/additional-field.ts","all":false,"statementMap":{"83":{"start":{"line":84,"column":0},"end":{"line":84,"column":52}},"84":{"start":{"line":85,"column":0},"end":{"line":85,"column":43}},"85":{"start":{"line":86,"column":0},"end":{"line":86,"column":38}},"86":{"start":{"line":87,"column":0},"end":{"line":87,"column":42}},"87":{"start":{"line":88,"column":0},"end":{"line":88,"column":38}},"88":{"start":{"line":89,"column":0},"end":{"line":89,"column":43}},"89":{"start":{"line":90,"column":0},"end":{"line":90,"column":38}},"90":{"start":{"line":91,"column":0},"end":{"line":91,"column":41}},"91":{"start":{"line":92,"column":0},"end":{"line":92,"column":43}},"92":{"start":{"line":93,"column":0},"end":{"line":93,"column":47}},"93":{"start":{"line":94,"column":0},"end":{"line":94,"column":2}},"99":{"start":{"line":100,"column":0},"end":{"line":100,"column":69}},"100":{"start":{"line":101,"column":0},"end":{"line":101,"column":12}},"101":{"start":{"line":102,"column":0},"end":{"line":102,"column":37}},"102":{"start":{"line":103,"column":0},"end":{"line":103,"column":36}},"103":{"start":{"line":104,"column":0},"end":{"line":104,"column":33}},"104":{"start":{"line":105,"column":0},"end":{"line":105,"column":35}},"105":{"start":{"line":106,"column":0},"end":{"line":106,"column":41}},"107":{"start":{"line":108,"column":0},"end":{"line":108,"column":1}},"113":{"start":{"line":114,"column":0},"end":{"line":114,"column":74}},"114":{"start":{"line":115,"column":0},"end":{"line":115,"column":12}},"115":{"start":{"line":116,"column":0},"end":{"line":116,"column":35}},"116":{"start":{"line":117,"column":0},"end":{"line":117,"column":32}},"117":{"start":{"line":118,"column":0},"end":{"line":118,"column":30}},"119":{"start":{"line":120,"column":0},"end":{"line":120,"column":1}},"137":{"start":{"line":138,"column":0},"end":{"line":138,"column":78}},"138":{"start":{"line":139,"column":0},"end":{"line":139,"column":61}},"139":{"start":{"line":140,"column":0},"end":{"line":140,"column":31}},"140":{"start":{"line":141,"column":0},"end":{"line":141,"column":1}},"146":{"start":{"line":147,"column":0},"end":{"line":147,"column":79}},"147":{"start":{"line":148,"column":0},"end":{"line":148,"column":12}},"148":{"start":{"line":149,"column":0},"end":{"line":149,"column":37}},"149":{"start":{"line":150,"column":0},"end":{"line":150,"column":36}},"150":{"start":{"line":151,"column":0},"end":{"line":151,"column":35}},"151":{"start":{"line":152,"column":0},"end":{"line":152,"column":41}},"153":{"start":{"line":154,"column":0},"end":{"line":154,"column":1}}},"s":{"83":1,"84":1,"85":1,"86":1,"87":1,"88":1,"89":1,"90":1,"91":1,"92":1,"93":1,"99":1,"100":9,"101":9,"102":8,"103":7,"104":6,"105":5,"107":9,"113":1,"114":9,"115":9,"116":8,"117":7,"119":9,"137":1,"138":10,"139":10,"140":10,"146":1,"147":9,"148":9,"149":8,"150":7,"151":6,"153":9},"branchMap":{"0":{"type":"branch","line":100,"loc":{"start":{"line":100,"column":7},"end":{"line":108,"column":1}},"locations":[{"start":{"line":100,"column":7},"end":{"line":108,"column":1}}]},"1":{"type":"branch","line":102,"loc":{"start":{"line":102,"column":22},"end":{"line":103,"column":36}},"locations":[{"start":{"line":102,"column":22},"end":{"line":103,"column":36}}]},"2":{"type":"branch","line":103,"loc":{"start":{"line":103,"column":22},"end":{"line":104,"column":33}},"locations":[{"start":{"line":103,"column":22},"end":{"line":104,"column":33}}]},"3":{"type":"branch","line":104,"loc":{"start":{"line":104,"column":22},"end":{"line":105,"column":35}},"locations":[{"start":{"line":104,"column":22},"end":{"line":105,"column":35}}]},"4":{"type":"branch","line":105,"loc":{"start":{"line":105,"column":22},"end":{"line":106,"column":41}},"locations":[{"start":{"line":105,"column":22},"end":{"line":106,"column":41}}]},"5":{"type":"branch","line":114,"loc":{"start":{"line":114,"column":7},"end":{"line":120,"column":1}},"locations":[{"start":{"line":114,"column":7},"end":{"line":120,"column":1}}]},"6":{"type":"branch","line":116,"loc":{"start":{"line":116,"column":22},"end":{"line":117,"column":32}},"locations":[{"start":{"line":116,"column":22},"end":{"line":117,"column":32}}]},"7":{"type":"branch","line":117,"loc":{"start":{"line":117,"column":22},"end":{"line":118,"column":30}},"locations":[{"start":{"line":117,"column":22},"end":{"line":118,"column":30}}]},"8":{"type":"branch","line":138,"loc":{"start":{"line":138,"column":7},"end":{"line":141,"column":1}},"locations":[{"start":{"line":138,"column":7},"end":{"line":141,"column":1}}]},"9":{"type":"branch","line":140,"loc":{"start":{"line":140,"column":11},"end":{"line":140,"column":31}},"locations":[{"start":{"line":140,"column":11},"end":{"line":140,"column":31}}]},"10":{"type":"branch","line":147,"loc":{"start":{"line":147,"column":7},"end":{"line":154,"column":1}},"locations":[{"start":{"line":147,"column":7},"end":{"line":154,"column":1}}]},"11":{"type":"branch","line":149,"loc":{"start":{"line":149,"column":22},"end":{"line":150,"column":36}},"locations":[{"start":{"line":149,"column":22},"end":{"line":150,"column":36}}]},"12":{"type":"branch","line":150,"loc":{"start":{"line":150,"column":22},"end":{"line":151,"column":35}},"locations":[{"start":{"line":150,"column":22},"end":{"line":151,"column":35}}]},"13":{"type":"branch","line":151,"loc":{"start":{"line":151,"column":22},"end":{"line":152,"column":41}},"locations":[{"start":{"line":151,"column":22},"end":{"line":152,"column":41}}]}},"b":{"0":[9],"1":[8],"2":[7],"3":[6],"4":[5],"5":[9],"6":[8],"7":[7],"8":[10],"9":[1],"10":[9],"11":[8],"12":[7],"13":[6]},"fnMap":{"0":{"name":"supportsPlaceholder","decl":{"start":{"line":100,"column":7},"end":{"line":108,"column":1}},"loc":{"start":{"line":100,"column":7},"end":{"line":108,"column":1}},"line":100},"1":{"name":"supportsRestrictedValues","decl":{"start":{"line":114,"column":7},"end":{"line":120,"column":1}},"loc":{"start":{"line":114,"column":7},"end":{"line":120,"column":1}},"line":114},"2":{"name":"renderAdditionalFieldType","decl":{"start":{"line":138,"column":7},"end":{"line":141,"column":1}},"loc":{"start":{"line":138,"column":7},"end":{"line":141,"column":1}},"line":138},"3":{"name":"supportsMinMaxLength","decl":{"start":{"line":147,"column":7},"end":{"line":154,"column":1}},"loc":{"start":{"line":147,"column":7},"end":{"line":154,"column":1}},"line":147}},"f":{"0":9,"1":9,"2":10,"3":9}}
,"/home/runner/work/alf.io/alf.io/frontend/admin/src/model/additional-item.ts": {"path":"/home/runner/work/alf.io/alf.io/frontend/admin/src/model/additional-item.ts","all":false,"statementMap":{"17":{"start":{"line":18,"column":0},"end":{"line":18,"column":72}},"18":{"start":{"line":19,"column":0},"end":{"line":19,"column":66}},"19":{"start":{"line":20,"column":0},"end":{"line":20,"column":37}},"20":{"start":{"line":21,"column":0},"end":{"line":21,"column":106}},"21":{"start":{"line":22,"column":0},"end":{"line":22,"column":76}},"22":{"start":{"line":23,"column":0},"end":{"line":23,"column":52}},"23":{"start":{"line":24,"column":0},"end":{"line":24,"column":35}},"24":{"start":{"line":25,"column":0},"end":{"line":25,"column":58}},"25":{"start":{"line":26,"column":0},"end":{"line":26,"column":40}},"26":{"start":{"line":27,"column":0},"end":{"line":27,"column":63}},"27":{"start":{"line":28,"column":0},"end":{"line":28,"column":2}},"34":{"start":{"line":35,"column":0},"end":{"line":35,"column":74}},"35":{"start":{"line":36,"column":0},"end":{"line":36,"column":12}},"36":{"start":{"line":37,"column":0},"end":{"line":37,"column":58}},"37":{"start":{"line":38,"column":0},"end":{"line":38,"column":65}},"38":{"start":{"line":39,"column":0},"end":{"line":39,"column":63}},"40":{"start":{"line":41,"column":0},"end":{"line":41,"column":1}},"46":{"start":{"line":47,"column":0},"end":{"line":47,"column":38}},"47":{"start":{"line":48,"column":0},"end":{"line":48,"column":39}},"48":{"start":{"line":49,"column":0},"end":{"line":49,"column":12}},"49":{"start":{"line":50,"column":0},"end":{"line":50,"column":12}},"50":{"start":{"line":51,"column":0},"end":{"line":51,"column":65}},"51":{"start":{"line":52,"column":0},"end":{"line":52,"column":63}},"53":{"start":{"line":54,"column":0},"end":{"line":54,"column":1}},"55":{"start":{"line":56,"column":0},"end":{"line":56,"column":63}},"56":{"start":{"line":57,"column":0},"end":{"line":57,"column":36}},"57":{"start":{"line":58,"column":0},"end":{"line":58,"column":45}},"58":{"start":{"line":59,"column":0},"end":{"line":59,"column":2}}},"s":{"17":1,"18":1,"19":1,"20":1,"21":1,"22":1,"23":1,"24":1,"25":1,"26":1,"27":1,"34":1,"35":6,"36":6,"37":5,"38":4,"40":6,"46":1,"47":6,"48":6,"49":6,"50":6,"51":5,"53":6,"55":1,"56":1,"57":1,"58":1},"branchMap":{"0":{"type":"branch","line":35,"loc":{"start":{"line":35,"column":7},"end":{"line":41,"column":1}},"locations":[{"start":{"line":35,"column":7},"end":{"line":41,"column":1}}]},"1":{"type":"branch","line":37,"loc":{"start":{"line":37,"column":29},"end":{"line":38,"column":65}},"locations":[{"start":{"line":37,"column":29},"end":{"line":38,"column":65}}]},"2":{"type":"branch","line":38,"loc":{"start":{"line":38,"column":29},"end":{"line":39,"column":63}},"locations":[{"start":{"line":38,"column":29},"end":{"line":39,"column":63}}]},"3":{"type":"branch","line":47,"loc":{"start":{"line":47,"column":7},"end":{"line":54,"column":1}},"locations":[{"start":{"line":47,"column":7},"end":{"line":54,"column":1}}]},"4":{"type":"branch","line":51,"loc":{"start":{"line":51,"column":29},"end":{"line":52,"column":63}},"locations":[{"start":{"line":51,"column":29},"end":{"line":52,"column":63}}]}},"b":{"0":[6],"1":[5],"2":[4],"3":[6],"4":[5]},"fnMap":{"0":{"name":"isMandatory","decl":{"start":{"line":35,"column":7},"end":{"line":41,"column":1}},"loc":{"start":{"line":35,"column":7},"end":{"line":41,"column":1}},"line":35},"1":{"name":"isMandatoryPercentage","decl":{"start":{"line":47,"column":7},"end":{"line":54,"column":1}},"loc":{"start":{"line":47,"column":7},"end":{"line":54,"column":1}},"line":47}},"f":{"0":6,"1":6}}
,"/home/runner/work/alf.io/alf.io/frontend/admin/src/model/dom-events.ts": {"path":"/home/runner/work/alf.io/alf.io/frontend/admin/src/model/dom-events.ts","all":false,"statementMap":{"13":{"start":{"line":14,"column":0},"end":{"line":14,"column":33}},"14":{"start":{"line":15,"column":0},"end":{"line":15,"column":32}},"15":{"start":{"line":16,"column":0},"end":{"line":16,"column":21}},"16":{"start":{"line":17,"column":0},"end":{"line":17,"column":9}},"17":{"start":{"line":18,"column":0},"end":{"line":18,"column":22}},"18":{"start":{"line":19,"column":0},"end":{"line":19,"column":63}},"19":{"start":{"line":20,"column":0},"end":{"line":20,"column":28}},"20":{"start":{"line":21,"column":0},"end":{"line":21,"column":26}},"21":{"start":{"line":22,"column":0},"end":{"line":22,"column":27}},"22":{"start":{"line":23,"column":0},"end":{"line":23,"column":11}},"23":{"start":{"line":24,"column":0},"end":{"line":24,"column":6}},"24":{"start":{"line":25,"column":0},"end":{"line":25,"column":1}}},"s":{"13":1,"14":7,"15":7,"16":7,"17":7,"18":7,"19":7,"20":7,"21":7,"22":7,"23":7,"24":7},"branchMap":{"0":{"type":"branch","line":14,"loc":{"start":{"line":14,"column":7},"end":{"line":25,"column":1}},"locations":[{"start":{"line":14,"column":7},"end":{"line":25,"column":1}}]}},"b":{"0":[7]},"fnMap":{"0":{"name":"dispatchFeedback","decl":{"start":{"line":14,"column":7},"end":{"line":25,"column":1}},"loc":{"start":{"line":14,"column":7},"end":{"line":25,"column":1}},"line":14}},"f":{"0":7}}
,"/home/runner/work/alf.io/alf.io/frontend/admin/src/model/event.ts": {"path":"/home/runner/work/alf.io/alf.io/frontend/admin/src/model/event.ts","all":true,"statementMap":{},"s":{},"branchMap":{"0":{"type":"branch","line":1,"loc":{"start":{"line":1,"column":1375},"end":{"line":54,"column":1}},"locations":[{"start":{"line":1,"column":1375},"end":{"line":54,"column":1}}]}},"b":{"0":[1]},"fnMap":{"0":{"name":"(empty-report)","decl":{"start":{"line":1,"column":1375},"end":{"line":54,"column":1}},"loc":{"start":{"line":1,"column":1375},"end":{"line":54,"column":1}},"line":1}},"f":{"0":1}}
,"/home/runner/work/alf.io/alf.io/frontend/admin/src/model/organization.ts": {"path":"/home/runner/work/alf.io/alf.io/frontend/admin/src/model/organization.ts","all":true,"statementMap":{},"s":{},"branchMap":{"0":{"type":"branch","line":1,"loc":{"start":{"line":1,"column":142},"end":{"line":7,"column":1}},"locations":[{"start":{"line":1,"column":142},"end":{"line":7,"column":1}}]}},"b":{"0":[1]},"fnMap":{"0":{"name":"(empty-report)","decl":{"start":{"line":1,"column":142},"end":{"line":7,"column":1}},"loc":{"start":{"line":1,"column":142},"end":{"line":7,"column":1}},"line":1}},"f":{"0":1}}
,"/home/runner/work/alf.io/alf.io/frontend/admin/src/model/purchase-context.ts": {"path":"/home/runner/work/alf.io/alf.io/frontend/admin/src/model/purchase-context.ts","all":true,"statementMap":{},"s":{},"branchMap":{"0":{"type":"branch","line":1,"loc":{"start":{"line":1,"column":436},"end":{"line":19,"column":1}},"locations":[{"start":{"line":1,"column":436},"end":{"line":19,"column":1}}]}},"b":{"0":[1]},"fnMap":{"0":{"name":"(empty-report)","decl":{"start":{"line":1,"column":436},"end":{"line":19,"column":1}},"loc":{"start":{"line":1,"column":436},"end":{"line":19,"column":1}},"line":1}},"f":{"0":1}}
,"/home/runner/work/alf.io/alf.io/frontend/admin/src/model/subscription-descriptor.ts": {"path":"/home/runner/work/alf.io/alf.io/frontend/admin/src/model/subscription-descriptor.ts","all":true,"statementMap":{},"s":{},"branchMap":{"0":{"type":"branch","line":1,"loc":{"start":{"line":1,"column":129},"end":{"line":3,"column":66}},"locations":[{"start":{"line":1,"column":129},"end":{"line":3,"column":66}}]}},"b":{"0":[1]},"fnMap":{"0":{"name":"(empty-report)","decl":{"start":{"line":1,"column":129},"end":{"line":3,"column":66}},"loc":{"start":{"line":1,"column":129},"end":{"line":3,"column":66}},"line":1}},"f":{"0":1}}
,"/home/runner/work/alf.io/alf.io/frontend/admin/src/model/validation.ts": {"path":"/home/runner/work/alf.io/alf.io/frontend/admin/src/model/validation.ts","all":true,"statementMap":{},"s":{},"branchMap":{"0":{"type":"branch","line":1,"loc":{"start":{"line":1,"column":379},"end":{"line":18,"column":1}},"locations":[{"start":{"line":1,"column":379},"end":{"line":18,"column":1}}]}},"b":{"0":[1]},"fnMap":{"0":{"name":"(empty-report)","decl":{"start":{"line":1,"column":379},"end":{"line":18,"column":1}},"loc":{"start":{"line":1,"column":379},"end":{"line":18,"column":1}},"line":1}},"f":{"0":1}}
,"/home/runner/work/alf.io/alf.io/frontend/admin/src/service/additional-field.ts": {"path":"/home/runner/work/alf.io/alf.io/frontend/admin/src/service/additional-field.ts","all":false,"statementMap":{"8":{"start":{"line":9,"column":0},"end":{"line":9,"column":63}},"10":{"start":{"line":11,"column":0},"end":{"line":11,"column":37}},"18":{"start":{"line":19,"column":0},"end":{"line":19,"column":37}},"19":{"start":{"line":20,"column":0},"end":{"line":20,"column":41}},"20":{"start":{"line":21,"column":0},"end":{"line":21,"column":19}},"21":{"start":{"line":22,"column":0},"end":{"line":22,"column":53}},"22":{"start":{"line":23,"column":0},"end":{"line":23,"column":25}},"23":{"start":{"line":24,"column":0},"end":{"line":24,"column":114}},"24":{"start":{"line":25,"column":0},"end":{"line":25,"column":10}},"25":{"start":{"line":26,"column":0},"end":{"line":26,"column":5}},"33":{"start":{"line":34,"column":0},"end":{"line":34,"column":36}},"34":{"start":{"line":35,"column":0},"end":{"line":35,"column":41}},"35":{"start":{"line":36,"column":0},"end":{"line":36,"column":48}},"36":{"start":{"line":37,"column":0},"end":{"line":37,"column":25}},"37":{"start":{"line":38,"column":0},"end":{"line":38,"column":102}},"38":{"start":{"line":39,"column":0},"end":{"line":39,"column":10}},"39":{"start":{"line":40,"column":0},"end":{"line":40,"column":5}},"48":{"start":{"line":49,"column":0},"end":{"line":49,"column":23}},"49":{"start":{"line":50,"column":0},"end":{"line":50,"column":41}},"50":{"start":{"line":51,"column":0},"end":{"line":51,"column":19}},"51":{"start":{"line":52,"column":0},"end":{"line":52,"column":26}},"52":{"start":{"line":53,"column":0},"end":{"line":53,"column":26}},"53":{"start":{"line":54,"column":0},"end":{"line":54,"column":108}},"54":{"start":{"line":55,"column":0},"end":{"line":55,"column":10}},"55":{"start":{"line":56,"column":0},"end":{"line":56,"column":5}},"65":{"start":{"line":66,"column":0},"end":{"line":66,"column":29}},"66":{"start":{"line":67,"column":0},"end":{"line":67,"column":41}},"67":{"start":{"line":68,"column":0},"end":{"line":68,"column":20}},"68":{"start":{"line":69,"column":0},"end":{"line":69,"column":20}},"69":{"start":{"line":70,"column":0},"end":{"line":70,"column":26}},"70":{"start":{"line":71,"column":0},"end":{"line":71,"column":24}},"71":{"start":{"line":72,"column":0},"end":{"line":72,"column":130}},"72":{"start":{"line":73,"column":0},"end":{"line":73,"column":17}},"73":{"start":{"line":74,"column":0},"end":{"line":74,"column":10}},"74":{"start":{"line":75,"column":0},"end":{"line":75,"column":5}},"85":{"start":{"line":86,"column":0},"end":{"line":86,"column":21}},"86":{"start":{"line":87,"column":0},"end":{"line":87,"column":41}},"87":{"start":{"line":88,"column":0},"end":{"line":88,"column":19}},"88":{"start":{"line":89,"column":0},"end":{"line":89,"column":25}},"89":{"start":{"line":90,"column":0},"end":{"line":90,"column":26}},"90":{"start":{"line":91,"column":0},"end":{"line":91,"column":43}},"91":{"start":{"line":92,"column":0},"end":{"line":92,"column":53}},"92":{"start":{"line":93,"column":0},"end":{"line":93,"column":24}},"93":{"start":{"line":94,"column":0},"end":{"line":94,"column":121}},"94":{"start":{"line":95,"column":0},"end":{"line":95,"column":17}},"95":{"start":{"line":96,"column":0},"end":{"line":96,"column":10}},"96":{"start":{"line":97,"column":0},"end":{"line":97,"column":5}},"104":{"start":{"line":105,"column":0},"end":{"line":105,"column":25}},"105":{"start":{"line":106,"column":0},"end":{"line":106,"column":41}},"106":{"start":{"line":107,"column":0},"end":{"line":107,"column":56}},"107":{"start":{"line":108,"column":0},"end":{"line":108,"column":25}},"108":{"start":{"line":109,"column":0},"end":{"line":109,"column":112}},"109":{"start":{"line":110,"column":0},"end":{"line":110,"column":10}},"110":{"start":{"line":111,"column":0},"end":{"line":111,"column":5}},"120":{"start":{"line":121,"column":0},"end":{"line":121,"column":32}},"121":{"start":{"line":122,"column":0},"end":{"line":122,"column":41}},"122":{"start":{"line":123,"column":0},"end":{"line":123,"column":44}},"123":{"start":{"line":124,"column":0},"end":{"line":124,"column":52}},"124":{"start":{"line":125,"column":0},"end":{"line":125,"column":40}},"125":{"start":{"line":126,"column":0},"end":{"line":126,"column":106}},"126":{"start":{"line":127,"column":0},"end":{"line":127,"column":18}},"127":{"start":{"line":128,"column":0},"end":{"line":128,"column":10}},"128":{"start":{"line":129,"column":0},"end":{"line":129,"column":31}},"129":{"start":{"line":130,"column":0},"end":{"line":130,"column":5}},"139":{"start":{"line":140,"column":0},"end":{"line":140,"column":27}},"140":{"start":{"line":141,"column":0},"end":{"line":141,"column":41}},"141":{"start":{"line":142,"column":0},"end":{"line":142,"column":31}},"142":{"start":{"line":143,"column":0},"end":{"line":143,"column":26}},"143":{"start":{"line":144,"column":0},"end":{"line":144,"column":122}},"144":{"start":{"line":145,"column":0},"end":{"line":145,"column":42}},"145":{"start":{"line":146,"column":0},"end":{"line":146,"column":5}},"146":{"start":{"line":147,"column":0},"end":{"line":147,"column":1}}},"s":{"8":1,"10":1,"18":1,"19":1,"20":1,"21":1,"22":1,"23":1,"24":1,"25":1,"33":1,"34":2,"35":2,"36":2,"37":2,"38":2,"39":2,"48":1,"49":1,"50":1,"51":1,"52":1,"53":1,"54":1,"55":1,"65":1,"66":2,"67":2,"68":2,"69":2,"70":2,"71":2,"72":2,"73":2,"74":2,"85":1,"86":2,"87":2,"88":2,"89":2,"90":2,"91":2,"92":2,"93":2,"94":2,"95":2,"96":2,"104":1,"105":1,"106":1,"107":1,"108":1,"109":1,"110":1,"120":1,"121":1,"122":1,"123":1,"124":1,"125":1,"126":1,"127":1,"128":1,"129":1,"139":1,"140":1,"141":1,"142":1,"143":1,"144":1,"145":1,"146":1},"branchMap":{"0":{"type":"branch","line":19,"loc":{"start":{"line":19,"column":11},"end":{"line":26,"column":5}},"locations":[{"start":{"line":19,"column":11},"end":{"line":26,"column":5}}]},"1":{"type":"branch","line":34,"loc":{"start":{"line":34,"column":11},"end":{"line":40,"column":5}},"locations":[{"start":{"line":34,"column":11},"end":{"line":40,"column":5}}]},"2":{"type":"branch","line":49,"loc":{"start":{"line":49,"column":11},"end":{"line":56,"column":5}},"locations":[{"start":{"line":49,"column":11},"end":{"line":56,"column":5}}]},"3":{"type":"branch","line":66,"loc":{"start":{"line":66,"column":11},"end":{"line":75,"column":5}},"locations":[{"start":{"line":66,"column":11},"end":{"line":75,"column":5}}]},"4":{"type":"branch","line":86,"loc":{"start":{"line":86,"column":11},"end":{"line":97,"column":5}},"locations":[{"start":{"line":86,"column":11},"end":{"line":97,"column":5}}]},"5":{"type":"branch","line":105,"loc":{"start":{"line":105,"column":11},"end":{"line":111,"column":5}},"locations":[{"start":{"line":105,"column":11},"end":{"line":111,"column":5}}]},"6":{"type":"branch","line":121,"loc":{"start":{"line":121,"column":4},"end":{"line":130,"column":5}},"locations":[{"start":{"line":121,"column":4},"end":{"line":130,"column":5}}]},"7":{"type":"branch","line":140,"loc":{"start":{"line":140,"column":4},"end":{"line":146,"column":5}},"locations":[{"start":{"line":140,"column":4},"end":{"line":146,"column":5}}]}},"b":{"0":[1],"1":[2],"2":[1],"3":[2],"4":[2],"5":[1],"6":[1],"7":[1]},"fnMap":{"0":{"name":"loadRestrictedValuesStats","decl":{"start":{"line":19,"column":11},"end":{"line":26,"column":5}},"loc":{"start":{"line":19,"column":11},"end":{"line":26,"column":5}},"line":19},"1":{"name":"loadAllByPurchaseContext","decl":{"start":{"line":34,"column":11},"end":{"line":40,"column":5}},"loc":{"start":{"line":34,"column":11},"end":{"line":40,"column":5}},"line":34},"2":{"name":"deleteField","decl":{"start":{"line":49,"column":11},"end":{"line":56,"column":5}},"loc":{"start":{"line":49,"column":11},"end":{"line":56,"column":5}},"line":49},"3":{"name":"swapFieldPosition","decl":{"start":{"line":66,"column":11},"end":{"line":75,"column":5}},"loc":{"start":{"line":66,"column":11},"end":{"line":75,"column":5}},"line":66},"4":{"name":"moveField","decl":{"start":{"line":86,"column":11},"end":{"line":97,"column":5}},"loc":{"start":{"line":86,"column":11},"end":{"line":97,"column":5}},"line":86},"5":{"name":"loadTemplates","decl":{"start":{"line":105,"column":11},"end":{"line":111,"column":5}},"loc":{"start":{"line":105,"column":11},"end":{"line":111,"column":5}},"line":105},"6":{"name":"createNewField","decl":{"start":{"line":121,"column":4},"end":{"line":130,"column":5}},"loc":{"start":{"line":121,"column":4},"end":{"line":130,"column":5}},"line":121},"7":{"name":"saveField","decl":{"start":{"line":140,"column":4},"end":{"line":146,"column":5}},"loc":{"start":{"line":140,"column":4},"end":{"line":146,"column":5}},"line":140}},"f":{"0":1,"1":2,"2":1,"3":2,"4":2,"5":1,"6":1,"7":1}}
,"/home/runner/work/alf.io/alf.io/frontend/admin/src/service/additional-item.ts": {"path":"/home/runner/work/alf.io/alf.io/frontend/admin/src/service/additional-item.ts","all":false,"statementMap":{"2":{"start":{"line":3,"column":0},"end":{"line":3,"column":72}},"6":{"start":{"line":7,"column":0},"end":{"line":7,"column":36}},"14":{"start":{"line":15,"column":0},"end":{"line":15,"column":26}},"15":{"start":{"line":16,"column":0},"end":{"line":16,"column":16}},"16":{"start":{"line":17,"column":0},"end":{"line":17,"column":8}},"18":{"start":{"line":19,"column":0},"end":{"line":19,"column":40}},"19":{"start":{"line":20,"column":0},"end":{"line":20,"column":31}},"20":{"start":{"line":21,"column":0},"end":{"line":21,"column":62}},"21":{"start":{"line":22,"column":0},"end":{"line":22,"column":10}},"22":{"start":{"line":23,"column":0},"end":{"line":23,"column":5}},"30":{"start":{"line":31,"column":0},"end":{"line":31,"column":65}},"31":{"start":{"line":32,"column":0},"end":{"line":32,"column":31}},"32":{"start":{"line":33,"column":0},"end":{"line":33,"column":68}},"33":{"start":{"line":34,"column":0},"end":{"line":34,"column":10}},"34":{"start":{"line":35,"column":0},"end":{"line":35,"column":5}},"43":{"start":{"line":44,"column":0},"end":{"line":44,"column":40}},"44":{"start":{"line":45,"column":0},"end":{"line":45,"column":48}},"45":{"start":{"line":46,"column":0},"end":{"line":46,"column":51}},"46":{"start":{"line":47,"column":0},"end":{"line":47,"column":40}},"47":{"start":{"line":48,"column":0},"end":{"line":48,"column":54}},"48":{"start":{"line":49,"column":0},"end":{"line":49,"column":27}},"49":{"start":{"line":50,"column":0},"end":{"line":50,"column":10}},"50":{"start":{"line":51,"column":0},"end":{"line":51,"column":31}},"51":{"start":{"line":52,"column":0},"end":{"line":52,"column":5}},"61":{"start":{"line":62,"column":0},"end":{"line":62,"column":38}},"62":{"start":{"line":63,"column":0},"end":{"line":63,"column":48}},"63":{"start":{"line":64,"column":0},"end":{"line":64,"column":24}},"64":{"start":{"line":65,"column":0},"end":{"line":65,"column":26}},"65":{"start":{"line":66,"column":0},"end":{"line":66,"column":40}},"66":{"start":{"line":67,"column":0},"end":{"line":67,"column":33}},"67":{"start":{"line":68,"column":0},"end":{"line":68,"column":87}},"68":{"start":{"line":69,"column":0},"end":{"line":69,"column":31}},"69":{"start":{"line":70,"column":0},"end":{"line":70,"column":14}},"70":{"start":{"line":71,"column":0},"end":{"line":71,"column":9}},"71":{"start":{"line":72,"column":0},"end":{"line":72,"column":30}},"72":{"start":{"line":73,"column":0},"end":{"line":73,"column":62}},"73":{"start":{"line":74,"column":0},"end":{"line":74,"column":27}},"74":{"start":{"line":75,"column":0},"end":{"line":75,"column":10}},"75":{"start":{"line":76,"column":0},"end":{"line":76,"column":5}},"84":{"start":{"line":85,"column":0},"end":{"line":85,"column":38}},"85":{"start":{"line":86,"column":0},"end":{"line":86,"column":33}},"86":{"start":{"line":87,"column":0},"end":{"line":87,"column":24}},"87":{"start":{"line":88,"column":0},"end":{"line":88,"column":26}},"88":{"start":{"line":89,"column":0},"end":{"line":89,"column":32}},"89":{"start":{"line":90,"column":0},"end":{"line":90,"column":82}},"90":{"start":{"line":91,"column":0},"end":{"line":91,"column":10}},"91":{"start":{"line":92,"column":0},"end":{"line":92,"column":5}},"102":{"start":{"line":103,"column":0},"end":{"line":103,"column":27}},"103":{"start":{"line":104,"column":0},"end":{"line":104,"column":24}},"104":{"start":{"line":105,"column":0},"end":{"line":105,"column":24}},"105":{"start":{"line":106,"column":0},"end":{"line":106,"column":25}},"106":{"start":{"line":107,"column":0},"end":{"line":107,"column":26}},"107":{"start":{"line":108,"column":0},"end":{"line":108,"column":30}},"108":{"start":{"line":109,"column":0},"end":{"line":109,"column":76}},"109":{"start":{"line":110,"column":0},"end":{"line":110,"column":13}},"110":{"start":{"line":111,"column":0},"end":{"line":111,"column":29}},"111":{"start":{"line":112,"column":0},"end":{"line":112,"column":30}},"112":{"start":{"line":113,"column":0},"end":{"line":113,"column":14}},"113":{"start":{"line":114,"column":0},"end":{"line":114,"column":10}},"114":{"start":{"line":115,"column":0},"end":{"line":115,"column":5}},"115":{"start":{"line":116,"column":0},"end":{"line":116,"column":1}}},"s":{"2":1,"6":1,"14":1,"15":1,"16":1,"18":1,"19":1,"20":1,"21":1,"22":1,"30":1,"31":1,"32":1,"33":1,"34":1,"43":1,"44":1,"45":1,"46":1,"47":1,"48":1,"49":1,"50":1,"51":1,"61":1,"62":3,"63":3,"64":3,"65":3,"66":2,"67":2,"68":2,"69":2,"70":2,"71":1,"72":1,"73":1,"74":1,"75":3,"84":1,"85":1,"86":1,"87":1,"88":1,"89":1,"90":1,"91":1,"102":1,"103":1,"104":1,"105":1,"106":1,"107":1,"108":1,"109":1,"110":1,"111":1,"112":1,"113":1,"114":1,"115":1},"branchMap":{"0":{"type":"branch","line":15,"loc":{"start":{"line":15,"column":4},"end":{"line":23,"column":5}},"locations":[{"start":{"line":15,"column":4},"end":{"line":23,"column":5}}]},"1":{"type":"branch","line":31,"loc":{"start":{"line":31,"column":4},"end":{"line":35,"column":5}},"locations":[{"start":{"line":31,"column":4},"end":{"line":35,"column":5}}]},"2":{"type":"branch","line":44,"loc":{"start":{"line":44,"column":4},"end":{"line":52,"column":5}},"locations":[{"start":{"line":44,"column":4},"end":{"line":52,"column":5}}]},"3":{"type":"branch","line":62,"loc":{"start":{"line":62,"column":4},"end":{"line":76,"column":5}},"locations":[{"start":{"line":62,"column":4},"end":{"line":76,"column":5}}]},"4":{"type":"branch","line":66,"loc":{"start":{"line":66,"column":39},"end":{"line":71,"column":9}},"locations":[{"start":{"line":66,"column":39},"end":{"line":71,"column":9}}]},"5":{"type":"branch","line":71,"loc":{"start":{"line":71,"column":8},"end":{"line":75,"column":10}},"locations":[{"start":{"line":71,"column":8},"end":{"line":75,"column":10}}]},"6":{"type":"branch","line":85,"loc":{"start":{"line":85,"column":4},"end":{"line":92,"column":5}},"locations":[{"start":{"line":85,"column":4},"end":{"line":92,"column":5}}]},"7":{"type":"branch","line":103,"loc":{"start":{"line":103,"column":4},"end":{"line":115,"column":5}},"locations":[{"start":{"line":103,"column":4},"end":{"line":115,"column":5}}]}},"b":{"0":[1],"1":[1],"2":[1],"3":[3],"4":[2],"5":[1],"6":[1],"7":[1]},"fnMap":{"0":{"name":"loadAll","decl":{"start":{"line":15,"column":4},"end":{"line":23,"column":5}},"loc":{"start":{"line":15,"column":4},"end":{"line":23,"column":5}},"line":15},"1":{"name":"useCount","decl":{"start":{"line":31,"column":4},"end":{"line":35,"column":5}},"loc":{"start":{"line":31,"column":4},"end":{"line":35,"column":5}},"line":31},"2":{"name":"validateAdditionalItem","decl":{"start":{"line":44,"column":4},"end":{"line":52,"column":5}},"loc":{"start":{"line":44,"column":4},"end":{"line":52,"column":5}},"line":44},"3":{"name":"updateAdditionalItem","decl":{"start":{"line":62,"column":4},"end":{"line":76,"column":5}},"loc":{"start":{"line":62,"column":4},"end":{"line":76,"column":5}},"line":62},"4":{"name":"deleteAdditionalItem","decl":{"start":{"line":85,"column":4},"end":{"line":92,"column":5}},"loc":{"start":{"line":85,"column":4},"end":{"line":92,"column":5}},"line":85},"5":{"name":"swapItems","decl":{"start":{"line":103,"column":4},"end":{"line":115,"column":5}},"loc":{"start":{"line":103,"column":4},"end":{"line":115,"column":5}},"line":103}},"f":{"0":1,"1":1,"2":1,"3":3,"4":1,"5":1}}
,"/home/runner/work/alf.io/alf.io/frontend/admin/src/service/configuration.ts": {"path":"/home/runner/work/alf.io/alf.io/frontend/admin/src/service/configuration.ts","all":false,"statementMap":{"0":{"start":{"line":1,"column":0},"end":{"line":1,"column":37}},"2":{"start":{"line":3,"column":0},"end":{"line":3,"column":35}},"10":{"start":{"line":11,"column":0},"end":{"line":11,"column":74}},"11":{"start":{"line":12,"column":0},"end":{"line":12,"column":63}},"12":{"start":{"line":13,"column":0},"end":{"line":13,"column":5}},"13":{"start":{"line":14,"column":0},"end":{"line":14,"column":1}}},"s":{"0":1,"2":1,"10":1,"11":1,"12":1,"13":1},"branchMap":{"0":{"type":"branch","line":11,"loc":{"start":{"line":11,"column":11},"end":{"line":13,"column":5}},"locations":[{"start":{"line":11,"column":11},"end":{"line":13,"column":5}}]}},"b":{"0":[1]},"fnMap":{"0":{"name":"update","decl":{"start":{"line":11,"column":11},"end":{"line":13,"column":5}},"loc":{"start":{"line":11,"column":11},"end":{"line":13,"column":5}},"line":11}},"f":{"0":1}}
,"/home/runner/work/alf.io/alf.io/frontend/admin/src/service/confirmation-dialog.ts": {"path":"/home/runner/work/alf.io/alf.io/frontend/admin/src/service/confirmation-dialog.ts","all":true,"statementMap":{"0":{"start":{"line":1,"column":0},"end":{"line":1,"column":42}},"2":{"start":{"line":3,"column":0},"end":{"line":3,"column":40}},"3":{"start":{"line":4,"column":0},"end":{"line":4,"column":33}},"4":{"start":{"line":5,"column":0},"end":{"line":5,"column":22}},"5":{"start":{"line":6,"column":0},"end":{"line":6,"column":24}},"6":{"start":{"line":7,"column":0},"end":{"line":7,"column":74}},"7":{"start":{"line":8,"column":0},"end":{"line":8,"column":25}},"8":{"start":{"line":9,"column":0},"end":{"line":9,"column":41}},"9":{"start":{"line":10,"column":0},"end":{"line":10,"column":54}},"10":{"start":{"line":11,"column":0},"end":{"line":11,"column":29}},"11":{"start":{"line":12,"column":0},"end":{"line":12,"column":42}},"12":{"start":{"line":13,"column":0},"end":{"line":13,"column":69}},"15":{"start":{"line":16,"column":0},"end":{"line":16,"column":116}},"19":{"start":{"line":20,"column":0},"end":{"line":20,"column":59}},"21":{"start":{"line":22,"column":0},"end":{"line":22,"column":43}},"23":{"start":{"line":24,"column":0},"end":{"line":24,"column":43}},"24":{"start":{"line":25,"column":0},"end":{"line":25,"column":42}},"25":{"start":{"line":26,"column":0},"end":{"line":26,"column":51}},"26":{"start":{"line":27,"column":0},"end":{"line":27,"column":31}},"27":{"start":{"line":28,"column":0},"end":{"line":28,"column":19}},"28":{"start":{"line":29,"column":0},"end":{"line":29,"column":14}},"29":{"start":{"line":30,"column":0},"end":{"line":30,"column":70}},"30":{"start":{"line":31,"column":0},"end":{"line":31,"column":36}},"31":{"start":{"line":32,"column":0},"end":{"line":32,"column":65}},"32":{"start":{"line":33,"column":0},"end":{"line":33,"column":55}},"33":{"start":{"line":34,"column":0},"end":{"line":34,"column":50}},"34":{"start":{"line":35,"column":0},"end":{"line":35,"column":23}},"35":{"start":{"line":36,"column":0},"end":{"line":36,"column":18}},"36":{"start":{"line":37,"column":0},"end":{"line":37,"column":59}},"37":{"start":{"line":38,"column":0},"end":{"line":38,"column":24}},"38":{"start":{"line":39,"column":0},"end":{"line":39,"column":73}},"39":{"start":{"line":40,"column":0},"end":{"line":40,"column":44}},"40":{"start":{"line":41,"column":0},"end":{"line":41,"column":25}},"41":{"start":{"line":42,"column":0},"end":{"line":42,"column":23}},"42":{"start":{"line":43,"column":0},"end":{"line":43,"column":39}},"43":{"start":{"line":44,"column":0},"end":{"line":44,"column":21}},"44":{"start":{"line":45,"column":0},"end":{"line":45,"column":19}},"45":{"start":{"line":46,"column":0},"end":{"line":46,"column":15}},"46":{"start":{"line":47,"column":0},"end":{"line":47,"column":11}},"47":{"start":{"line":48,"column":0},"end":{"line":48,"column":5}},"48":{"start":{"line":49,"column":0},"end":{"line":49,"column":1}}},"s":{"0":0,"2":0,"3":0,"4":0,"5":0,"6":0,"7":0,"8":0,"9":0,"10":0,"11":0,"12":0,"15":0,"19":0,"21":0,"23":0,"24":0,"25":0,"26":0,"27":0,"28":0,"29":0,"30":0,"31":0,"32":0,"33":0,"34":0,"35":0,"36":0,"37":0,"38":0,"39":0,"40":0,"41":0,"42":0,"43":0,"44":0,"45":0,"46":0,"47":0,"48":0},"branchMap":{"0":{"type":"branch","line":1,"loc":{"start":{"line":1,"column":1899},"end":{"line":49,"column":1}},"locations":[{"start":{"line":1,"column":1899},"end":{"line":49,"column":1}}]}},"b":{"0":[0]},"fnMap":{"0":{"name":"(empty-report)","decl":{"start":{"line":1,"column":1899},"end":{"line":49,"column":1}},"loc":{"start":{"line":1,"column":1899},"end":{"line":49,"column":1}},"line":1}},"f":{"0":0}}
,"/home/runner/work/alf.io/alf.io/frontend/admin/src/service/custom-payment-methods.ts": {"path":"/home/runner/work/alf.io/alf.io/frontend/admin/src/service/custom-payment-methods.ts","all":false,"statementMap":{"0":{"start":{"line":1,"column":0},"end":{"line":1,"column":69}},"2":{"start":{"line":3,"column":0},"end":{"line":3,"column":42}},"9":{"start":{"line":10,"column":0},"end":{"line":10,"column":68}},"10":{"start":{"line":11,"column":0},"end":{"line":11,"column":63}},"11":{"start":{"line":12,"column":0},"end":{"line":12,"column":86}},"12":{"start":{"line":13,"column":0},"end":{"line":13,"column":10}},"13":{"start":{"line":14,"column":0},"end":{"line":14,"column":22}},"14":{"start":{"line":15,"column":0},"end":{"line":15,"column":5}},"23":{"start":{"line":24,"column":0},"end":{"line":24,"column":30}},"24":{"start":{"line":25,"column":0},"end":{"line":25,"column":31}},"25":{"start":{"line":26,"column":0},"end":{"line":26,"column":44}},"26":{"start":{"line":27,"column":0},"end":{"line":27,"column":7}},"27":{"start":{"line":28,"column":0},"end":{"line":28,"column":38}},"28":{"start":{"line":29,"column":0},"end":{"line":29,"column":86}},"29":{"start":{"line":30,"column":0},"end":{"line":30,"column":26}},"30":{"start":{"line":31,"column":0},"end":{"line":31,"column":10}},"31":{"start":{"line":32,"column":0},"end":{"line":32,"column":22}},"32":{"start":{"line":33,"column":0},"end":{"line":33,"column":5}},"42":{"start":{"line":43,"column":0},"end":{"line":43,"column":30}},"43":{"start":{"line":44,"column":0},"end":{"line":44,"column":31}},"44":{"start":{"line":45,"column":0},"end":{"line":45,"column":33}},"45":{"start":{"line":46,"column":0},"end":{"line":46,"column":44}},"46":{"start":{"line":47,"column":0},"end":{"line":47,"column":7}},"47":{"start":{"line":48,"column":0},"end":{"line":48,"column":37}},"48":{"start":{"line":49,"column":0},"end":{"line":49,"column":106}},"49":{"start":{"line":50,"column":0},"end":{"line":50,"column":26}},"50":{"start":{"line":51,"column":0},"end":{"line":51,"column":10}},"51":{"start":{"line":52,"column":0},"end":{"line":52,"column":22}},"52":{"start":{"line":53,"column":0},"end":{"line":53,"column":5}},"61":{"start":{"line":62,"column":0},"end":{"line":62,"column":30}},"62":{"start":{"line":63,"column":0},"end":{"line":63,"column":31}},"63":{"start":{"line":64,"column":0},"end":{"line":64,"column":33}},"64":{"start":{"line":65,"column":0},"end":{"line":65,"column":7}},"65":{"start":{"line":66,"column":0},"end":{"line":66,"column":40}},"66":{"start":{"line":67,"column":0},"end":{"line":67,"column":106}},"67":{"start":{"line":68,"column":0},"end":{"line":68,"column":10}},"68":{"start":{"line":69,"column":0},"end":{"line":69,"column":22}},"69":{"start":{"line":70,"column":0},"end":{"line":70,"column":5}},"79":{"start":{"line":80,"column":0},"end":{"line":80,"column":36}},"80":{"start":{"line":81,"column":0},"end":{"line":81,"column":24}},"81":{"start":{"line":82,"column":0},"end":{"line":82,"column":35}},"82":{"start":{"line":83,"column":0},"end":{"line":83,"column":7}},"83":{"start":{"line":84,"column":0},"end":{"line":84,"column":38}},"84":{"start":{"line":85,"column":0},"end":{"line":85,"column":71}},"85":{"start":{"line":86,"column":0},"end":{"line":86,"column":29}},"86":{"start":{"line":87,"column":0},"end":{"line":87,"column":10}},"87":{"start":{"line":88,"column":0},"end":{"line":88,"column":22}},"88":{"start":{"line":89,"column":0},"end":{"line":89,"column":5}},"96":{"start":{"line":97,"column":0},"end":{"line":97,"column":61}},"97":{"start":{"line":98,"column":0},"end":{"line":98,"column":63}},"98":{"start":{"line":99,"column":0},"end":{"line":99,"column":71}},"99":{"start":{"line":100,"column":0},"end":{"line":100,"column":10}},"100":{"start":{"line":101,"column":0},"end":{"line":101,"column":22}},"101":{"start":{"line":102,"column":0},"end":{"line":102,"column":5}},"110":{"start":{"line":111,"column":0},"end":{"line":111,"column":45}},"111":{"start":{"line":112,"column":0},"end":{"line":112,"column":24}},"112":{"start":{"line":113,"column":0},"end":{"line":113,"column":27}},"113":{"start":{"line":114,"column":0},"end":{"line":114,"column":7}},"114":{"start":{"line":115,"column":0},"end":{"line":115,"column":49}},"115":{"start":{"line":116,"column":0},"end":{"line":116,"column":98}},"116":{"start":{"line":117,"column":0},"end":{"line":117,"column":10}},"117":{"start":{"line":118,"column":0},"end":{"line":118,"column":22}},"118":{"start":{"line":119,"column":0},"end":{"line":119,"column":5}},"128":{"start":{"line":129,"column":0},"end":{"line":129,"column":45}},"129":{"start":{"line":130,"column":0},"end":{"line":130,"column":24}},"130":{"start":{"line":131,"column":0},"end":{"line":131,"column":27}},"131":{"start":{"line":132,"column":0},"end":{"line":132,"column":35}},"132":{"start":{"line":133,"column":0},"end":{"line":133,"column":7}},"133":{"start":{"line":134,"column":0},"end":{"line":134,"column":38}},"134":{"start":{"line":135,"column":0},"end":{"line":135,"column":98}},"135":{"start":{"line":136,"column":0},"end":{"line":136,"column":29}},"136":{"start":{"line":137,"column":0},"end":{"line":137,"column":10}},"137":{"start":{"line":138,"column":0},"end":{"line":138,"column":22}},"138":{"start":{"line":139,"column":0},"end":{"line":139,"column":5}},"139":{"start":{"line":140,"column":0},"end":{"line":140,"column":1}}},"s":{"0":1,"2":1,"9":1,"10":1,"11":1,"12":1,"13":1,"14":1,"23":1,"24":1,"25":1,"26":1,"27":1,"28":1,"29":1,"30":1,"31":1,"32":1,"42":1,"43":1,"44":1,"45":1,"46":1,"47":1,"48":1,"49":1,"50":1,"51":1,"52":1,"61":1,"62":1,"63":1,"64":1,"65":1,"66":1,"67":1,"68":1,"69":1,"79":1,"80":1,"81":1,"82":1,"83":1,"84":1,"85":1,"86":1,"87":1,"88":1,"96":1,"97":1,"98":1,"99":1,"100":1,"101":1,"110":1,"111":1,"112":1,"113":1,"114":1,"115":1,"116":1,"117":1,"118":1,"128":1,"129":1,"130":1,"131":1,"132":1,"133":1,"134":1,"135":1,"136":1,"137":1,"138":1,"139":1},"branchMap":{"0":{"type":"branch","line":10,"loc":{"start":{"line":10,"column":4},"end":{"line":15,"column":5}},"locations":[{"start":{"line":10,"column":4},"end":{"line":15,"column":5}}]},"1":{"type":"branch","line":24,"loc":{"start":{"line":24,"column":4},"end":{"line":33,"column":5}},"locations":[{"start":{"line":24,"column":4},"end":{"line":33,"column":5}}]},"2":{"type":"branch","line":43,"loc":{"start":{"line":43,"column":4},"end":{"line":53,"column":5}},"locations":[{"start":{"line":43,"column":4},"end":{"line":53,"column":5}}]},"3":{"type":"branch","line":62,"loc":{"start":{"line":62,"column":4},"end":{"line":70,"column":5}},"locations":[{"start":{"line":62,"column":4},"end":{"line":70,"column":5}}]},"4":{"type":"branch","line":80,"loc":{"start":{"line":80,"column":4},"end":{"line":89,"column":5}},"locations":[{"start":{"line":80,"column":4},"end":{"line":89,"column":5}}]},"5":{"type":"branch","line":97,"loc":{"start":{"line":97,"column":4},"end":{"line":102,"column":5}},"locations":[{"start":{"line":97,"column":4},"end":{"line":102,"column":5}}]},"6":{"type":"branch","line":111,"loc":{"start":{"line":111,"column":4},"end":{"line":119,"column":5}},"locations":[{"start":{"line":111,"column":4},"end":{"line":119,"column":5}}]},"7":{"type":"branch","line":129,"loc":{"start":{"line":129,"column":4},"end":{"line":139,"column":5}},"locations":[{"start":{"line":129,"column":4},"end":{"line":139,"column":5}}]}},"b":{"0":[1],"1":[1],"2":[1],"3":[1],"4":[1],"5":[1],"6":[1],"7":[1]},"fnMap":{"0":{"name":"getPaymentMethodsForOrganization","decl":{"start":{"line":10,"column":4},"end":{"line":15,"column":5}},"loc":{"start":{"line":10,"column":4},"end":{"line":15,"column":5}},"line":10},"1":{"name":"createPaymentMethod","decl":{"start":{"line":24,"column":4},"end":{"line":33,"column":5}},"loc":{"start":{"line":24,"column":4},"end":{"line":33,"column":5}},"line":24},"2":{"name":"updatePaymentMethod","decl":{"start":{"line":43,"column":4},"end":{"line":53,"column":5}},"loc":{"start":{"line":43,"column":4},"end":{"line":53,"column":5}},"line":43},"3":{"name":"deletePaymentMethod","decl":{"start":{"line":62,"column":4},"end":{"line":70,"column":5}},"loc":{"start":{"line":62,"column":4},"end":{"line":70,"column":5}},"line":62},"4":{"name":"setPaymentMethodsForEvent","decl":{"start":{"line":80,"column":4},"end":{"line":89,"column":5}},"loc":{"start":{"line":80,"column":4},"end":{"line":89,"column":5}},"line":80},"5":{"name":"getAllowedPaymentMethodsForEvent","decl":{"start":{"line":97,"column":4},"end":{"line":102,"column":5}},"loc":{"start":{"line":97,"column":4},"end":{"line":102,"column":5}},"line":97},"6":{"name":"getDeniedPaymentMethodsForCategory","decl":{"start":{"line":111,"column":4},"end":{"line":119,"column":5}},"loc":{"start":{"line":111,"column":4},"end":{"line":119,"column":5}},"line":111},"7":{"name":"setDeniedPaymentMethodsForCategory","decl":{"start":{"line":129,"column":4},"end":{"line":139,"column":5}},"loc":{"start":{"line":129,"column":4},"end":{"line":139,"column":5}},"line":129}},"f":{"0":1,"1":1,"2":1,"3":1,"4":1,"5":1,"6":1,"7":1}}
,"/home/runner/work/alf.io/alf.io/frontend/admin/src/service/event.ts": {"path":"/home/runner/work/alf.io/alf.io/frontend/admin/src/service/event.ts","all":false,"statementMap":{"1":{"start":{"line":2,"column":0},"end":{"line":2,"column":41}},"3":{"start":{"line":4,"column":0},"end":{"line":4,"column":27}},"11":{"start":{"line":12,"column":0},"end":{"line":12,"column":75}},"12":{"start":{"line":13,"column":0},"end":{"line":13,"column":66}},"13":{"start":{"line":14,"column":0},"end":{"line":14,"column":5}},"14":{"start":{"line":15,"column":0},"end":{"line":15,"column":1}}},"s":{"1":1,"3":1,"11":1,"12":3,"13":3,"14":1},"branchMap":{"0":{"type":"branch","line":12,"loc":{"start":{"line":12,"column":11},"end":{"line":14,"column":5}},"locations":[{"start":{"line":12,"column":11},"end":{"line":14,"column":5}}]}},"b":{"0":[3]},"fnMap":{"0":{"name":"load","decl":{"start":{"line":12,"column":11},"end":{"line":14,"column":5}},"loc":{"start":{"line":12,"column":11},"end":{"line":14,"column":5}},"line":12}},"f":{"0":3}}
,"/home/runner/work/alf.io/alf.io/frontend/admin/src/service/helpers.ts": {"path":"/home/runner/work/alf.io/alf.io/frontend/admin/src/service/helpers.ts","all":false,"statementMap":{"0":{"start":{"line":1,"column":0},"end":{"line":1,"column":57}},"1":{"start":{"line":2,"column":0},"end":{"line":2,"column":46}},"19":{"start":{"line":20,"column":0},"end":{"line":20,"column":72}},"20":{"start":{"line":21,"column":0},"end":{"line":21,"column":48}},"21":{"start":{"line":22,"column":0},"end":{"line":22,"column":1}},"34":{"start":{"line":35,"column":0},"end":{"line":35,"column":71}},"35":{"start":{"line":36,"column":0},"end":{"line":36,"column":47}},"36":{"start":{"line":37,"column":0},"end":{"line":37,"column":1}},"47":{"start":{"line":48,"column":0},"end":{"line":48,"column":60}},"48":{"start":{"line":49,"column":0},"end":{"line":49,"column":47}},"49":{"start":{"line":50,"column":0},"end":{"line":50,"column":1}},"61":{"start":{"line":62,"column":0},"end":{"line":62,"column":24}},"62":{"start":{"line":63,"column":0},"end":{"line":63,"column":16}},"63":{"start":{"line":64,"column":0},"end":{"line":64,"column":38}},"64":{"start":{"line":65,"column":0},"end":{"line":65,"column":17}},"65":{"start":{"line":66,"column":0},"end":{"line":66,"column":22}},"66":{"start":{"line":67,"column":0},"end":{"line":67,"column":29}},"67":{"start":{"line":68,"column":0},"end":{"line":68,"column":49}},"68":{"start":{"line":69,"column":0},"end":{"line":69,"column":44}},"69":{"start":{"line":70,"column":0},"end":{"line":70,"column":30}},"70":{"start":{"line":71,"column":0},"end":{"line":71,"column":42}},"71":{"start":{"line":72,"column":0},"end":{"line":72,"column":44}},"73":{"start":{"line":74,"column":0},"end":{"line":74,"column":53}},"75":{"start":{"line":76,"column":0},"end":{"line":76,"column":45}},"76":{"start":{"line":77,"column":0},"end":{"line":77,"column":23}},"77":{"start":{"line":78,"column":0},"end":{"line":78,"column":33}},"78":{"start":{"line":79,"column":0},"end":{"line":79,"column":39}},"79":{"start":{"line":80,"column":0},"end":{"line":80,"column":5}},"81":{"start":{"line":82,"column":0},"end":{"line":82,"column":23}},"82":{"start":{"line":83,"column":0},"end":{"line":83,"column":15}},"83":{"start":{"line":84,"column":0},"end":{"line":84,"column":31}},"84":{"start":{"line":85,"column":0},"end":{"line":85,"column":18}},"85":{"start":{"line":86,"column":0},"end":{"line":86,"column":39}},"86":{"start":{"line":87,"column":0},"end":{"line":87,"column":27}},"87":{"start":{"line":88,"column":0},"end":{"line":88,"column":50}},"88":{"start":{"line":89,"column":0},"end":{"line":89,"column":57}},"89":{"start":{"line":90,"column":0},"end":{"line":90,"column":41}},"90":{"start":{"line":91,"column":0},"end":{"line":91,"column":49}},"91":{"start":{"line":92,"column":0},"end":{"line":92,"column":34}},"92":{"start":{"line":93,"column":0},"end":{"line":93,"column":10}},"93":{"start":{"line":94,"column":0},"end":{"line":94,"column":13}},"94":{"start":{"line":95,"column":0},"end":{"line":95,"column":7}},"95":{"start":{"line":96,"column":0},"end":{"line":96,"column":1}},"107":{"start":{"line":108,"column":0},"end":{"line":108,"column":55}},"108":{"start":{"line":109,"column":0},"end":{"line":109,"column":23}},"109":{"start":{"line":110,"column":0},"end":{"line":110,"column":22}},"110":{"start":{"line":111,"column":0},"end":{"line":111,"column":31}},"111":{"start":{"line":112,"column":0},"end":{"line":112,"column":29}},"112":{"start":{"line":113,"column":0},"end":{"line":113,"column":1}},"125":{"start":{"line":126,"column":0},"end":{"line":126,"column":25}},"126":{"start":{"line":127,"column":0},"end":{"line":127,"column":29}},"127":{"start":{"line":128,"column":0},"end":{"line":128,"column":35}},"128":{"start":{"line":129,"column":0},"end":{"line":129,"column":19}},"129":{"start":{"line":130,"column":0},"end":{"line":130,"column":63}},"130":{"start":{"line":131,"column":0},"end":{"line":131,"column":1}},"143":{"start":{"line":144,"column":0},"end":{"line":144,"column":57}},"144":{"start":{"line":145,"column":0},"end":{"line":145,"column":45}},"145":{"start":{"line":146,"column":0},"end":{"line":146,"column":54}},"146":{"start":{"line":147,"column":0},"end":{"line":147,"column":5}},"147":{"start":{"line":148,"column":0},"end":{"line":148,"column":14}},"148":{"start":{"line":149,"column":0},"end":{"line":149,"column":1}},"163":{"start":{"line":164,"column":0},"end":{"line":164,"column":39}},"164":{"start":{"line":165,"column":0},"end":{"line":165,"column":22}},"165":{"start":{"line":166,"column":0},"end":{"line":166,"column":25}},"166":{"start":{"line":167,"column":0},"end":{"line":167,"column":12}},"167":{"start":{"line":168,"column":0},"end":{"line":168,"column":41}},"168":{"start":{"line":169,"column":0},"end":{"line":169,"column":42}},"169":{"start":{"line":170,"column":0},"end":{"line":170,"column":6}},"170":{"start":{"line":171,"column":0},"end":{"line":171,"column":1}},"184":{"start":{"line":185,"column":0},"end":{"line":185,"column":61}},"185":{"start":{"line":186,"column":0},"end":{"line":186,"column":28}},"186":{"start":{"line":187,"column":0},"end":{"line":187,"column":42}},"187":{"start":{"line":188,"column":0},"end":{"line":188,"column":5}},"188":{"start":{"line":189,"column":0},"end":{"line":189,"column":14}},"189":{"start":{"line":190,"column":0},"end":{"line":190,"column":1}},"205":{"start":{"line":206,"column":0},"end":{"line":206,"column":29}},"206":{"start":{"line":207,"column":0},"end":{"line":207,"column":22}},"207":{"start":{"line":208,"column":0},"end":{"line":208,"column":46}},"209":{"start":{"line":210,"column":0},"end":{"line":210,"column":52}},"210":{"start":{"line":211,"column":0},"end":{"line":211,"column":9}},"211":{"start":{"line":212,"column":0},"end":{"line":212,"column":66}},"212":{"start":{"line":213,"column":0},"end":{"line":213,"column":25}},"213":{"start":{"line":214,"column":0},"end":{"line":214,"column":59}},"214":{"start":{"line":215,"column":0},"end":{"line":215,"column":5}},"215":{"start":{"line":216,"column":0},"end":{"line":216,"column":1}},"228":{"start":{"line":229,"column":0},"end":{"line":229,"column":53}},"229":{"start":{"line":230,"column":0},"end":{"line":230,"column":46}},"230":{"start":{"line":231,"column":0},"end":{"line":231,"column":30}},"231":{"start":{"line":232,"column":0},"end":{"line":232,"column":25}},"232":{"start":{"line":233,"column":0},"end":{"line":233,"column":1}},"248":{"start":{"line":249,"column":0},"end":{"line":249,"column":53}},"249":{"start":{"line":250,"column":0},"end":{"line":250,"column":24}},"250":{"start":{"line":251,"column":0},"end":{"line":251,"column":26}},"251":{"start":{"line":252,"column":0},"end":{"line":252,"column":5}},"252":{"start":{"line":253,"column":0},"end":{"line":253,"column":17}},"253":{"start":{"line":254,"column":0},"end":{"line":254,"column":1}},"271":{"start":{"line":272,"column":0},"end":{"line":272,"column":57}},"272":{"start":{"line":273,"column":0},"end":{"line":273,"column":24}},"273":{"start":{"line":274,"column":0},"end":{"line":274,"column":42}},"274":{"start":{"line":275,"column":0},"end":{"line":275,"column":5}},"275":{"start":{"line":276,"column":0},"end":{"line":276,"column":25}},"276":{"start":{"line":277,"column":0},"end":{"line":277,"column":1}}},"s":{"0":1,"1":1,"19":1,"20":8,"21":8,"34":1,"35":2,"36":2,"47":1,"48":1,"49":1,"61":11,"62":11,"63":11,"64":11,"65":11,"66":11,"67":11,"68":11,"69":11,"70":11,"71":11,"73":11,"75":11,"76":2,"77":11,"78":7,"79":7,"81":11,"82":11,"83":11,"84":11,"85":11,"86":11,"87":11,"88":2,"89":9,"90":11,"91":11,"92":11,"93":11,"94":11,"95":11,"107":1,"108":3,"109":3,"110":3,"111":3,"112":3,"125":1,"126":2,"127":2,"128":2,"129":2,"130":2,"143":1,"144":5,"145":3,"146":3,"147":2,"148":2,"163":1,"164":6,"165":6,"166":6,"167":6,"168":6,"169":6,"170":6,"184":1,"185":5,"186":3,"187":3,"188":2,"189":2,"205":1,"206":4,"207":4,"209":4,"210":4,"211":4,"212":4,"213":3,"214":3,"215":4,"228":1,"229":7,"230":7,"231":7,"232":7,"248":1,"249":9,"250":7,"251":7,"252":2,"253":2,"271":1,"272":12,"273":10,"274":10,"275":2,"276":12},"branchMap":{"0":{"type":"branch","line":20,"loc":{"start":{"line":20,"column":7},"end":{"line":22,"column":1}},"locations":[{"start":{"line":20,"column":7},"end":{"line":22,"column":1}}]},"1":{"type":"branch","line":35,"loc":{"start":{"line":35,"column":7},"end":{"line":37,"column":1}},"locations":[{"start":{"line":35,"column":7},"end":{"line":37,"column":1}}]},"2":{"type":"branch","line":48,"loc":{"start":{"line":48,"column":7},"end":{"line":50,"column":1}},"locations":[{"start":{"line":48,"column":7},"end":{"line":50,"column":1}}]},"3":{"type":"branch","line":62,"loc":{"start":{"line":62,"column":0},"end":{"line":96,"column":1}},"locations":[{"start":{"line":62,"column":0},"end":{"line":96,"column":1}}]},"4":{"type":"branch","line":76,"loc":{"start":{"line":76,"column":44},"end":{"line":78,"column":15}},"locations":[{"start":{"line":76,"column":44},"end":{"line":78,"column":15}}]},"5":{"type":"branch","line":78,"loc":{"start":{"line":78,"column":4},"end":{"line":80,"column":5}},"locations":[{"start":{"line":78,"column":4},"end":{"line":80,"column":5}}]},"6":{"type":"branch","line":78,"loc":{"start":{"line":78,"column":32},"end":{"line":80,"column":5}},"locations":[{"start":{"line":78,"column":32},"end":{"line":80,"column":5}}]},"7":{"type":"branch","line":88,"loc":{"start":{"line":88,"column":35},"end":{"line":89,"column":57}},"locations":[{"start":{"line":88,"column":35},"end":{"line":89,"column":57}}]},"8":{"type":"branch","line":89,"loc":{"start":{"line":89,"column":22},"end":{"line":90,"column":41}},"locations":[{"start":{"line":89,"column":22},"end":{"line":90,"column":41}}]},"9":{"type":"branch","line":108,"loc":{"start":{"line":108,"column":7},"end":{"line":113,"column":1}},"locations":[{"start":{"line":108,"column":7},"end":{"line":113,"column":1}}]},"10":{"type":"branch","line":112,"loc":{"start":{"line":112,"column":12},"end":{"line":112,"column":27}},"locations":[{"start":{"line":112,"column":12},"end":{"line":112,"column":27}}]},"11":{"type":"branch","line":126,"loc":{"start":{"line":126,"column":7},"end":{"line":131,"column":1}},"locations":[{"start":{"line":126,"column":7},"end":{"line":131,"column":1}}]},"12":{"type":"branch","line":130,"loc":{"start":{"line":130,"column":46},"end":{"line":130,"column":59}},"locations":[{"start":{"line":130,"column":46},"end":{"line":130,"column":59}}]},"13":{"type":"branch","line":144,"loc":{"start":{"line":144,"column":7},"end":{"line":149,"column":1}},"locations":[{"start":{"line":144,"column":7},"end":{"line":149,"column":1}}]},"14":{"type":"branch","line":145,"loc":{"start":{"line":145,"column":44},"end":{"line":147,"column":5}},"locations":[{"start":{"line":145,"column":44},"end":{"line":147,"column":5}}]},"15":{"type":"branch","line":147,"loc":{"start":{"line":147,"column":4},"end":{"line":149,"column":1}},"locations":[{"start":{"line":147,"column":4},"end":{"line":149,"column":1}}]},"16":{"type":"branch","line":164,"loc":{"start":{"line":164,"column":7},"end":{"line":171,"column":1}},"locations":[{"start":{"line":164,"column":7},"end":{"line":171,"column":1}}]},"17":{"type":"branch","line":185,"loc":{"start":{"line":185,"column":7},"end":{"line":190,"column":1}},"locations":[{"start":{"line":185,"column":7},"end":{"line":190,"column":1}}]},"18":{"type":"branch","line":186,"loc":{"start":{"line":186,"column":27},"end":{"line":188,"column":5}},"locations":[{"start":{"line":186,"column":27},"end":{"line":188,"column":5}}]},"19":{"type":"branch","line":188,"loc":{"start":{"line":188,"column":4},"end":{"line":190,"column":1}},"locations":[{"start":{"line":188,"column":4},"end":{"line":190,"column":1}}]},"20":{"type":"branch","line":206,"loc":{"start":{"line":206,"column":7},"end":{"line":216,"column":1}},"locations":[{"start":{"line":206,"column":7},"end":{"line":216,"column":1}}]},"21":{"type":"branch","line":213,"loc":{"start":{"line":213,"column":24},"end":{"line":215,"column":5}},"locations":[{"start":{"line":213,"column":24},"end":{"line":215,"column":5}}]},"22":{"type":"branch","line":210,"loc":{"start":{"line":210,"column":43},"end":{"line":210,"column":52}},"locations":[{"start":{"line":210,"column":43},"end":{"line":210,"column":52}}]},"23":{"type":"branch","line":229,"loc":{"start":{"line":229,"column":7},"end":{"line":233,"column":1}},"locations":[{"start":{"line":229,"column":7},"end":{"line":233,"column":1}}]},"24":{"type":"branch","line":249,"loc":{"start":{"line":249,"column":7},"end":{"line":254,"column":1}},"locations":[{"start":{"line":249,"column":7},"end":{"line":254,"column":1}}]},"25":{"type":"branch","line":250,"loc":{"start":{"line":250,"column":23},"end":{"line":252,"column":5}},"locations":[{"start":{"line":250,"column":23},"end":{"line":252,"column":5}}]},"26":{"type":"branch","line":252,"loc":{"start":{"line":252,"column":4},"end":{"line":254,"column":1}},"locations":[{"start":{"line":252,"column":4},"end":{"line":254,"column":1}}]},"27":{"type":"branch","line":272,"loc":{"start":{"line":272,"column":7},"end":{"line":277,"column":1}},"locations":[{"start":{"line":272,"column":7},"end":{"line":277,"column":1}}]},"28":{"type":"branch","line":273,"loc":{"start":{"line":273,"column":23},"end":{"line":275,"column":5}},"locations":[{"start":{"line":273,"column":23},"end":{"line":275,"column":5}}]},"29":{"type":"branch","line":275,"loc":{"start":{"line":275,"column":4},"end":{"line":276,"column":25}},"locations":[{"start":{"line":275,"column":4},"end":{"line":276,"column":25}}]}},"b":{"0":[8],"1":[2],"2":[1],"3":[11],"4":[2],"5":[9],"6":[7],"7":[2],"8":[9],"9":[3],"10":[2],"11":[2],"12":[1],"13":[5],"14":[3],"15":[2],"16":[6],"17":[5],"18":[3],"19":[2],"20":[4],"21":[3],"22":[2],"23":[7],"24":[9],"25":[7],"26":[2],"27":[12],"28":[10],"29":[2]},"fnMap":{"0":{"name":"postJson","decl":{"start":{"line":20,"column":7},"end":{"line":22,"column":1}},"loc":{"start":{"line":20,"column":7},"end":{"line":22,"column":1}},"line":20},"1":{"name":"putJson","decl":{"start":{"line":35,"column":7},"end":{"line":37,"column":1}},"loc":{"start":{"line":35,"column":7},"end":{"line":37,"column":1}},"line":35},"2":{"name":"callDelete","decl":{"start":{"line":48,"column":7},"end":{"line":50,"column":1}},"loc":{"start":{"line":48,"column":7},"end":{"line":50,"column":1}},"line":48},"3":{"name":"performRequest","decl":{"start":{"line":62,"column":0},"end":{"line":96,"column":1}},"loc":{"start":{"line":62,"column":0},"end":{"line":96,"column":1}},"line":62},"4":{"name":"fetchJson","decl":{"start":{"line":108,"column":7},"end":{"line":113,"column":1}},"loc":{"start":{"line":108,"column":7},"end":{"line":113,"column":1}},"line":108},"5":{"name":"renderIf","decl":{"start":{"line":126,"column":7},"end":{"line":131,"column":1}},"loc":{"start":{"line":126,"column":7},"end":{"line":131,"column":1}},"line":126},"6":{"name":"supportedLanguages","decl":{"start":{"line":144,"column":7},"end":{"line":149,"column":1}},"loc":{"start":{"line":144,"column":7},"end":{"line":149,"column":1}},"line":144},"7":{"name":"toDateTimeModification","decl":{"start":{"line":164,"column":7},"end":{"line":171,"column":1}},"loc":{"start":{"line":164,"column":7},"end":{"line":171,"column":1}},"line":164},"8":{"name":"extractDateTime","decl":{"start":{"line":185,"column":7},"end":{"line":190,"column":1}},"loc":{"start":{"line":185,"column":7},"end":{"line":190,"column":1}},"line":185},"9":{"name":"notifyChange","decl":{"start":{"line":206,"column":7},"end":{"line":216,"column":1}},"loc":{"start":{"line":206,"column":7},"end":{"line":216,"column":1}},"line":206},"10":{"name":"valueTransformer","decl":{"start":{"line":210,"column":43},"end":{"line":210,"column":52}},"loc":{"start":{"line":210,"column":43},"end":{"line":210,"column":52}},"line":210},"11":{"name":"escapeHtml","decl":{"start":{"line":229,"column":7},"end":{"line":233,"column":1}},"loc":{"start":{"line":229,"column":7},"end":{"line":233,"column":1}},"line":229},"12":{"name":"asString","decl":{"start":{"line":249,"column":7},"end":{"line":254,"column":1}},"loc":{"start":{"line":249,"column":7},"end":{"line":254,"column":1}},"line":249},"13":{"name":"asNumber","decl":{"start":{"line":272,"column":7},"end":{"line":277,"column":1}},"loc":{"start":{"line":272,"column":7},"end":{"line":277,"column":1}},"line":272}},"f":{"0":8,"1":2,"2":1,"3":11,"4":3,"5":2,"6":5,"7":6,"8":5,"9":4,"10":2,"11":7,"12":9,"13":12}}
,"/home/runner/work/alf.io/alf.io/frontend/admin/src/service/localization.ts": {"path":"/home/runner/work/alf.io/alf.io/frontend/admin/src/service/localization.ts","all":false,"statementMap":{"0":{"start":{"line":1,"column":0},"end":{"line":1,"column":38}},"9":{"start":{"line":10,"column":0},"end":{"line":10,"column":34}},"20":{"start":{"line":21,"column":0},"end":{"line":21,"column":41}},"21":{"start":{"line":22,"column":0},"end":{"line":22,"column":68}},"22":{"start":{"line":23,"column":0},"end":{"line":23,"column":52}},"23":{"start":{"line":24,"column":0},"end":{"line":24,"column":10}},"24":{"start":{"line":25,"column":0},"end":{"line":25,"column":22}},"25":{"start":{"line":26,"column":0},"end":{"line":26,"column":5}},"26":{"start":{"line":27,"column":0},"end":{"line":27,"column":1}}},"s":{"0":1,"9":1,"20":1,"21":1,"22":1,"23":1,"24":1,"25":1,"26":1},"branchMap":{"0":{"type":"branch","line":21,"loc":{"start":{"line":21,"column":4},"end":{"line":26,"column":5}},"locations":[{"start":{"line":21,"column":4},"end":{"line":26,"column":5}}]}},"b":{"0":[1]},"fnMap":{"0":{"name":"getEventsSupportedLanguages","decl":{"start":{"line":21,"column":4},"end":{"line":26,"column":5}},"loc":{"start":{"line":21,"column":4},"end":{"line":26,"column":5}},"line":21}},"f":{"0":1}}
,"/home/runner/work/alf.io/alf.io/frontend/admin/src/service/purchase-context.ts": {"path":"/home/runner/work/alf.io/alf.io/frontend/admin/src/service/purchase-context.ts","all":false,"statementMap":{"3":{"start":{"line":4,"column":0},"end":{"line":4,"column":42}},"4":{"start":{"line":5,"column":0},"end":{"line":5,"column":77}},"6":{"start":{"line":7,"column":0},"end":{"line":7,"column":37}},"26":{"start":{"line":27,"column":0},"end":{"line":27,"column":22}},"27":{"start":{"line":28,"column":0},"end":{"line":28,"column":33}},"28":{"start":{"line":29,"column":0},"end":{"line":29,"column":34}},"29":{"start":{"line":30,"column":0},"end":{"line":30,"column":31}},"33":{"start":{"line":34,"column":0},"end":{"line":34,"column":8}},"34":{"start":{"line":35,"column":0},"end":{"line":35,"column":38}},"35":{"start":{"line":36,"column":0},"end":{"line":36,"column":20}},"36":{"start":{"line":37,"column":0},"end":{"line":37,"column":39}},"37":{"start":{"line":38,"column":0},"end":{"line":38,"column":61}},"38":{"start":{"line":39,"column":0},"end":{"line":39,"column":41}},"39":{"start":{"line":40,"column":0},"end":{"line":40,"column":39}},"40":{"start":{"line":41,"column":0},"end":{"line":41,"column":22}},"41":{"start":{"line":42,"column":0},"end":{"line":42,"column":14}},"42":{"start":{"line":43,"column":0},"end":{"line":43,"column":9}},"43":{"start":{"line":44,"column":0},"end":{"line":44,"column":16}},"44":{"start":{"line":45,"column":0},"end":{"line":45,"column":77}},"45":{"start":{"line":46,"column":0},"end":{"line":46,"column":10}},"46":{"start":{"line":47,"column":0},"end":{"line":47,"column":5}},"47":{"start":{"line":48,"column":0},"end":{"line":48,"column":1}}},"s":{"3":1,"4":1,"6":1,"26":1,"27":3,"28":3,"29":3,"33":3,"34":3,"35":1,"36":1,"37":1,"38":1,"39":1,"40":1,"41":1,"42":1,"43":2,"44":2,"45":2,"46":3,"47":1},"branchMap":{"0":{"type":"branch","line":27,"loc":{"start":{"line":27,"column":4},"end":{"line":47,"column":5}},"locations":[{"start":{"line":27,"column":4},"end":{"line":47,"column":5}}]},"1":{"type":"branch","line":35,"loc":{"start":{"line":35,"column":37},"end":{"line":43,"column":9}},"locations":[{"start":{"line":35,"column":37},"end":{"line":43,"column":9}}]},"2":{"type":"branch","line":43,"loc":{"start":{"line":43,"column":8},"end":{"line":46,"column":10}},"locations":[{"start":{"line":43,"column":8},"end":{"line":46,"column":10}}]}},"b":{"0":[3],"1":[1],"2":[2]},"fnMap":{"0":{"name":"load","decl":{"start":{"line":27,"column":4},"end":{"line":47,"column":5}},"loc":{"start":{"line":27,"column":4},"end":{"line":47,"column":5}},"line":27}},"f":{"0":3}}
,"/home/runner/work/alf.io/alf.io/frontend/admin/src/service/subscription-descriptor.ts": {"path":"/home/runner/work/alf.io/alf.io/frontend/admin/src/service/subscription-descriptor.ts","all":false,"statementMap":{"1":{"start":{"line":2,"column":0},"end":{"line":2,"column":41}},"3":{"start":{"line":4,"column":0},"end":{"line":4,"column":44}},"11":{"start":{"line":12,"column":0},"end":{"line":12,"column":16}},"12":{"start":{"line":13,"column":0},"end":{"line":13,"column":33}},"13":{"start":{"line":14,"column":0},"end":{"line":14,"column":31}},"14":{"start":{"line":15,"column":0},"end":{"line":15,"column":40}},"15":{"start":{"line":16,"column":0},"end":{"line":16,"column":25}},"16":{"start":{"line":17,"column":0},"end":{"line":17,"column":89}},"17":{"start":{"line":18,"column":0},"end":{"line":18,"column":10}},"18":{"start":{"line":19,"column":0},"end":{"line":19,"column":5}},"19":{"start":{"line":20,"column":0},"end":{"line":20,"column":1}}},"s":{"1":1,"3":1,"11":1,"12":2,"13":2,"14":2,"15":2,"16":2,"17":2,"18":2,"19":1},"branchMap":{"0":{"type":"branch","line":12,"loc":{"start":{"line":12,"column":11},"end":{"line":19,"column":5}},"locations":[{"start":{"line":12,"column":11},"end":{"line":19,"column":5}}]}},"b":{"0":[2]},"fnMap":{"0":{"name":"load","decl":{"start":{"line":12,"column":11},"end":{"line":19,"column":5}},"loc":{"start":{"line":12,"column":11},"end":{"line":19,"column":5}},"line":12}},"f":{"0":2}}
,"/home/runner/work/alf.io/alf.io/frontend/admin/src/service/util.ts": {"path":"/home/runner/work/alf.io/alf.io/frontend/admin/src/service/util.ts","all":false,"statementMap":{"0":{"start":{"line":1,"column":0},"end":{"line":1,"column":41}},"2":{"start":{"line":3,"column":0},"end":{"line":3,"column":26}},"11":{"start":{"line":12,"column":0},"end":{"line":12,"column":58}},"12":{"start":{"line":13,"column":0},"end":{"line":13,"column":25}},"13":{"start":{"line":14,"column":0},"end":{"line":14,"column":82}},"14":{"start":{"line":15,"column":0},"end":{"line":15,"column":10}},"15":{"start":{"line":16,"column":0},"end":{"line":16,"column":5}},"16":{"start":{"line":17,"column":0},"end":{"line":17,"column":1}}},"s":{"0":1,"2":1,"11":1,"12":1,"13":1,"14":1,"15":1,"16":1},"branchMap":{"0":{"type":"branch","line":12,"loc":{"start":{"line":12,"column":11},"end":{"line":16,"column":5}},"locations":[{"start":{"line":12,"column":11},"end":{"line":16,"column":5}}]}},"b":{"0":[1]},"fnMap":{"0":{"name":"renderMarkdown","decl":{"start":{"line":12,"column":11},"end":{"line":16,"column":5}},"loc":{"start":{"line":12,"column":11},"end":{"line":16,"column":5}},"line":12}},"f":{"0":1}}
,"/home/runner/work/alf.io/alf.io/frontend/admin/src/test-utils/factories.ts": {"path":"/home/runner/work/alf.io/alf.io/frontend/admin/src/test-utils/factories.ts","all":false,"statementMap":{"18":{"start":{"line":19,"column":0},"end":{"line":19,"column":38}},"19":{"start":{"line":20,"column":0},"end":{"line":20,"column":45}},"20":{"start":{"line":21,"column":0},"end":{"line":21,"column":20}},"21":{"start":{"line":22,"column":0},"end":{"line":22,"column":12}},"22":{"start":{"line":23,"column":0},"end":{"line":23,"column":21}},"23":{"start":{"line":24,"column":0},"end":{"line":24,"column":17}},"24":{"start":{"line":25,"column":0},"end":{"line":25,"column":28}},"25":{"start":{"line":26,"column":0},"end":{"line":26,"column":35}},"26":{"start":{"line":27,"column":0},"end":{"line":27,"column":21}},"27":{"start":{"line":28,"column":0},"end":{"line":28,"column":6}},"28":{"start":{"line":29,"column":0},"end":{"line":29,"column":1}},"34":{"start":{"line":35,"column":0},"end":{"line":35,"column":38}},"35":{"start":{"line":36,"column":0},"end":{"line":36,"column":45}},"36":{"start":{"line":37,"column":0},"end":{"line":37,"column":20}},"37":{"start":{"line":38,"column":0},"end":{"line":38,"column":48}},"38":{"start":{"line":39,"column":0},"end":{"line":39,"column":12}},"39":{"start":{"line":40,"column":0},"end":{"line":40,"column":22}},"40":{"start":{"line":41,"column":0},"end":{"line":41,"column":43}},"41":{"start":{"line":42,"column":0},"end":{"line":42,"column":36}},"42":{"start":{"line":43,"column":0},"end":{"line":43,"column":43}},"43":{"start":{"line":44,"column":0},"end":{"line":44,"column":21}},"44":{"start":{"line":45,"column":0},"end":{"line":45,"column":6}},"45":{"start":{"line":46,"column":0},"end":{"line":46,"column":1}},"50":{"start":{"line":51,"column":0},"end":{"line":51,"column":43}},"51":{"start":{"line":52,"column":0},"end":{"line":52,"column":50}},"52":{"start":{"line":53,"column":0},"end":{"line":53,"column":25}},"53":{"start":{"line":54,"column":0},"end":{"line":54,"column":12}},"54":{"start":{"line":55,"column":0},"end":{"line":55,"column":27}},"55":{"start":{"line":56,"column":0},"end":{"line":56,"column":22}},"56":{"start":{"line":57,"column":0},"end":{"line":57,"column":21}},"57":{"start":{"line":58,"column":0},"end":{"line":58,"column":6}},"58":{"start":{"line":59,"column":0},"end":{"line":59,"column":1}},"63":{"start":{"line":64,"column":0},"end":{"line":64,"column":38}},"64":{"start":{"line":65,"column":0},"end":{"line":65,"column":45}},"65":{"start":{"line":66,"column":0},"end":{"line":66,"column":20}},"66":{"start":{"line":67,"column":0},"end":{"line":67,"column":12}},"67":{"start":{"line":68,"column":0},"end":{"line":68,"column":30}},"68":{"start":{"line":69,"column":0},"end":{"line":69,"column":17}},"69":{"start":{"line":70,"column":0},"end":{"line":70,"column":27}},"70":{"start":{"line":71,"column":0},"end":{"line":71,"column":23}},"71":{"start":{"line":72,"column":0},"end":{"line":72,"column":23}},"72":{"start":{"line":73,"column":0},"end":{"line":73,"column":28}},"73":{"start":{"line":74,"column":0},"end":{"line":74,"column":32}},"74":{"start":{"line":75,"column":0},"end":{"line":75,"column":22}},"75":{"start":{"line":76,"column":0},"end":{"line":76,"column":17}},"76":{"start":{"line":77,"column":0},"end":{"line":77,"column":29}},"77":{"start":{"line":78,"column":0},"end":{"line":78,"column":43}},"78":{"start":{"line":79,"column":0},"end":{"line":79,"column":30}},"79":{"start":{"line":80,"column":0},"end":{"line":80,"column":43}},"80":{"start":{"line":81,"column":0},"end":{"line":81,"column":46}},"81":{"start":{"line":82,"column":0},"end":{"line":82,"column":18}},"82":{"start":{"line":83,"column":0},"end":{"line":83,"column":14}},"83":{"start":{"line":84,"column":0},"end":{"line":84,"column":10}},"84":{"start":{"line":85,"column":0},"end":{"line":85,"column":21}},"85":{"start":{"line":86,"column":0},"end":{"line":86,"column":6}},"86":{"start":{"line":87,"column":0},"end":{"line":87,"column":1}},"91":{"start":{"line":92,"column":0},"end":{"line":92,"column":37}},"92":{"start":{"line":93,"column":0},"end":{"line":93,"column":44}},"93":{"start":{"line":94,"column":0},"end":{"line":94,"column":19}},"94":{"start":{"line":95,"column":0},"end":{"line":95,"column":12}},"95":{"start":{"line":96,"column":0},"end":{"line":96,"column":14}},"96":{"start":{"line":97,"column":0},"end":{"line":97,"column":20}},"97":{"start":{"line":98,"column":0},"end":{"line":98,"column":23}},"98":{"start":{"line":99,"column":0},"end":{"line":99,"column":19}},"99":{"start":{"line":100,"column":0},"end":{"line":100,"column":48}},"100":{"start":{"line":101,"column":0},"end":{"line":101,"column":71}},"101":{"start":{"line":102,"column":0},"end":{"line":102,"column":18}},"102":{"start":{"line":103,"column":0},"end":{"line":103,"column":29}},"103":{"start":{"line":104,"column":0},"end":{"line":104,"column":18}},"104":{"start":{"line":105,"column":0},"end":{"line":105,"column":24}},"105":{"start":{"line":106,"column":0},"end":{"line":106,"column":27}},"106":{"start":{"line":107,"column":0},"end":{"line":107,"column":54}},"107":{"start":{"line":108,"column":0},"end":{"line":108,"column":28}},"108":{"start":{"line":109,"column":0},"end":{"line":109,"column":29}},"109":{"start":{"line":110,"column":0},"end":{"line":110,"column":23}},"110":{"start":{"line":111,"column":0},"end":{"line":111,"column":23}},"111":{"start":{"line":112,"column":0},"end":{"line":112,"column":25}},"112":{"start":{"line":113,"column":0},"end":{"line":113,"column":24}},"113":{"start":{"line":114,"column":0},"end":{"line":114,"column":21}},"114":{"start":{"line":115,"column":0},"end":{"line":115,"column":6}},"115":{"start":{"line":116,"column":0},"end":{"line":116,"column":1}},"121":{"start":{"line":122,"column":0},"end":{"line":122,"column":33}},"122":{"start":{"line":123,"column":0},"end":{"line":123,"column":40}},"123":{"start":{"line":124,"column":0},"end":{"line":124,"column":15}},"124":{"start":{"line":125,"column":0},"end":{"line":125,"column":48}},"125":{"start":{"line":126,"column":0},"end":{"line":126,"column":12}},"126":{"start":{"line":127,"column":0},"end":{"line":127,"column":23}},"127":{"start":{"line":128,"column":0},"end":{"line":128,"column":14}},"128":{"start":{"line":129,"column":0},"end":{"line":129,"column":32}},"129":{"start":{"line":130,"column":0},"end":{"line":130,"column":34}},"130":{"start":{"line":131,"column":0},"end":{"line":131,"column":29}},"131":{"start":{"line":132,"column":0},"end":{"line":132,"column":24}},"132":{"start":{"line":133,"column":0},"end":{"line":133,"column":18}},"133":{"start":{"line":134,"column":0},"end":{"line":134,"column":37}},"134":{"start":{"line":135,"column":0},"end":{"line":135,"column":28}},"135":{"start":{"line":136,"column":0},"end":{"line":136,"column":24}},"136":{"start":{"line":137,"column":0},"end":{"line":137,"column":52}},"137":{"start":{"line":138,"column":0},"end":{"line":138,"column":36}},"138":{"start":{"line":139,"column":0},"end":{"line":139,"column":32}},"139":{"start":{"line":140,"column":0},"end":{"line":140,"column":25}},"140":{"start":{"line":141,"column":0},"end":{"line":141,"column":23}},"141":{"start":{"line":142,"column":0},"end":{"line":142,"column":19}},"142":{"start":{"line":143,"column":0},"end":{"line":143,"column":28}},"143":{"start":{"line":144,"column":0},"end":{"line":144,"column":22}},"144":{"start":{"line":145,"column":0},"end":{"line":145,"column":35}},"145":{"start":{"line":146,"column":0},"end":{"line":146,"column":22}},"146":{"start":{"line":147,"column":0},"end":{"line":147,"column":26}},"147":{"start":{"line":148,"column":0},"end":{"line":148,"column":27}},"148":{"start":{"line":149,"column":0},"end":{"line":149,"column":34}},"149":{"start":{"line":150,"column":0},"end":{"line":150,"column":29}},"150":{"start":{"line":151,"column":0},"end":{"line":151,"column":26}},"151":{"start":{"line":152,"column":0},"end":{"line":152,"column":26}},"152":{"start":{"line":153,"column":0},"end":{"line":153,"column":32}},"153":{"start":{"line":154,"column":0},"end":{"line":154,"column":30}},"154":{"start":{"line":155,"column":0},"end":{"line":155,"column":24}},"155":{"start":{"line":156,"column":0},"end":{"line":156,"column":47}},"156":{"start":{"line":157,"column":0},"end":{"line":157,"column":49}},"157":{"start":{"line":158,"column":0},"end":{"line":158,"column":25}},"158":{"start":{"line":159,"column":0},"end":{"line":159,"column":23}},"159":{"start":{"line":160,"column":0},"end":{"line":160,"column":27}},"160":{"start":{"line":161,"column":0},"end":{"line":161,"column":21}},"161":{"start":{"line":162,"column":0},"end":{"line":162,"column":6}},"162":{"start":{"line":163,"column":0},"end":{"line":163,"column":1}},"167":{"start":{"line":168,"column":0},"end":{"line":168,"column":35}},"168":{"start":{"line":169,"column":0},"end":{"line":169,"column":42}},"169":{"start":{"line":170,"column":0},"end":{"line":170,"column":17}},"170":{"start":{"line":171,"column":0},"end":{"line":171,"column":12}},"171":{"start":{"line":172,"column":0},"end":{"line":172,"column":14}},"172":{"start":{"line":173,"column":0},"end":{"line":173,"column":25}},"173":{"start":{"line":174,"column":0},"end":{"line":174,"column":30}},"174":{"start":{"line":175,"column":0},"end":{"line":175,"column":25}},"175":{"start":{"line":176,"column":0},"end":{"line":176,"column":19}},"176":{"start":{"line":177,"column":0},"end":{"line":177,"column":21}},"177":{"start":{"line":178,"column":0},"end":{"line":178,"column":6}},"178":{"start":{"line":179,"column":0},"end":{"line":179,"column":1}},"183":{"start":{"line":184,"column":0},"end":{"line":184,"column":44}},"184":{"start":{"line":185,"column":0},"end":{"line":185,"column":51}},"185":{"start":{"line":186,"column":0},"end":{"line":186,"column":26}},"186":{"start":{"line":187,"column":0},"end":{"line":187,"column":12}},"187":{"start":{"line":188,"column":0},"end":{"line":188,"column":34}},"188":{"start":{"line":189,"column":0},"end":{"line":189,"column":43}},"189":{"start":{"line":190,"column":0},"end":{"line":190,"column":21}},"190":{"start":{"line":191,"column":0},"end":{"line":191,"column":6}},"191":{"start":{"line":192,"column":0},"end":{"line":192,"column":1}},"196":{"start":{"line":197,"column":0},"end":{"line":197,"column":43}},"197":{"start":{"line":198,"column":0},"end":{"line":198,"column":13}},"198":{"start":{"line":199,"column":0},"end":{"line":199,"column":50}},"199":{"start":{"line":200,"column":0},"end":{"line":200,"column":25}},"200":{"start":{"line":201,"column":0},"end":{"line":201,"column":12}},"201":{"start":{"line":202,"column":0},"end":{"line":202,"column":22}},"202":{"start":{"line":203,"column":0},"end":{"line":203,"column":22}},"203":{"start":{"line":204,"column":0},"end":{"line":204,"column":29}},"204":{"start":{"line":205,"column":0},"end":{"line":205,"column":14}},"205":{"start":{"line":206,"column":0},"end":{"line":206,"column":21}},"206":{"start":{"line":207,"column":0},"end":{"line":207,"column":21}},"207":{"start":{"line":208,"column":0},"end":{"line":208,"column":6}},"208":{"start":{"line":209,"column":0},"end":{"line":209,"column":1}}},"s":{"18":1,"19":16,"20":16,"21":16,"22":16,"23":16,"24":16,"25":16,"26":16,"27":16,"28":16,"34":1,"35":15,"36":15,"37":15,"38":15,"39":15,"40":15,"41":15,"42":15,"43":15,"44":15,"45":15,"50":1,"51":3,"52":3,"53":3,"54":3,"55":3,"56":3,"57":3,"58":3,"63":1,"64":2,"65":2,"66":2,"67":2,"68":2,"69":2,"70":2,"71":2,"72":2,"73":2,"74":2,"75":2,"76":2,"77":2,"78":2,"79":2,"80":2,"81":2,"82":2,"83":2,"84":2,"85":2,"86":2,"91":1,"92":1,"93":1,"94":1,"95":1,"96":1,"97":1,"98":1,"99":1,"100":1,"101":1,"102":1,"103":1,"104":1,"105":1,"106":1,"107":1,"108":1,"109":1,"110":1,"111":1,"112":1,"113":1,"114":1,"115":1,"121":1,"122":2,"123":2,"124":2,"125":2,"126":2,"127":2,"128":2,"129":2,"130":2,"131":2,"132":2,"133":2,"134":2,"135":2,"136":2,"137":2,"138":2,"139":2,"140":2,"141":2,"142":2,"143":2,"144":2,"145":2,"146":2,"147":2,"148":2,"149":2,"150":2,"151":2,"152":2,"153":2,"154":2,"155":2,"156":2,"157":2,"158":2,"159":2,"160":2,"161":2,"162":2,"167":1,"168":2,"169":2,"170":2,"171":2,"172":2,"173":2,"174":2,"175":2,"176":2,"177":2,"178":2,"183":1,"184":1,"185":1,"186":1,"187":1,"188":1,"189":1,"190":1,"191":1,"196":1,"197":1,"198":1,"199":1,"200":1,"201":1,"202":1,"203":1,"204":1,"205":1,"206":1,"207":1,"208":1},"branchMap":{"0":{"type":"branch","line":19,"loc":{"start":{"line":19,"column":7},"end":{"line":29,"column":1}},"locations":[{"start":{"line":19,"column":7},"end":{"line":29,"column":1}}]},"1":{"type":"branch","line":35,"loc":{"start":{"line":35,"column":7},"end":{"line":46,"column":1}},"locations":[{"start":{"line":35,"column":7},"end":{"line":46,"column":1}}]},"2":{"type":"branch","line":51,"loc":{"start":{"line":51,"column":7},"end":{"line":59,"column":1}},"locations":[{"start":{"line":51,"column":7},"end":{"line":59,"column":1}}]},"3":{"type":"branch","line":64,"loc":{"start":{"line":64,"column":7},"end":{"line":87,"column":1}},"locations":[{"start":{"line":64,"column":7},"end":{"line":87,"column":1}}]},"4":{"type":"branch","line":92,"loc":{"start":{"line":92,"column":7},"end":{"line":116,"column":1}},"locations":[{"start":{"line":92,"column":7},"end":{"line":116,"column":1}}]},"5":{"type":"branch","line":122,"loc":{"start":{"line":122,"column":7},"end":{"line":163,"column":1}},"locations":[{"start":{"line":122,"column":7},"end":{"line":163,"column":1}}]},"6":{"type":"branch","line":168,"loc":{"start":{"line":168,"column":7},"end":{"line":179,"column":1}},"locations":[{"start":{"line":168,"column":7},"end":{"line":179,"column":1}}]},"7":{"type":"branch","line":184,"loc":{"start":{"line":184,"column":7},"end":{"line":192,"column":1}},"locations":[{"start":{"line":184,"column":7},"end":{"line":192,"column":1}}]},"8":{"type":"branch","line":197,"loc":{"start":{"line":197,"column":7},"end":{"line":209,"column":1}},"locations":[{"start":{"line":197,"column":7},"end":{"line":209,"column":1}}]}},"b":{"0":[16],"1":[15],"2":[3],"3":[2],"4":[1],"5":[2],"6":[2],"7":[1],"8":[1]},"fnMap":{"0":{"name":"createContentLanguage","decl":{"start":{"line":19,"column":7},"end":{"line":29,"column":1}},"loc":{"start":{"line":19,"column":7},"end":{"line":29,"column":1}},"line":19},"1":{"name":"createPurchaseContext","decl":{"start":{"line":35,"column":7},"end":{"line":46,"column":1}},"loc":{"start":{"line":35,"column":7},"end":{"line":46,"column":1}},"line":35},"2":{"name":"createDateTimeModification","decl":{"start":{"line":51,"column":7},"end":{"line":59,"column":1}},"loc":{"start":{"line":51,"column":7},"end":{"line":59,"column":1}},"line":51},"3":{"name":"createAdditionalField","decl":{"start":{"line":64,"column":7},"end":{"line":87,"column":1}},"loc":{"start":{"line":64,"column":7},"end":{"line":87,"column":1}},"line":64},"4":{"name":"createAdditionalItem","decl":{"start":{"line":92,"column":7},"end":{"line":116,"column":1}},"loc":{"start":{"line":92,"column":7},"end":{"line":116,"column":1}},"line":92},"5":{"name":"createAlfioEvent","decl":{"start":{"line":122,"column":7},"end":{"line":163,"column":1}},"loc":{"start":{"line":122,"column":7},"end":{"line":163,"column":1}},"line":122},"6":{"name":"createOrganization","decl":{"start":{"line":168,"column":7},"end":{"line":179,"column":1}},"loc":{"start":{"line":168,"column":7},"end":{"line":179,"column":1}},"line":168},"7":{"name":"createEventWithOrganization","decl":{"start":{"line":184,"column":7},"end":{"line":192,"column":1}},"loc":{"start":{"line":184,"column":7},"end":{"line":192,"column":1}},"line":184},"8":{"name":"createValidatedResponse","decl":{"start":{"line":197,"column":7},"end":{"line":209,"column":1}},"loc":{"start":{"line":197,"column":7},"end":{"line":209,"column":1}},"line":197}},"f":{"0":16,"1":15,"2":3,"3":2,"4":1,"5":2,"6":2,"7":1,"8":1}}
,"/home/runner/work/alf.io/alf.io/frontend/admin/src/test-utils/mocks.ts": {"path":"/home/runner/work/alf.io/alf.io/frontend/admin/src/test-utils/mocks.ts","all":false,"statementMap":{"0":{"start":{"line":1,"column":0},"end":{"line":1,"column":28}},"6":{"start":{"line":7,"column":0},"end":{"line":7,"column":52}},"7":{"start":{"line":8,"column":0},"end":{"line":8,"column":54}},"8":{"start":{"line":9,"column":0},"end":{"line":9,"column":17}},"9":{"start":{"line":10,"column":0},"end":{"line":10,"column":46}},"10":{"start":{"line":11,"column":0},"end":{"line":11,"column":8}},"11":{"start":{"line":12,"column":0},"end":{"line":12,"column":1}},"17":{"start":{"line":18,"column":0},"end":{"line":18,"column":56}},"18":{"start":{"line":19,"column":0},"end":{"line":19,"column":58}},"19":{"start":{"line":20,"column":0},"end":{"line":20,"column":17}},"20":{"start":{"line":21,"column":0},"end":{"line":21,"column":46}},"21":{"start":{"line":22,"column":0},"end":{"line":22,"column":8}},"22":{"start":{"line":23,"column":0},"end":{"line":23,"column":1}},"28":{"start":{"line":29,"column":0},"end":{"line":29,"column":106}},"29":{"start":{"line":30,"column":0},"end":{"line":30,"column":59}},"30":{"start":{"line":31,"column":0},"end":{"line":31,"column":54}},"31":{"start":{"line":32,"column":0},"end":{"line":32,"column":11}},"32":{"start":{"line":33,"column":0},"end":{"line":33,"column":15}},"33":{"start":{"line":34,"column":0},"end":{"line":34,"column":46}},"34":{"start":{"line":35,"column":0},"end":{"line":35,"column":8}},"35":{"start":{"line":36,"column":0},"end":{"line":36,"column":1}},"41":{"start":{"line":42,"column":0},"end":{"line":42,"column":95}},"42":{"start":{"line":43,"column":0},"end":{"line":43,"column":54}},"43":{"start":{"line":44,"column":0},"end":{"line":44,"column":52}},"44":{"start":{"line":45,"column":0},"end":{"line":45,"column":51}},"46":{"start":{"line":47,"column":0},"end":{"line":47,"column":53}},"47":{"start":{"line":48,"column":0},"end":{"line":48,"column":44}},"48":{"start":{"line":49,"column":0},"end":{"line":49,"column":49}},"50":{"start":{"line":51,"column":0},"end":{"line":51,"column":42}},"51":{"start":{"line":52,"column":0},"end":{"line":52,"column":41}},"52":{"start":{"line":53,"column":0},"end":{"line":53,"column":1}},"58":{"start":{"line":59,"column":0},"end":{"line":59,"column":39}},"59":{"start":{"line":60,"column":0},"end":{"line":60,"column":113}},"60":{"start":{"line":61,"column":0},"end":{"line":61,"column":1}},"66":{"start":{"line":67,"column":0},"end":{"line":67,"column":58}},"67":{"start":{"line":68,"column":0},"end":{"line":68,"column":56}},"68":{"start":{"line":69,"column":0},"end":{"line":69,"column":1}},"74":{"start":{"line":75,"column":0},"end":{"line":75,"column":40}},"75":{"start":{"line":76,"column":0},"end":{"line":76,"column":25}},"76":{"start":{"line":77,"column":0},"end":{"line":77,"column":26}},"77":{"start":{"line":78,"column":0},"end":{"line":78,"column":1}}},"s":{"0":1,"6":1,"7":2,"8":2,"9":2,"10":2,"11":2,"17":1,"18":1,"19":1,"20":1,"21":1,"22":1,"28":1,"29":1,"30":1,"31":1,"32":1,"33":1,"34":1,"35":1,"41":1,"42":1,"43":1,"44":1,"46":1,"47":1,"48":1,"50":1,"51":1,"52":1,"58":1,"59":1,"60":1,"66":1,"67":1,"68":1,"74":1,"75":5,"76":5,"77":5},"branchMap":{"0":{"type":"branch","line":7,"loc":{"start":{"line":7,"column":7},"end":{"line":12,"column":1}},"locations":[{"start":{"line":7,"column":7},"end":{"line":12,"column":1}}]},"1":{"type":"branch","line":18,"loc":{"start":{"line":18,"column":7},"end":{"line":23,"column":1}},"locations":[{"start":{"line":18,"column":7},"end":{"line":23,"column":1}}]},"2":{"type":"branch","line":29,"loc":{"start":{"line":29,"column":7},"end":{"line":36,"column":1}},"locations":[{"start":{"line":29,"column":7},"end":{"line":36,"column":1}}]},"3":{"type":"branch","line":42,"loc":{"start":{"line":42,"column":7},"end":{"line":53,"column":1}},"locations":[{"start":{"line":42,"column":7},"end":{"line":53,"column":1}}]},"4":{"type":"branch","line":59,"loc":{"start":{"line":59,"column":7},"end":{"line":61,"column":1}},"locations":[{"start":{"line":59,"column":7},"end":{"line":61,"column":1}}]},"5":{"type":"branch","line":60,"loc":{"start":{"line":60,"column":92},"end":{"line":60,"column":111}},"locations":[{"start":{"line":60,"column":92},"end":{"line":60,"column":111}}]},"6":{"type":"branch","line":67,"loc":{"start":{"line":67,"column":7},"end":{"line":69,"column":1}},"locations":[{"start":{"line":67,"column":7},"end":{"line":69,"column":1}}]},"7":{"type":"branch","line":75,"loc":{"start":{"line":75,"column":7},"end":{"line":78,"column":1}},"locations":[{"start":{"line":75,"column":7},"end":{"line":78,"column":1}}]}},"b":{"0":[2],"1":[1],"2":[1],"3":[1],"4":[1],"5":[2],"6":[1],"7":[5]},"fnMap":{"0":{"name":"mockFetchJson","decl":{"start":{"line":7,"column":7},"end":{"line":12,"column":1}},"loc":{"start":{"line":7,"column":7},"end":{"line":12,"column":1}},"line":7},"1":{"name":"mockFetchJsonOnce","decl":{"start":{"line":18,"column":7},"end":{"line":23,"column":1}},"loc":{"start":{"line":18,"column":7},"end":{"line":23,"column":1}},"line":18},"2":{"name":"mockFetchResponse","decl":{"start":{"line":29,"column":7},"end":{"line":36,"column":1}},"loc":{"start":{"line":29,"column":7},"end":{"line":36,"column":1}},"line":29},"3":{"name":"mockCsrfMeta","decl":{"start":{"line":42,"column":7},"end":{"line":53,"column":1}},"loc":{"start":{"line":42,"column":7},"end":{"line":53,"column":1}},"line":42},"4":{"name":"clearCsrfMeta","decl":{"start":{"line":59,"column":7},"end":{"line":61,"column":1}},"loc":{"start":{"line":59,"column":7},"end":{"line":61,"column":1}},"line":59},"5":{"name":"getFetchMock","decl":{"start":{"line":67,"column":7},"end":{"line":69,"column":1}},"loc":{"start":{"line":67,"column":7},"end":{"line":69,"column":1}},"line":67},"6":{"name":"resetFetchMock","decl":{"start":{"line":75,"column":7},"end":{"line":78,"column":1}},"loc":{"start":{"line":75,"column":7},"end":{"line":78,"column":1}},"line":75}},"f":{"0":2,"1":1,"2":1,"3":1,"4":1,"5":1,"6":5}}
}
